<?xml version="1.0" encoding="UTF-8"?>
<robot generator="Robot 3.2.2 (Python 3.11.2 on win32)" generated="20230327 15:55:30.090" rpa="false">
<suite id="s1" name="002 DriverLogin" source="C:\Users\mohamed.ali\PycharmProjects\Android_Project\Tests\002_DriverLogin.robot">
<test id="s1-t1" name="Login As Driver">
<kw name="Open MobilCare Device" library="Android-res">
<kw name="Open The MobilCare Application" library="Android-res">
<arguments>
<arg>${Appium_Port_Device1}</arg>
<arg>${deviceOne}</arg>
</arguments>
<kw name="Open Application" library="AppiumLibrary">
<doc>Opens a new application to given Appium server.
Capabilities of appium server, Android and iOS,
Please check https://github.com/appium/appium/blob/master/docs/en/writing-running-appium/server-args.md
| *Option*            | *Man.* | *Description*     |
| remote_url          | Yes    | Appium server url |
| alias               | no     | alias             |
| strict_ssl          | No     | allows you to send commands to an invalid certificate host like a self-signed one. |</doc>
<arguments>
<arg>http://localhost:${Appium_Port}/wd/hub</arg>
<arg>platformName=android</arg>
<arg>deviceName=${deviceName}</arg>
<arg>appPackage=com.dsquares.mobilcare.test</arg>
<arg>appActivity=com.dsquares.mobilcare.launch.LaunchActivity</arg>
<arg>automationName=Uiautomator2</arg>
</arguments>
<status status="PASS" starttime="20230327 15:55:30.274" endtime="20230327 15:55:39.201"></status>
</kw>
<status status="PASS" starttime="20230327 15:55:30.274" endtime="20230327 15:55:39.201"></status>
</kw>
<kw name="Open The MobilCare Application" library="Android-res">
<kw name="Open Application" library="AppiumLibrary">
<doc>Opens a new application to given Appium server.
Capabilities of appium server, Android and iOS,
Please check https://github.com/appium/appium/blob/master/docs/en/writing-running-appium/server-args.md
| *Option*            | *Man.* | *Description*     |
| remote_url          | Yes    | Appium server url |
| alias               | no     | alias             |
| strict_ssl          | No     | allows you to send commands to an invalid certificate host like a self-signed one. |</doc>
<arguments>
<arg>http://localhost:${Appium_Port}/wd/hub</arg>
<arg>platformName=android</arg>
<arg>deviceName=${deviceName}</arg>
<arg>appPackage=com.dsquares.mobilcare.test</arg>
<arg>appActivity=com.dsquares.mobilcare.launch.LaunchActivity</arg>
<arg>automationName=Uiautomator2</arg>
</arguments>
<status status="PASS" starttime="20230327 15:55:39.202" endtime="20230327 15:55:51.104"></status>
</kw>
<status status="PASS" starttime="20230327 15:55:39.202" endtime="20230327 15:55:51.104"></status>
</kw>
<kw name="Grant Access Foreground Message" library="Android-res">
<kw name="Wait Until Page Contains Element" library="AppiumLibrary">
<doc>Waits until element specified with `locator` appears on current page.</doc>
<arguments>
<arg>${Foreground_Permission_Button}</arg>
</arguments>
<msg timestamp="20230327 15:55:51.674" level="INFO">criteria is com.android.permissioncontroller:id/permission_allow_foreground_only_button</msg>
<status status="PASS" starttime="20230327 15:55:51.105" endtime="20230327 15:55:51.676"></status>
</kw>
<kw name="Click Element" library="AppiumLibrary">
<doc>Click element identified by `locator`.</doc>
<arguments>
<arg>${Foreground_Permission_Button}</arg>
</arguments>
<msg timestamp="20230327 15:55:51.678" level="INFO">Clicking element 'id=com.android.permissioncontroller:id/permission_allow_foreground_only_button'.</msg>
<msg timestamp="20230327 15:55:51.786" level="INFO">criteria is com.android.permissioncontroller:id/permission_allow_foreground_only_button</msg>
<status status="PASS" starttime="20230327 15:55:51.676" endtime="20230327 15:55:51.786"></status>
</kw>
<status status="PASS" starttime="20230327 15:55:51.105" endtime="20230327 15:55:51.786"></status>
</kw>
<status status="PASS" starttime="20230327 15:55:30.274" endtime="20230327 15:55:51.787"></status>
</kw>
<kw name="Login with Driver Account" library="Driver-res">
<arguments>
<arg>${Driver}[Num]</arg>
<arg>${Driver}[OTP]</arg>
</arguments>
<kw name="Input User Number and Click Continue" library="Android-res">
<arguments>
<arg>${Num}</arg>
</arguments>
<kw name="Wait Until Page Contains Element" library="AppiumLibrary">
<doc>Waits until element specified with `locator` appears on current page.</doc>
<arguments>
<arg>${Phone_Number_Field}</arg>
<arg>10</arg>
</arguments>
<msg timestamp="20230327 15:55:53.952" level="INFO">criteria is com.dsquares.mobilcare.test:id/login_editText
criteria is com.dsquares.mobilcare.test:id/login_editText
criteria is com.dsquares.mobilcare.test:id/login_editText</msg>
<status status="PASS" starttime="20230327 15:55:51.789" endtime="20230327 15:55:53.952"></status>
</kw>
<kw name="Input Text" library="AppiumLibrary">
<doc>Types the given `text` into text field identified by `locator`.</doc>
<arguments>
<arg>${Phone_Number_Field}</arg>
<arg>${Num}</arg>
</arguments>
<msg timestamp="20230327 15:55:53.954" level="INFO">Typing text '01284151546' into text field 'id=com.dsquares.mobilcare.test:id/login_editText'</msg>
<msg timestamp="20230327 15:55:54.511" level="INFO">criteria is com.dsquares.mobilcare.test:id/login_editText</msg>
<status status="PASS" starttime="20230327 15:55:53.952" endtime="20230327 15:55:54.511"></status>
</kw>
<kw name="Click Element" library="AppiumLibrary">
<doc>Click element identified by `locator`.</doc>
<arguments>
<arg>${Continue_Button}</arg>
</arguments>
<msg timestamp="20230327 15:55:54.513" level="INFO">Clicking element 'id=com.dsquares.mobilcare.test:id/continue_button'.</msg>
<msg timestamp="20230327 15:55:55.059" level="INFO">criteria is com.dsquares.mobilcare.test:id/continue_button</msg>
<status status="PASS" starttime="20230327 15:55:54.511" endtime="20230327 15:55:55.059"></status>
</kw>
<status status="PASS" starttime="20230327 15:55:51.788" endtime="20230327 15:55:55.059"></status>
</kw>
<kw name="Input OTP and Click Continue" library="Android-res">
<arguments>
<arg>${OTP}</arg>
</arguments>
<kw name="Wait Until Page Contains Element" library="AppiumLibrary">
<doc>Waits until element specified with `locator` appears on current page.</doc>
<arguments>
<arg>${OTP_Field}</arg>
<arg>15</arg>
</arguments>
<msg timestamp="20230327 15:55:58.636" level="INFO">criteria is com.dsquares.mobilcare.test:id/otp_pin_view
criteria is com.dsquares.mobilcare.test:id/otp_pin_view
criteria is com.dsquares.mobilcare.test:id/otp_pin_view
criteria is com.dsquares.mobilcare.test:id/otp_pin_view
criteria is com.dsquares.mobilcare.test:id/otp_pin_view
criteria is com.dsquares.mobilcare.test:id/otp_pin_view
criteria is com.dsquares.mobilcare.test:id/otp_pin_view
criteria is com.dsquares.mobilcare.test:id/otp_pin_view
criteria is com.dsquares.mobilcare.test:id/otp_pin_view
criteria is com.dsquares.mobilcare.test:id/otp_pin_view</msg>
<status status="PASS" starttime="20230327 15:55:55.060" endtime="20230327 15:55:58.637"></status>
</kw>
<kw name="Input Text" library="AppiumLibrary">
<doc>Types the given `text` into text field identified by `locator`.</doc>
<arguments>
<arg>${OTP_Field}</arg>
<arg>${OTP}</arg>
</arguments>
<msg timestamp="20230327 15:55:58.638" level="INFO">Typing text '21345' into text field 'id=com.dsquares.mobilcare.test:id/otp_pin_view'</msg>
<msg timestamp="20230327 15:55:58.678" level="INFO">criteria is com.dsquares.mobilcare.test:id/otp_pin_view</msg>
<status status="PASS" starttime="20230327 15:55:58.637" endtime="20230327 15:55:58.678"></status>
</kw>
<kw name="Click Element" library="AppiumLibrary">
<doc>Click element identified by `locator`.</doc>
<arguments>
<arg>${Continue_Button}</arg>
</arguments>
<msg timestamp="20230327 15:55:58.680" level="INFO">Clicking element 'id=com.dsquares.mobilcare.test:id/continue_button'.</msg>
<msg timestamp="20230327 15:55:59.574" level="INFO">criteria is com.dsquares.mobilcare.test:id/continue_button</msg>
<status status="PASS" starttime="20230327 15:55:58.678" endtime="20230327 15:55:59.574"></status>
</kw>
<status status="PASS" starttime="20230327 15:55:55.059" endtime="20230327 15:55:59.574"></status>
</kw>
<status status="PASS" starttime="20230327 15:55:51.787" endtime="20230327 15:55:59.575"></status>
</kw>
<kw name="Login Driver Successful" library="Driver-res">
<kw name="Wait Until Page Contains Element" library="AppiumLibrary">
<doc>Waits until element specified with `locator` appears on current page.</doc>
<arguments>
<arg>${Home_Icon}</arg>
<arg>15</arg>
</arguments>
<msg timestamp="20230327 15:56:09.355" level="INFO">criteria is com.dsquares.mobilcare.test:id/driver_home_fragment
criteria is com.dsquares.mobilcare.test:id/driver_home_fragment
criteria is com.dsquares.mobilcare.test:id/driver_home_fragment
criteria is com.dsquares.mobilcare.test:id/driver_home_fragment
criteria is com.dsquares.mobilcare.test:id/driver_home_fragment
criteria is com.dsquares.mobilcare.test:id/driver_home_fragment
criteria is com.dsquares.mobilcare.test:id/driver_home_fragment
criteria is com.dsquares.mobilcare.test:id/driver_home_fragment
criteria is com.dsquares.mobilcare.test:id/driver_home_fragment
criteria is com.dsquares.mobilcare.test:id/driver_home_fragment
criteria is com.dsquares.mobilcare.test:id/driver_home_fragment
criteria is com.dsquares.mobilcare.test:id/driver_home_fragment
criteria is com.dsquares.mobilcare.test:id/driver_home_fragment
criteria is com.dsquares.mobilcare.test:id/driver_home_fragment
criteria is com.dsquares.mobilcare.test:id/driver_home_fragment
criteria is com.dsquares.mobilcare.test:id/driver_home_fragment
criteria is com.dsquares.mobilcare.test:id/driver_home_fragment
criteria is com.dsquares.mobilcare.test:id/driver_home_fragment
criteria is com.dsquares.mobilcare.test:id/driver_home_fragment
criteria is com.dsquares.mobilcare.test:id/driver_home_fragment
criteria is com.dsquares.mobilcare.test:id/driver_home_fragment
criteria is com.dsquares.mobilcare.test:id/driver_home_fragment
criteria is com.dsquares.mobilcare.test:id/driver_home_fragment
criteria is com.dsquares.mobilcare.test:id/driver_home_fragment</msg>
<status status="PASS" starttime="20230327 15:55:59.575" endtime="20230327 15:56:09.356"></status>
</kw>
<kw name="Wait Until Page Contains Element" library="AppiumLibrary">
<doc>Waits until element specified with `locator` appears on current page.</doc>
<arguments>
<arg>${Points_Bar}</arg>
<arg>15</arg>
</arguments>
<msg timestamp="20230327 15:56:16.594" level="INFO">criteria is com.dsquares.mobilcare.test:id/points_holder
criteria is com.dsquares.mobilcare.test:id/points_holder
criteria is com.dsquares.mobilcare.test:id/points_holder
criteria is com.dsquares.mobilcare.test:id/points_holder
criteria is com.dsquares.mobilcare.test:id/points_holder
criteria is com.dsquares.mobilcare.test:id/points_holder
criteria is com.dsquares.mobilcare.test:id/points_holder
criteria is com.dsquares.mobilcare.test:id/points_holder
criteria is com.dsquares.mobilcare.test:id/points_holder
criteria is com.dsquares.mobilcare.test:id/points_holder
criteria is com.dsquares.mobilcare.test:id/points_holder
criteria is com.dsquares.mobilcare.test:id/points_holder
criteria is com.dsquares.mobilcare.test:id/points_holder
criteria is com.dsquares.mobilcare.test:id/points_holder
criteria is com.dsquares.mobilcare.test:id/points_holder
criteria is com.dsquares.mobilcare.test:id/points_holder
criteria is com.dsquares.mobilcare.test:id/points_holder
criteria is com.dsquares.mobilcare.test:id/points_holder
criteria is com.dsquares.mobilcare.test:id/points_holder
criteria is com.dsquares.mobilcare.test:id/points_holder
criteria is com.dsquares.mobilcare.test:id/points_holder
criteria is com.dsquares.mobilcare.test:id/points_holder
criteria is com.dsquares.mobilcare.test:id/points_holder
criteria is com.dsquares.mobilcare.test:id/points_holder</msg>
<status status="PASS" starttime="20230327 15:56:09.356" endtime="20230327 15:56:16.595"></status>
</kw>
<status status="PASS" starttime="20230327 15:55:59.575" endtime="20230327 15:56:16.595"></status>
</kw>
<kw name="Logout with Driver User" library="Driver-res">
<kw name="Click Element" library="AppiumLibrary">
<doc>Click element identified by `locator`.</doc>
<arguments>
<arg>${Driver_Avatar_Icon}</arg>
</arguments>
<msg timestamp="20230327 15:56:16.597" level="INFO">Clicking element 'id=com.dsquares.mobilcare.test:id/driverAvatar'.</msg>
<msg timestamp="20230327 15:56:16.655" level="INFO">criteria is com.dsquares.mobilcare.test:id/driverAvatar</msg>
<status status="PASS" starttime="20230327 15:56:16.595" endtime="20230327 15:56:16.655"></status>
</kw>
<kw name="Wait Until Page Contains Element" library="AppiumLibrary">
<doc>Waits until element specified with `locator` appears on current page.</doc>
<arguments>
<arg>${Logout_Button}</arg>
</arguments>
<msg timestamp="20230327 15:56:18.040" level="INFO">criteria is com.dsquares.mobilcare.test:id/logoutTv
criteria is com.dsquares.mobilcare.test:id/logoutTv</msg>
<status status="PASS" starttime="20230327 15:56:16.656" endtime="20230327 15:56:18.040"></status>
</kw>
<kw name="Click Element" library="AppiumLibrary">
<doc>Click element identified by `locator`.</doc>
<arguments>
<arg>${Logout_Button}</arg>
</arguments>
<msg timestamp="20230327 15:56:18.042" level="INFO">Clicking element 'id=com.dsquares.mobilcare.test:id/logoutTv'.</msg>
<msg timestamp="20230327 15:56:18.108" level="INFO">criteria is com.dsquares.mobilcare.test:id/logoutTv</msg>
<status status="PASS" starttime="20230327 15:56:18.040" endtime="20230327 15:56:18.108"></status>
</kw>
<kw name="Wait Until Page Contains Element" library="AppiumLibrary">
<doc>Waits until element specified with `locator` appears on current page.</doc>
<arguments>
<arg>${Logout_Button}</arg>
</arguments>
<msg timestamp="20230327 15:56:18.146" level="INFO">criteria is com.dsquares.mobilcare.test:id/logoutTv</msg>
<status status="PASS" starttime="20230327 15:56:18.108" endtime="20230327 15:56:18.146"></status>
</kw>
<kw name="Click Element" library="AppiumLibrary">
<doc>Click element identified by `locator`.</doc>
<arguments>
<arg>${Logout_Button}</arg>
</arguments>
<msg timestamp="20230327 15:56:18.149" level="INFO">Clicking element 'id=com.dsquares.mobilcare.test:id/logoutTv'.</msg>
<kw name="Capture Page Screenshot" library="AppiumLibrary">
<doc>Takes a screenshot of the current page and embeds it into the log.</doc>
<msg timestamp="20230327 15:56:19.698" level="INFO" html="yes">&lt;/td&gt;&lt;/tr&gt;&lt;tr&gt;&lt;td colspan="3"&gt;&lt;img src="data:image/png;base64, iVBORw0KGgoAAAANSUhEUgAABDgAAAeACAYAAAArYecKAAAAAXNSR0IArs4c6QAAAARzQklUCAgI
CHwIZIgAACAASURBVHic7N15kJXVnfj/z22apVmbRUAWRVBAUEENUcjiQqIZozWOjkzMmEicZKKJ
NVmYLBWtaH1jZiZjTCaTiklmKnFMNE5wJiblbsQFDW4gi7KKssraNGtvdNPP7w+q748rDTR0325O
5vWqoqq7ufd5TtMX9Hnf85yTy7IsCwAAAICElXT0AAAAAABaS+AAAAAAkidwAAAAAMkTOAAAAIDk
CRwAAABA8gQOAAAAIHkCBwAAAJA8gQMAAABInsABAAAAJE/gAAAAAJIncAAAAADJK+3oAQDF19jY
GDt27Ij58+fHkiVLYuPGjbFnz57Isix69uwZgwcPjnHjxsU555wTffv2jZIS7RMAAEhLLsuyrKMH
wfFt37590alTp2h6qeRyufzXOL6tX78+7rvvvli7dm00NjbGkf6653K5KCkpiaFDh8Z1110XJ598
cjuNtG1kWRa1tbWxZs2a2LRpU+zZsyeqq6sjy7Lo3r179OzZM/r37x8nn3xy9OrVS8gBAIA/IwIH
B2l6t//WW2+NLMuisbGx2ceVlJRELpeLO+64I8rLy10sHke2bdsWt9xyyxGDxpHkcrm4++67j+uf
bWNjY+zatSuWLVsWq1atijVr1kRNTU3U1dVFQ0ND7Nu3LyIiOnXqFJ06dYouXbpEWVlZDBgwIM44
44yYOHFidO/evYO/CwAAiqm6ujrWr18f69ati5qamli3bl1UV1fnf7979+4xfPjwKCsri+HDh8ew
YcOS/3/EdevWxfDhw4t+jpkzZx72MdOmTSv6OJoIHORlWRa33357bN68+agvjHO5XAwaNChuv/32
yOVyRRohR1JfXx933nlnrF27ttVxo8l5550XN9xwQ5scq63t2bMnFixYEHPnzo2Kioqoqqoq+A/V
4XTp0iV69+4dQ4YMibPPPjvOPPPM6Nmzp9cvAMCfiW3btsWCBQtiwYIFsWLFiqN+/ujRo2PixIkx
ceLE6N+/fxFGWDxz5syJl156KWbMmFHU86xYsSLuuuuuwz5mxowZMXr06KKOo4k1OIiIiF//+tfx
4osvHvPzsyyLTZs2xY033hgf/OAH41Of+lQbjq79PPvss/H444/HkCFD4m//9m/jhBNO6OghtVhF
RUXcdttt0dDQ0KbHXbhwYWRZFrlcLurq6qJr165tevxjUVdXF2+//Xa8/PLL8c4770RlZWV+pkZL
7d27NyoqKmLHjh2xcePGWLRoUVx44YUxatSo6Ny5c5FGDgBAsa1YsSJmzZoVCxYsaPVxVqxYETNn
zoyJEyfG1KlT2+1CvTXmzJkT9957bxJjbWsCx/9xWZbFF7/4xaO+ODycF198MV566aX4yU9+ktS7
4bt3746HH344qqqqYufOnfH000/Htdde29HDapFFixbF3Xff3WazNg5UV1cXu3fvjt69e8cTTzwR
w4YNi3PPPbfNz9NSe/bsifnz58fzzz8fW7Zsibq6uoLfz+Vy0bt37zjppJOiW7duERFRW1ub/7lu
37694LarhoaG2Lp1a+zYsSN27doVH/3oR+P000/PPxcAgDSsWLEiHn744WOarXEkTTNBRo8eHVdc
ccVxGw+a4kaxrFu3LhYuXJj/fNu2bUd8zksvvVTwM5kwYULRbllxi8r/YVmWxU033VSUi+KI/Rea
P/3pT5OIHHV1dfEf//Ef8eabb+a/1qNHj/ja174WJ554YgeO7Mjeeeed+Nd//dei/RwjIj7zmc/E
+eefHwsWLIif/exn8aUvfSlOP/30op3vUHbv3h2vv/56zJo1KzZv3lzwe926dYszzzwzRowYEYMH
D47evXtHaen+htvQ0BD19fVRV1cXu3btik2bNsWiRYti06ZNBXGvpKQkhg8fHhdffHGceeaZ0aNH
j3b9/gAAOHrV1dVx7733tnrGxtGYMmVKXHPNNcfVOh3vjRujR49u01tUHn744XjkkUfa5FiXX355
XHHFFW1yrAO16wyOurq6WLNmTaxfvz52794dEfsvIgcPHhwjRoyInj17tvk533nnnUMuknkoffv2
PaZ7rBobG2P79u1RXV0ddXV1ceKJJx63F0iNjY3xhS98oagXxU0B5XhfpDIiYunSpbF8+fKCr1VV
VcWvfvWr+NKXvnTcvpu/Y8eOoseNiP3F+vzzz4/y8vLIsix+9KMfxT/90z9Fv379inreAzXFjWee
eaYgbnTp0iVGjhwZ73vf+2LkyJHRr1+/KCsrO+Rx9u3bF7t3746xY8fGW2+9FQsWLIhNmzZFQ0ND
NDY2xtq1a+Opp56KLMtiwoQJx9V/tAAAKLRu3br4wQ9+0OJ12NrKnDlzYsGCBfHVr3613RbQPNJ4
ijlzIyJi1qxZbXasZ555Jt3A0djYGLNnz44nnngitm/f3uxjunXrFhdffHFccsklh704Odrzfu97
3zvq502bNi2mTp3aosfW19fHkiVLYt68ebFkyZJ8uImI+MY3vhEjR4486vMXW5ZlRY8b7z3X8TyT
o6amJp5++umor68/6PdWr14db775Zrzvfe/rgJEd3r59++L2229vl5/jxo0bI8uy2Lt3b0Ts/7ne
dttt8W//9m/tsl3w3r17Y8WKFfHss8/Gpk2b8l/v06dPTJ48Oc4666wYPnx4dOnS5YjH6tSpU5SX
l0d5eXkMGTIkRowYEc8991y89dZbUVdXF1mWxbvvvhuzZ8+O8vLyGDNmzHEf6AAA/i9qj4v6w6mu
ro477rgjrr/++pgyZUqHjaO9/hxqamra7FjFClJFDxx1dXVx7733xrx58w77uNra2njsscfijTfe
iJtvvjnKy8tbfe49e/a0+hiHs3Llyvjv//7vWLduXVHP09ZuvPHGdj1flmVx4403xs9//vN2PW9L
ZFkWc+bMiVWrVjX7+42NjfHHP/4xRo8eHb17927n0R3eAw880Kb/yBzO7t27I5fLFcSFvXv3xj33
3BOf/exni37+TZs2xauvvhobN26MiP23P/Xr1y8+/OEPx3nnnRd9+/YteHyWZbFnz57YunVrVFVV
RcT+2WInnHBCwU4pvXv3jvHjx0f37t3j2WefjTfffDP/Z7p27dqYO3dulJeXH/e3KQEA/F9z7733
xpw5czp6GBGxfyw1NTUtfpO8LXV05DneFD1wzJw5syBuTJ06NSZNmhQDBgyIXC4XO3bsiMWLF8cj
jzwSe/fujXXr1sU999wTX/rSl1r9rmnThU3E/n2NW7pmwHsvlprz8ssvxz333FPwtR49esQZZ5wR
gwYNiu7du7foOO1t7dq1HXbuVatWxSmnnNJh52/Orl274sUXXzzsziNr166Nl19+OT7ykY8cV+/k
t2bXm6PV9Ofz3gWb5s6dW/TAUVVVFcuWLYu33norIvbHjQEDBuTjRp8+ffKPra+vj9WrV8eyZcui
srIyduzYEbW1tRGxf5ZYeXl59OvXL84444wYPnx4lJaWRklJSYwaNSpKS0ujvr4+li5dGnV1ddHQ
0BBvvPFGnHjiidG7d+/j9nYzAID/a+bMmXPcxI0mM2fOjLKysnadydFc3Bg2bFisX7++3cZwvClq
4Fi+fHnBRdjnPve5g6b69+zZM4YNGxYjR46M73//+xERsWzZsnjzzTfjrLPOatX5D7xd5NRTT42/
//u/b9XxmixcuLAgbgwdOjT+8i//MsaNG3dcby+ZZVl897vf7bDz/8u//Ev87Gc/O25uVcmyLGbP
nl0wK6E5jY2N8cILL8TZZ5993Gwbe8sttxz21pRD/Rkf6+0sXbp0iSzLYs2aNQcd7x//8R/zf3fb
WpZlsXbt2liwYEE+WPbu3TvOOeecOP/88/OzarIsi127dsVrr70Wb7zxRqxevTofNt6rW7dusXr1
6jj99NNj0qRJ0bt378jlcnHyySfHBRdcEDt27Ii1a9dGY2Nj7Ny5M+bPnx/Dhw+PMWPGFOV7BADg
6BRjl5S2sGLFinYLHM3Fjeuvvz62bdsmcBTLK6+8kv94ypQph13H4LTTTospU6bkS9zixYtbHTgO
vEXlWBYNbc62bdsKXkhnnXVWfPrTn45evXq1yfGLqekd8I60bNmyDtl9ozlNi0m2ZBHarVu3xrPP
PhtXX311u6w5cTgNDQ1RWVlZ8LVcLpef2TBhwoQYP3589O/fPxobG2Pr1q2xZs2a2LhxY4waNSpe
f/31WLVqVezbt6/FwaNplkRza+hUVVVFfX19UeJeVVVVrFy5Mj/zqKSkJIYOHRrnnXdeQdzYsWNH
zJ49O+bMmRM7duw47DFra2vjzTffjPXr10dVVVV8+MMfjvLy8sjlcnHaaafFpEmTYvfu3fktr9au
XRtr166NESNGRNeuXdv8ewQA4OhMnz491q1bd1xdyA8bNiymT5/eLuc6VNyYMmVKPPzww+0yhuNV
UQPHgVtuTpgw4YiPHzNmTD5wHGpNhKOxa9eu/MdtsaZHRMTjjz+efye5aVbI8Txr40A/+MEPOnoI
8aMf/Sh+9rOfdfQwIiLiqaeeyi+a2eS962w0vYayLItZs2bld+roSM8++2w+yuRyuejbt29cd911
MW7cuIiI2Lx5czz44IOxePHigud95zvfiRNOOCEuvvjiiIjYuXNnPPDAA7Fw4cIjRp5hw4bF9u3b
m72Vp7GxMZ5++un4i7/4i7b49gps3bo11q5dm18Atk+fPjF27NiCNTGqqqrilVdeidmzZx/VujtN
UaRr167xwQ9+MHr27BmdO3eOc889N955553YtWtX1NfXx969e2P9+vVRWVlpLQ4AgOPEjBkz4o47
7si/KdWR+vfv36bbsR7O4eIGRQwcjY2NBYusDBs27IjPOXCb2IqKikM+7vXXX4+FCxfGCSecEB/5
yEcOuYXnzp078x+3ReDYtm1bvPDCCxGxfyeGa6+9Npm4cTTv1hdTlmWxb9++Dp8FsWjRooIA1+TO
O+8s+Pzzn/98wedPPPFE3HTTTR12m01jY2M899xzERHRr1+/mDFjRgwYMCAiIl599dX8wqPv/Vnn
crmDZjH16dMnbrzxxqivr4/f//73MWvWrEO+Rs4555x47LHHDvn7s2fPLlrgePfdd/OfDxw4MMaP
H59fC6W+vj5WrVoVL774YuzZsydKS0ujf//+BdvIHs6ePXvixRdfjKFDh8bYsWOjc+fO0bdv3xg5
cmSsWrUqP1NmzZo1sWnTJoEDAOA40b1797jpppvirrvuareF95tTVlYWN910U3Tv3r3o5xI3jqxo
gaOkpCQuvfTSo3rOgS/MgQMHNvuYjRs3FuzG0blz50Oe58DA0Ra3kCxatCj/8fnnn9+iaHO8WL58
eUcPIa8tbj9qjZ07d8ajjz56yDUaDmfx4sXx2muvxaRJkzosclRWVsYtt9wSJ510UkTs/3szY8aM
2Ldv3yGf07dv30MukNq5c+e45ppr4pprrombb775oO1ym27d+OlPf3rI4x9q++fW2Lt3b1RUVORv
OenSpUsMGjQoBg8enH/Mzp07Y+7cubF169bo2rVrjBs3LsaPHx+vvvpqi+/N3Lp1a8ydOzdOPPHE
fCwaNWpUzJ8/Px84KioqYsuWLUW7FQcAgKM3fPjwmD59+mH/P7XYpk+fHsOHDy/6ecSNljl+toSI
wovwsWPHNvuYAxcOjTj8hdWBv3fg/fo7d+6MioqK2LNnT4vWX2hy4Dv+5557bv7jhoaG2LZtW2zY
sCEqKioOe6HZUWbOnNnRQ8jr6LHMnz//mO/Xa2hoiMcee6wgnrWn2tra+OEPf5iPG08++WR85Stf
OeJr7lB/n97rxz/+cXzoQx8q+FqPHj3itddea/cZQNXV1bFr167899a7d+8YMmRIlJbu77KNjY2x
bdu2WLx4cXTt2jXOOuus+PjHPx6TJ0+Oyy67LE477bQWn2vx4sWxbdu2/L8HQ4YMiX79+hXMFNmx
Y0fBzkwAAHS8iRMnxuWXX94h57788stj4sSJRT+PuNFyRd8mtqXefvvt/O0fERGTJ09u9nGnnHJK
nH766bF06dLo1atXnH/++Yc85tatW/MfV1ZWxksvvRRz584tuDjt379/nHvuuXHBBRfk371tTl1d
XSxdujT/+YgRI2LDhg3x7LPPxrx58w7aknbKlClx8cUXt9nipq21cePGjh5C3oE/l/a2bdu2eO65
5w67LeyRbNmyJebOnRtTp05t91kcTVPfsiyLu+++u2BW0eG0dN2QXC4X1113XZx44onx4IMPRpZl
MXny5HjwwQcP+7xixI+ampqCWV3du3ePfv365T+vr6+PysrKqK+vjzPPPDMuueSSfD0fPXp0REQ8
/PDD8fbbbx/xXLt3784fq2vXrtG1a9coLy+Prl275sdQVVUV1dXVbbaeDwAAbeOKK66Ibdu2xUsv
vdRu55w8eXJcccUVRT/Pr371q/jTn/5U8DVx49A6PHDU1tbG/PnzC97Vv/rqq2PQoEHNPr5z587x
D//wD7F9+/bo0aPHIdffaGhoKLiQvvvuu5t93LZt2+Kpp56KZ599Nj796U/H+9///mYft3Xr1vw7
yYMGDYp58+bF/fff3+xjq6ur4+mnn45XXnklbr755hgxYkSzj2svRzNLpb00NjYe8paJYsmyLJ5/
/vlWx559+/bFc889F+PGjYshQ4a00eiOzp133tmiC/cmh4t3zZk6dWo0NDTE73//+9izZ89Bt620
h9ra2qiurs5/3rVr14J1eurq6qKqqirOOOOMuPTSS/OzWiL2r5EzZsyYyOVy8Yc//CHeeeedI56v
oqIi6urq8jul9OzZsyBw1NbWHrQoLQAAx4dp06a1284qw4YNi2nTphX9POLG0Wv3wHHPPfdEbW1t
ZFkWu3fvjjVr1uTDQefOnePqq6+OCy+88LDHKCkpOeLMiEPtpjB8+PDo06dP1NTUxOrVq/Pnrq+v
j1/84hdRWloa55xzzkHPO/B2l4qKinzc6NKlS5x33nlx4oknRkNDQ6xZsybmzZsXEfvfFf73f//3
+NrXvtahixMeD4uLvldHjKmysrJg6+LWqKioiOeffz6mTZvWrgumZlkWv/71r1t0wX6gsrKyoz7X
pZdeGtXV1fHkk08e9XPbwt69e6Ouri7/eefOnQsWb8qyLPr27RujR48uiBtNSkpKYvTo0XHllVfG
Qw89FKtXrz7s666ysrLgfKWlpQU/28bGxuPy7xIAAPtn+37hC1+I73znO0VddLSsrCy+8IUvFH1R
UXHj2LR74Fi5cmWzO6R07tw5brjhhjj77LPbZNr/3r17o1evXvk1Oy655JKYOnVqwfTy6urqeOWV
V+LBBx/Mh47f/OY3MXLkyIOmoR+45WzTYydNmhTXXHNN9OnTp+Cx77zzTtx9992xe/fuqKqqij/8
4Q/x+c9/vsMWpWT/jJ4HHnggv2Bla2VZFvPmzYsPf/jDMXTo0DY5Zks8/vjjMWfOnKO+0D6WGRg7
d+6Mp556qsMu6nO53EGzfA6cjdSrV68466yzChb9rK2tjU2bNsXgwYOjW7duUVJSEmPGjIm/+qu/
ioceeijWrFlzyBlNZWVlBwWNAx/73uABAMDxpWm71jvuuKNo55gxY0bRlyEQN45duy8y2qNHjygv
L88v+tmkvr4+fv7zn8cvfvGLNlnAceDAgfG9730vbr311pgxY0ZcffXVB0WL7t27x0UXXRSf/exn
81/bvXt3s+/yv7cCnn/++TF9+vSD4kbE/vUOrrvuuvzn8+fPj9WrV7fyOzp2x2NYae8xLVu2LN54
4402Pebu3bvjl7/8ZZse80hWrlx5TMHhwEDXEjU1NXHLLbd06O1N3bt3LyjjNTU1Bf82lJSU5ONG
lmVRU1MTixYtipkzZ8aCBQsKdskZM2ZMXHnllXHSSScd8taowYMHF8x0qaqqKrglpVu3btGlS5c2
+/4AAGh7w4cPj+uvv74ox77++uuLvmNKc3Hj0ksvFTdaqN1ncHzrW9/Kf9zY2Bhbt26NN998Mx59
9NGoqqqK1157LTZt2hRf/epXWz3tp1OnTi16AZ5zzjlx3nnn5cPGyy+/fNDWswcuStmjR4+46qqr
8rs5NGfChAkxcuTI/K0Ey5Yti1NOOeVYvo1Wy+VyUVZW1qH7Qx+oa9eu7Ro46urq4oknnijKsdev
Xx+vvvrqIdduaWsXXnhhLFmy5Kgjx7p16wp2/jmcrVu3xm233XZUuwEV4+fZp0+fgkVFq6qqYtu2
bQc9LsuyqK2tjTfeeCMeeuih2L59e1RUVEQul4uJEyfm19QYO3ZsfibHunXrCr6/bt26RXl5eT6Y
7Nu3L7Zv314QSXr27Bk9evRo8+8TAIC2NWXKlFi/fn3MmjWrzY45derUokeG5uJGRMQZZ5xR1PP+
OenQbWJLSkpi0KBBMXXq1PjmN78ZJ5xwQkTsvxh7/vnn23UsB+7asmHDhoNuZTjwgnLcuHHNztw4
UC6XK7igPHAL3PaWy+XiIx/5SIed/70uuOCCdgscjY2NMXv27BbPoJk1a1bBr5Z4+umn22370NNP
P/2YnteS11/TIqzf/va3j4utjnv06BF9+/bNR4c9e/bEli1bDhpbXV1dPm5UVlZGlmWxa9euePDB
B2PRokUF62o0RY7hw4cX3G4ycuTIGDhwYD5a7tixI3bv3p0/V2lpaZSXlwscAACJmDZtWn5nvdYa
PXp00RcVPVTc4Oh0aOA40MCBA+PKK6/Mfz579ux23bnhvbthNK3d0eTAi6GWvnt+4MKiW7ZsacXo
Wu8DH/hAh57/QEdaRLYtVVZWxgsvvNDi19LMmTMLfrVEUx1uj9s5SktL8zMSjsaqVasOO76qqqr4
+te/Hr/5zW+O6fs4ljEdSUlJSfTt2zd/j2N1dXWsX7/+oFkclZWV8eSTT0ZlZWX+a02LGD/wwAPx
xhtvFNxqMnbs2LjyyivzkaOsrCzOOeecgmi5YsWKgvP0798/+vbt2+47/wAAcOxuuummGDZsWKuO
MWzYsLjpppvaaETNEzfaznH1f+tjx47Nf1xZWVmwzWuxvfd2mAPf9Y3Yv6Bhk5be6nHg/fzbtm3r
0B0YysrKjou1OHK5XLu9C75v37545ZVXiv462rdvX7z66qvt8nrN5XIxbty4Y3rue1/TEft3g/n+
978fM2bMOOp1Og504N/dttS3b98YOHBg/vPNmzfHokWLCiJMt27dYsSIEc3eMlZVVRX33XdfvPHG
GwXf/+mnn55fk2PSpEkxfvz4/N/Xurq6WLp0aT5w5HK5GDFiRIfuhAQAwNHr3r17TJ8+/Zh2FIzY
fw01ffr0ou6YIm60reMqcPTo0aNgR4S2WGy0pQ5cYyMiDlpM8MBFUTds2NCiWHHgu8Z9+/bt0MDQ
pUuXZre/bW9nnHFGuy3UuHXr1nj88cePakbCz3/+84JfLVVRURFz5sxpl1s7rrjiiqN+LWVZFg8+
+GDs3bs3Nm/eHL/97W/j5ptvjltvvTXeeuutVsW3XC5XMPuqLQ0ePDhGjRqVf81UVlbGkiVLCm4h
Ky8vj4svvjhGjRpV8O9Hk5qamvjVr34VixcvPihyTJs2La644or8AsRZlsXKlStj48aN+Vk/3bp1
i1NPPTUGDRpUlO8RAIDiGT58eEyfPv2Ynjt9+vSiLioqbrS9oi0yumHDhvjRj36U//y22247Yvlq
bGwsuJXgcIt4Hs6uXbvi+9//fkTsn+b+rW9964gX1du3by/4/L2zDA58YW/fvj22bt1a8M5ycw58
R/+9t8C0t5KSkrjmmmvi9ddf79BtPz/5yU+22zT/Rx99tN1uc8qyLJ577rkYP358m93rdyhDhgyJ
zp07FwS0lpgzZ068+uqr0dDQ0KavgU6dOhVtdkNZWVmceuqpMXLkyFi2bFlkWRbvvvtu/OlPf4pL
LrkkunbtGiUlJXHiiSfGJz/5yfjd734XK1eujNra2oLYVFtbG/fee29cf/31MX78+PwtNSNHjiw4
386dO2POnDmxadOm/NdOPfXUg9bsAAAgHRMnToxp06a1+Bb0iP1reEycOLFoYxI3iqNoV5rdu3eP
HTt25H+1ZA2K907xP9JCnofSq1evqK2tjc2bN8fGjRtj7dq1R3zO22+/nf/4hBNOKNi9IWL/DI7x
48fnP58/f/4Rj3ngtqSnnXZaS4ZeVL169Sr6xffhjBgx4qDtgYvlrbfeigULFrTLuZrU1tbG008/
3S7n+vrXv35MszguueSSNh1HLpeLb3zjG216zPc66aSTYsKECflIuWPHjnjllVdi7ty5+ZlXJSUl
MXjw4Pi7v/u7uPrqq2PUqFHRq1ev6NGjR3Tr1i26desWJSUl8bvf/S7Wr1/f7EybhoaGeOqpp2Lp
0qX5eNS5c+cYO3as21MAABI3derUgo0lDmfy5MkxderUoo1F3CieogWO8vLygndHX3zxxSM+p2mb
1oj971I37apytHK5XJx33nn5z59//vnDvmNdU1NTsGPGeeed1+zF44c+9KH8x4899lhs3rz5kMdc
uXJlLFy4MP/5WWed1eLxF0tpaWnccMMNHXKrTC6XixtvvPGYZ+Ucjd27d8dvfvObo57h0BYWL15c
ELaKZdiwYcd0L+FTTz0Vn/rUp9rsNVBWVlb0vcC7dOkSo0aNinHjxuVn/2zdujVmzZoVK1asKLi9
rGvXrvGBD3wgvvKVr8RXvvKVuOmmm+Kyyy6Lyy67LK699tr48pe/HKecckqzszE2bdoUa9asya+x
U1JSEhMmTIgxY8ZEt27divo9AgBQfNOnTz/ioqPDhg075ltaWkLcKK6i3itw8cUX5z9+4YUX4skn
n2x2PYQsy+Kll16Kxx57LP+1Sy+99JAXYa+//nrcc8898cgjj0RtbW2zj5k8eXL+IubVV1895FoM
NTU1cf/998fGjRsjYv/F1KHK3oQJE/KLKdbW1sZPf/rT/PMOtGHDhviv//qv/OfnnXdeDB06nw7g
5AAAIABJREFUtNljtrdevXrFrbfe2u7nveWWWwoWai2mefPmFdxicDQeffTRgl9Hq6GhIR544IGi
rx+Ty+Xi1ltvPepQUV9fH0uXLo2rrrqq1ZEjl8vFLbfc0i7B7KSTTooLLrgghg0blj/fhg0b4re/
/W3Mnz//oDV0SkpKYujQoXHaaafFpZdeGpdeemm8//3vjwEDBhTcInVg+Bw2bFh89KMfjSFDhkRJ
SUmcdNJJ8eEPf7joAQcAgPYzY8aMQ75RWFZWFjNmzCjaucWN4ut0++23316sg5944omxbdu2WL9+
fURELF26NBYtWhQ1NTWxa9eu2LhxYyxZsiQeeuihghkUkyZNio9//OPNrtWwcePGuOuuu2L9+vWx
YsWK6N69e5x66qkHPa5Xr17RpUuXWLJkSURELF++PBYvXhy1tbWxc+fOePfdd2PBggVx//33x8qV
K/PP+8QnPhGnn356s99PLpeLkSNHxsKFC6Ompib27NkTc+bMiaqqqqiuro5169bFiy++GPfff39+
m9ny8vL43Oc+d8wr97a1kpKS6Nq1awwcOLBghkkxXXfddTF69OhmF4Bsa9u2bYuZM2cetM1vSy1f
vrzg17Gora2NPn36xKhRo47p+S3VvXv3yOVyRz3OjRs3xiWXXBLjxo1r1W08l112WbstXJvL5fJb
ta5evTqqqqoiImLPnj2xfPnyqK6ujpEjR0ZJSUmLgktjY2M0NjbG7t27o7S0NP9vzeDBg6NPnz5R
W1sbF110UcGsEQAA0te5c+cYP358vPbaawVvkjXFjQEDBhTlvK2JG7lcLn/925JfTbsB9u/fP6ZM
mdJm38MjjzzSZseK2L95QlvLZUVecbKhoSH+8Ic/xFNPPdWix1944YVx1VVX5RcBfK8VK1bEXXfd
lf/8oosuik984hPNPjbLsnjmmWfif//3f1u0u8WVV14ZH/vYx454gbR+/fr48Y9/XLCTQ3P69+8f
X/ziF4+b2RsHqqqqij/+8Y/x+OOPF/U8Te+et9fWsHPnzo1f/OIXR7VzSjGceuqp8bWvfa3o58my
LO68886CNWRaoqSkJH74wx9GXV1dfOMb3zjqRUdHjBgR3/zmN9v9dqeGhoZYuHBh/Pa3vy2YJdOp
U6cYMGBATJ48OSZPnpzfFaU5O3bsiJdffjnmzJkTNTU1MX369BgzZkzB7VN79+6NTp06WVgUAODP
1Jw5c+Lee+/Nf3799de3aQw4UEfN3Bg9enSbzkj5/Oc/32bHioij2rWypYo6gyNi/4XUuHHj4swz
z4yIiC1bthw0nbxTp07xvve9L6699tq48MILD7tOQ+/evWPVqlVRUVERvXr1iquuuuqQFzNNMy7O
OeecyOVysWnTpoPO3blz5zjnnHPiU5/6VLz//e9v0QVb7969Y9KkSVFSUhLvvvvuQcfs169fTJ06
Na6//vro37//EY/XEbp06RJDhw6NYcOGtWjB1GPxmc98Js4///zo2bNnUY7fnJ07d8aSJUsKtgNt
b7lcLk477bQ4++yz2+VcU6ZMiddff/2oZq1kWRZPPvlkXH755XHllVfGli1bYsOGDS167uDBg4/p
9pi2UFJSEieccEKcdNJJUVFRkd/9KMuyqK6ujhUrVsQLL7wQS5YsiSVLlsTy5ctj9erVMW/evHjm
mWfi4YcfjscffzyWLl0aVVVVUVdXFytXroyTTz45ysvL87M1OnXqZOYGAMCfseHDh0dNTU2sWrUq
pk6dGh/72MeKcp6OvC3FDI52UF9fH1u2bInq6urIsizKyspi4MCBh5yx0ZzGxsbYvn17foeEoz13
VVVV5HK5KCsriwEDBrRqAcH6+vrYvHlzVFdXR6dOnaJHjx4xcODAZC6Oqquro7KyMr773e+22ayH
kpKSuOWWW6Jfv35H3Bq4rTU2NsbOnTsPuTZLe8jlclFeXt6uC1NmWRY/+clPjnqB09LS0vj2t78d
gwYNipqamrjvvvti3rx5h5zRccYZZ8TNN98cFRUVUVZWFt26dWuXhWPfq+nfgD/96U8xa9asg37e
B96qksvlIsuygl8HyuVyMXTo0PjMZz5zxEWnAAD48zJnzpyizdyYO3du3Hfffa0+ztFeLzcZPnx4
TJs2rdXnb3LXXXfFihUr2uRYbT27pEm7Bw6OP/X19bF9+/ZYtGhR/M///M9R367QJJfLxV//9V/H
WWedFX379m2XNTco9MILL8T9999/VD/DXC4Xf/M3fxMXXXRRROyPJcuXL4/HH3881qxZk48H06ZN
yy8c/J//+Z/RvXv32L17d9x4441t/420QJZlUVtbG2vXro1nn302li5detRhq2fPnnHuuefGBz7w
gRg6dGiHxBoAAEhBdXV1zJw5M7/Gx7Hq379/TJs2rShvhgscRMT+i8WamprYuXNnVFRUxC9/+cuo
qak54oVy00yYG264IQYMGBB9+vSJsrKyDrl9gf1qa2vju9/9blRUVBzVrJzy8vL453/+54NmHzU0
NESWZQXBqikkdOnSpcNnK+3bty/q6uqiqqoqVqxYEYsXL47169fHjh07DrpVqXPnzjFo0KAYNGhQ
nHLKKTFhwoTo1atXdO3atcO/DwAAoHUEDgo0NjbG3r17o6qqKmpqaqKxsTHefffdWLZsWVRWVkbE
/jVGxo4dG0OHDo2SkpIoKyuLHj16HBcXu/z/9u3bF//v//2/2LJlS7O3ZjQnl8vFwIED48tf/nL0
69evHUbZdrIsi/r6+ti7d280NDTEvn37oqqqKh86ysvLo2/fvlFaWpr/1bVrVzEOAAD+TAgcHFJj
Y2Ps27cvf7HYNBugpKQkOnXqFKWlpRZjTMC+ffti8eLF8fTTT8e6deuipqam2cd169Ythg0bFh/9
6EfjjDPO+LPYQaTpNZxlmV1RAADgz5zAAQAAACTPW+8AAABA8gQOAAAAIHkCBwAAAJA8gQMAAABI
nsABAAAAJE/gAAAAAJIncAAAAADJEzgAAACA5AkcAAAAQPIEDgAAACB5AgcAAACQvNyZZ56ZdfQg
AAAAAFrDDA4AAAAgeQIHAAAAkDyBAwAAAEiewAEAAAAkT+AAAAAAkidwAAAAAMkrjQjbxAIAAABJ
M4MDAAAASJ7AAQAAACRP4AAAAACSJ3AAAAAAyRM4AAAAgOQJHAAAAEDyBA4AAAAgeQIHAAAAkDyB
AwAAAEiewAEAAAAkT+AAAAAAkidwAAAAAMkrjYisowcBAAAA0BpmcAAAAADJEzgAAACA5AkcAAAA
QPIEDgAAACB5AgcAAACQPIEDAAAASJ7AAQAAACRP4AAAAACSJ3AAAAAAyRM4AAAAgOQJHAAAAEDy
BA4AAAAgeQIHAAAAkLzSXC6XdfQgAAAAAFrDDA4AAAAgeQIHAAAAkDyBAwAAAEiewAEAAAAkrzTL
rDEKAAAApM0MDgAAACB5AgcAAACQPIEDAAAASJ7AAQAAACRP4AAAAACSJ3AAAAAAyRM4AAAAgOQJ
HAAAAEDySiMi6+hBAAAAALSGGRwAAABA8gQOAAAAIHkCBwAAAJA8gQMAAABInsABAAAAJE/gAAAA
AJIncAAAAADJEzgAAACA5AkcAAAAQPIEDgAAACB5AgcAAACQPIEDAAAASF5pRGQdPQgAAACA1jCD
AwAAAEiewAEAAAAkT+AAAAAAkidwAAAAAMkTOAAAAIDkCRwAAABA8gQOAAAAIHkCBwAAAJA8gQMA
AABInsABAAAAJE/gAAAAAJIncAAAAADJEzgAAACA5JVGRNbRgwAAAABoDTM4AAAAgOQJHAAAAEDy
BA4AAAAgeQIHAAAAkDyBAwAAAEiewAEAAAAkT+AAAAAAkidwAAAAAMkTOAAAAIDkCRwAAABA8gQO
AAAAIHkCBwAAAJA8gQMAAABIXmlEZB09CAAAAIDWMIMDAAAASJ7AAQAAACRP4AAAAACSJ3AAAAAA
yRM4AAAAgOQJHAAAAEDyBA4AAAAgeQIHAAAAkDyBAwAAAEiewAEAAAAkT+AAAAAAkidwAAAAAMkr
jYisowcBAAAA0BpmcAAAAADJEzgAAACA5AkcAAAAQPIEDgAAACB5AgcAAACQPIEDAAAASJ7AAQAA
ACRP4AAAAACSJ3AAAAAAyRM4AAAAgOQJHAAAAEDyBA4AAAAgeQIHAAAAkLzSiMg6ehAAAAAArWEG
BwAAAJA8gQMAAABInsABAAAAJE/gAAAAAJIncAAAAADJEzgAAACA5AkcAAAAQPIEDgAAACB5AgcA
AACQPIEDAAAASJ7AAQAAACRP4AAAAACSVxoRWUcPAgAAAKA1zOAAAAAAkidwAAAAAMkTOAAAAIDk
CRwAAABA8gQOAAAAIHkCBwAAAJA8gQMAAABInsABAAAAJE/gAAAAAJIncAAAAADJEzgAAACA5Akc
AAAAQPIEDgAAACB5pRGRdfQgAAAAAFrDDA4AAAAgeQIHAAAAkDyBAwAAAEiewAEAAAAkT+AAAAAA
kidwAAAAAMkTOAAAAIDkCRwAAABA8gQOAAAAIHkCBwAAAJA8gQMAAABInsABAAAAJE/gAAAAAJJX
GhFZRw8CAAAAoDXM4AAAAACSJ3AAAAAAyRM4AAAAgOQJHAAAAEDyBA4AAAAgeQIHAAAAkDyBAwAA
AEiewAEAAAAkT+AAAAAAkidwAAAAAMkTOAAAAIDkCRwAAABA8kojIuvoQQAAAAC0hhkcAAAAQPIE
DgAAACB5AgcAAACQPIEDAAAASJ7AAQAAACRP4AAAAACSJ3AAAAAAyRM4AAAAgOQJHAAAAEDyBA4A
AAAgeQIHAAAAkDyBAwAAAEiewAEAAAAkrzQiso4eBAAAAEBrmMEBAAAAJE/gAAAAAJIncAAAAADJ
EzgAAACA5AkcAAAAQPIEDgAAACB5AgcAAACQPIEDAAAASF5plmUdPQYAAACAVjGDAwAAAEiewAEA
AAAkT+AAAAAAkidwAAAAAMkrzeVyVhkFAAAAkmYGBwAAAJA8gQMAAABInsABAAAAJE/gAAAAAJIn
cAAAAADJEzgAAACA5AkcAAAAQPIEDgAAACB5AgcAAACQPIEDAAAASJ7AAQAAACRP4AAAAACSVxoR
WUcPAgAAAKA1zOAAAAAAkidwAAAAAMkTOAAAAIDkCRwAAABA8gQOAAAAIHkCBwAAAJA8gQMAAABI
nsABAAAAJE/gAAAAAJIncAAAAADJEzgAAACA5AkcAAAAQPIEDgAAACB5pRGRdfQgAAAAAFrDDA4A
AAAgeQIHAAAAkDyBAwAAAEiewAEAAAAkT+AAAAAAkidwAAAAAMkTOAAAAIDkCRwAAABA8gQOAAAA
IHkCBwAAAJA8gQMAAABInsABAAAAJK80IrKOHgQAAABAa5jBAQAAACRP4AAAAACSJ3AAAAAAyRM4
AAAAgOQJHAAAAEDyBA4AAAAgeQIHAAAAkDyBAwAAAEiewAEAAAAkT+AAAAAAkidwAAAAAMkTOAAA
AIDkCRwAAABA8kojIuvoQQAAAAC0hhkcAAAAQPIEDgAAACB5AgcAAACQPIEDAAAASJ7AAQAAACRP
4AAAAACSJ3AAAAAAyRM4AAAAgOQJHAAAAEDyBA4AAAAgeQIHAAAAkDyBAwAAAEiewAEAAAAkrzSX
y2UdPQgAAACA1jCDAwAAAEiewAEAAAAkT+AAAAAAklfa2NjY0WMAAAAAaBUzOAAAAIDkCRwAAABA
8gQOAAAAIHkCBwAAAJA8gQMAAABInsABAAAAJE/gAAAAAJIncAAAAADJK83lcllHDwIAAACgNczg
AAAAAJIncAAAAADJEzgAAACA5AkcAAAAQPIEDgAAACB5AgcAAACQPIEDAAAASJ7AAQAAACRP4AAA
AACSJ3AAAAAAyRM4AAAAgOQJHAAAAEDyBA4AAAAgeaURkXX0IAAAAABawwwOAAAAIHkCBwAAAJA8
gQMAAABInsABAAAAJE/gAAAAAJIncAAAAADJEzgAAACA5AkcAAAAQPIEDgAAACB5AgcAAACQPIED
AAAASJ7AAQAAACRP4AAAAACSVxoRWUcPAgAAAKA1zOAAAAAAkidwAAAAAMkTOAAAAIDkCRwAAABA
8gQOAAAAIHkCBwAAAJA8gQMAAABInsABAAAAJE/gAAAAAJIncAAAAADJEzgAAACA5AkcAAAAQPJK
IyLr6EEAAAAAtIYZHAAAAEDyBA4AAAAgeQIHAAAAkDyBAwAAAEiewAEAAAAkT+AAAAAAkidwAAAA
AMkTOAAAAIDkCRwAAABA8gQOAAAAIHkCBwAAAJA8gQMAAABInsABAAAAJK80IrKOHgQAAABAa5jB
AQAAACRP4AAAAACSJ3AAAAAAyRM4AAAAgOQJHAAAAEDyBA4AAAAgeQIHAAAAkDyBAwAAAEiewAEA
AAAkT+AAAAAAkidwAAAAAMkTOAAAAIDklUZE1tGDAAAAAGgNMzgAAACA5AkcAAAAQPIEDgAAACB5
AgcAAACQPIEDAAAASJ7AAQAAACRP4AAAAACSJ3AAAAAAyRM4AAAAgOQJHAAAAEDyBA4AAAAgeQIH
AAAAkDyBAwAAAEheaURkHT0IAAAAgNYwgwMAAABInsABAAAAJE/gAAAAAJIncAAAAADJEzgAAACA
5AkcAAAAQPIEDgAAACB5AgcAAACQPIEDAAAASJ7AAQAAACRP4AAAAACSJ3AAAAAAyRM4AAAAgOSV
RkTW0YMAAAAAaA0zOAAAAIDkCRwAAABA8gQOAAAAIHkCBwAAAJA8gQMAAABInsABAAAAJE/gAAAA
AJIncAAAAADJEzgAAACA5AkcAAAAQPIEDgAAACB5AgcAAACQvNKIyDp6EAAAAACtYQYHAAAAkDyB
AwAAAEiewAEAAAAkT+AAAAAAkidwAAAAAMkTOAAAAIDkCRwAAABA8gQOAAAAIHkCBwAAAJA8gQMA
AABInsABAAAAJE/gAAAAAJIncAAAAADJK42IrKMHAQAAANAaZnAAAAAAyRM4AAAAgOQJHAAAAEDy
BA4AAAAgeQIHAAAAkDyBAwAAAEiewAEAAAAkT+AAAAAAkidwAAAAAMkTOAAAAIDkCRwAAABA8gQO
AAAAIHkCBwAAAJC80lwul3X0IAAAAABawwwOAAAAIHkCBwAAAJA8gQMAAABInsABAAAAJE/gAAAA
AJIncAAAAADJEzgAAACA5AkcAAAAQPJKGxsbO3oMAAAAAK1iBgcAAACQPIEDAAAASJ7AAQAAACSv
NJfLZR09CAAAAIDWMIMDAAAASJ7AAQAAACRP4AAAAACSJ3AAAAAAyRM4AAAAgOQJHAAAwP/H3p3H
N1Xm/f8/2ZMm3elCSylbWdvCYNlBEFB2RwSXYVNRXBEq6gD3eCuuozOOoHiP4iAOKDCjIIwDoigg
ssi+FGhRoKX7XrokTdI0ye+Pn/hlHERyctLkpK/n4zGPoaXXlY82x+S8c12fCwBkj4ADAAAAAADI
HgEHAAAAAACQPQIOAAAAAAAgewQcAAAAAABA9gg4AAAAAACA7BFwAAAAAAAA2SPgAAAAAAAAsqcW
BMHt7yIAAAAAAAC8wQoOAAAAAAAgewQcAAAAAABA9gg4AAAAAACA7BFwAAAAAAAA2SPgAAAAAAAA
skfAAQAAAAAAZI+AAwAAAAAAyB4BBwAAAAAAkD0CDgAAAAAAIHsEHAAAAAAAQPYIOAAAAAAAgOwR
cAAAAAAAANkj4AAAAAAAALKnFgTB7e8iAAAAAAAAvMEKDgAAAAAAIHsEHAAAAAAAQPYIOAAAAAAA
gOwRcAAAAAAAANkj4AAAAAAAALJHwAEAAAAAAGSPgAMAAAAAAMgeAQcAAAAAAJA9Ag4AAAAAACB7
BBwAAAAAAED2CDgAAAAAAIDsEXAAAAAAAADZUwuC4PZ3EQAAAAAAAN5gBQcAAAAAAJA9Ag4AAAAA
ACB7BBwAAAAAAED2CDgAAAAAAIDsEXAAAAAAAADZI+AAAAAAAACyp/Z3AQAAQD6SkpLUHTt21CQn
J2tiY2PVRqNRGRISojAYDEqDwfDTn3U6nTIkJESh1+uVJpNJKQiCYDabXTabzdXY2Oi22Ww//dlq
tbqsVqursbHRbbFYXOXl5c0FBQWO3NxcR1FRUbO//5kBAIA8EHAAAICfqFQqITEx8acQo3379pqk
pCRNYmKipm3bthqNRqMQO7fJZPop7LheTU1N7tLSUkdRUZGjuLjYkZ+f78jPz3fk5eU5ioqKmt1u
t9hyAABAkFGkpaWd93cRAADAP3Q6nSIjI0Pfr18/fe/evQ2pqak6nU4niy2sNpvNdebMGfvx48et
hw8fth07dsxmt9tJPAAAaKUIOAAAaEVMJpNy4MCB+r59+xr69u2r79q1q06tVotelRFImpub3d9/
/739xIkT1sOHD9sOHjxos1gsLn/XBQAAWgYBBwAAQSwqKko1aNAgfUZGhqFPnz76jh076pRKWSzQ
8JrT6RTy8vLsx48ftx09etT63XffWS9dukTgAQBAkCLgAAAgyJhMJuWtt95qmjhxYmhqaqre3/UE
CrfbLZw6dcq6devWhs8++8zC6g4AAIILAQcAAEFApVIJw4cPD7n11ltDhw4datRqtUGx7cRX7Ha7
e+/evZbNmzfX79271+p0Ov1dEgAA8JIiLS3tnL+LAAAA4nTr1k07derUsFtuucUUGRnJ6Wgi1NTU
NH/xxRcNGzZsqD9//rzD3/UAAABxCDgAAJAZpVIpjB492jhr1qyI9PR0g7/rCSZZWVnW1atX1+7Y
scPicrGDBQAAOSHgAABAJrRareKOO+4InTZtWkRSUpLW3/UEs4KCgqa1a9fWbty4saGpqYmjZwEA
kAECDgAAAlxERIRy1qxZEVOnTg2PiIhQ+bue1uTSpUvOjz/+uPajjz6qq6urY0kHAAABjIADAIAA
lZSUpH7ggQcix48fH6bT6Wga6kd2u921ZcuW+pUrV9YWFxc3+7seAADw3wg4AAAIMOnp6bo5c+ZE
Dh061KRSsWAjkDidTmH37t3mVatWXcrKyrL7ux4AAPD/EHAAABAgkpKS1E8//XSbESNGmPxdy7XU
1NQ0l5SUNBcXFztKS0sdFovFdfl/ZrPZZTab3Q0NDZf/7KqqqnIKgiC0adNGZTKZlKGhoUqTyaQ0
mUwKk8mkNBqNSqPRqDSZTMq2bdtqEhMTNQkJCepAPxXmm2++Mb/22mtVrOgAACAwEHAAAOBner1e
8cgjj0Ted999Uf6u5bLa2lrn2bNnbcXFxY7CwsLmwsLCpsLCwuazZ882tVQNer1e0aFDB01SUpIm
KSlJ0759e3ViYqKme/fu+vDw8IBZ2rJq1aqaZcuW1fi7DgAAWjsCDgAA/GjChAmmJ554ok1sbKxf
VyuUlZU5Tp48aT1y5Ijt8OHD1tzcXIc/6/k1nTp10vTr18+QkZGh79OnjyEuLk7jz3rKy8sdb7zx
RtW2bdss/qwDAIDWjIADAAA/6Ny5s+b555+PTU9PN/jj8fPz85suBxrfffddY3l5udMfdUglLi5O
NXjw4JDLgYe/jtE9duyY9cUXX6y4cOFCQAdEAAAEIwIOAABaUGhoqDIzMzNqypQp4UqlskVPRiks
LGz68ssvGz799NOGoqKioO4bkZSUpJ48eXLY2LFjQ9u1a9eiqzucTqf7k08+qV22bNmlxsZGjpYF
AKCFEHAAANAClEqlMHXq1LC5c+dGR0REtFj/iNraWufOnTsb/vWvfzUcP368VZ760bdvX92tt94a
NmrUKFNL9u64dOlS8/Lly6s3bNjQ0FKPCQBAa0bAAQCAj0VHR6uWLl0a36dPnxbZjmK329379u2z
bN26tX7Xrl2Nzc1BvVjjuqnVasVNN90UMmnSpNDBgwcbtVpti6ygOXr0aOMTTzxRVltby2oOAAB8
SJGenv6Dv4sAACBYDR061PDSSy+1jYyM9PnKgfLycsdHH310aePGjQ0Wi4Wb6WswmUzKKVOmhE6f
Pj2yJRqU1tTUNC9evLjswIEDVl8/FgAArRUBBwAAPqBUKoXMzMzomTNnRimVSp8+Vk5Oju3DDz+8
9Pnnn5vdbrdPHyvYKBQKYdy4caZZs2ZF9ujRQ+/Lx3I6ncLq1aurly9fXuNykT8BACA1Ag4AACQW
FxenfuONN+JTU1N9tiXF5XIJ+/fvN69evbr20KFDrAqQQL9+/fT33Xdf5KBBg0y+DKVOnz5tzczM
LK2srJT1yTUAAAQaAg4AACQ0YsSIkJdffrmtyWTyyR2y3W53f/nll/Xvv//+pYsXL3IUqQ906NBB
c//990eOHTs2zFd9Ourr652LFy8u3bt3L+EUAAASIeAAAEACKpVKsXDhwug777wzUqGQ/p64rq7O
uWnTptpVq1bV1tXVsb+hBURGRqruueeeiClTpoSHhYVJ3kPF7XYL69evr3n99dernU4WcwAA4C1F
amoqAQcAAF5o166d+q233kpISUnRST230+l0f/zxx7VvvvlmtcViocGGH5hMJuX8+fOj7rzzzgil
Uil5epWTk2ObN29eaVlZGcfdAADgBQIOAAC80LNnT93KlSsTQ0NDJf+EPysry7pkyZKKc+fONUk9
NzyXkpKiXbJkSWx6errkvVVqa2udDz/8cPGZM2fsUs8NAEBrQcABAIBIAwYMMCxfvjzBYDBI2m+j
pqam+c0336z69NNPG6ScF9KYMmVK6Pz589tERkaqpZy3sbHRNXfu3OLDhw/bpJwXAIDWQhUbG/u4
v4sAAEBuRo4cGfLWW28l6nQ6ycINl8vl3rBhQ93jjz9eevLkST7JD1A5OTlNn3zySX14eLiyR48e
OoVETVc0Go1i7NixYWfPnrXl5+fTQBYAAA8RcAAA4KGJEyea/vSnP7VVq9WS9WPIzs62PfbYYyUb
N25saGpqotdGgGtqanLv3r278ZtvvjGnpqbqY2JiJFnNoVarFWPHjg0tKSlp+v7779lUrdQXAAAg
AElEQVSaBACABwg4AADwwIwZM8KfffbZeKmaTTqdTvf//d//VS9evLi8qqqKozRkpqqqyrlhw4Z6
p9PpzsjIMEjxvFAqlYqRI0eG1tbWNp8+fZqVPAAAXCcCDgAArtP8+fOj5s2bFyPVMbAVFRWORx99
tHjr1q1mSSaE3xw9etR24MABy7Bhw4xGo9HrbUsKhUIYNmyYqbm52XXs2DF6cgAAcB0IOAAAuA4v
vPBCzPTp06Okmm/fvn3m2bNnlxQUFHA0aJAoKytzbt68ub5Xr166du3aaaWYc8CAAcbw8HDF3r17
rVLMBwBAMCPgAADgV7z66quxt956a4RU8y1durTyxRdfrKLXRvCx2+3uzz77rMFut7sGDRpklGLO
9PR0Q7t27dQ7d+60SDEfAADBSpGWlva9v4sAACBQPf30021mzpwpycqN0tJSR2ZmZnFOTg7NI1uB
Hj16aJctW5bYtm1bjRTzrV69uuYvf/lLlRRzAQAQjFRxcXGs4AAA4Cruueee8IcffjhGirl2797d
8MADDxSVlpbSSLSVqKqqcn766ad1KSkp2g4dOui8na9Pnz4GGo8CAPDLCDgAALiKiRMnmp555pm2
UjQUfeedd6peeOGFSofDIUFlkBOHwyFs27bNrFKp3DfccEOIt/MNGTLElJeXZ79w4QKrgAAA+BkC
DgAAfmbw4MEhf/nLXxK8PfLT5XIJL7/8ctnq1atrpaoN8nTo0CFrdXW1Y+jQoSZvQjOFQiGMHDnS
dOLECWtxcTENagEAuAIBBwAAV0hNTdW98847SRqNxqtww+FwuBctWlTy2WefcQQsBEEQhDNnzthz
c3Nto0aNCvUmPFMqlYqbb745dO/evZaqqiq2PAEA8COvz2kHACBYdOjQQbNixYp2er3eq3DDarW6
HnnkkaLt27dz6gX+w/bt2y1z584tttvtLm/mMRgMyhUrVrRLSkpSS1UbAAByR8ABAIAgCDExMar3
338/KTQ0VOXNPLW1tc777ruv8NChQ1apakNw2bdvX+P9999f2NDQ4NXqi8jISNXKlSuToqKivHrO
AgAQLAg4AACtnslkUr7//vtJMTExXn0aXlFR4ZgxY0ZBdnY2p1zgmrKysuwzZ84sqKys9KqPRtu2
bTUrV65sFxISwns6AECrx4shAKDV+/Of/xzfoUMHrTdz5OfnN02bNq2woKCAo1JwXXJzcx3Tp08v
KCws9OpElC5duuj+/Oc/x0lVFwAAckXAAQBo1e69996IIUOGmLyZo7Kysnn27NmFFRUVnGoBj5SV
lTXfd999Xj93hg0bFjpz5sxwqeoCAECOCDgAAK1W9+7dtfPnz4/xZo6Ghgbn/fffX1hZWclpFhCl
oqLCOWfOHK97csyfPz+2R48eXq1EAgBAzgg4AACtUkhIiGLp0qWJKpVK9IkpNpvN/dBDDxVdvHiR
bSnwSl5enuORRx4p8uZ0Fa1Wq1i6dGmCt6cAAQAgVwQcAIBW6bXXXotPTEzUiB3vcrncmZmZxadP
n6ahKCSRlZVlX7BgQYnTKX4hR0JCgvb555+PlbAsAABkQxUXF/e4v4sAAKAl3XHHHWGzZs2KFjve
7XYLzzzzTOmOHTssUtYFFBQUOKqqqhwjRowQ3RcmJSVFn5+fbz937pxXzUsBAJAbVVxc3Fx/FwEA
QEvp1KmTdtmyZYlqtVr0Mv433nij/JNPPqmXsi7gspycHLvb7Xb369fPKHaOIUOGGLdv315fV1dH
bxgAQKvBFhUAQKuhVqsVb775ZqJOpxP9+rd+/fqa1atX10pZF/Bz7777bs3mzZtFP88MBoPyzTff
TNRqtfTjAAC0GqzgAAC0GkuWLIkbOHCg6E/Fjxw5Ynn66afLpKwJ+CXffPONZeDAgSFt27YV1Ssm
KipKHRUVpdy9ezdbqQAArQIrOAAArcLIkSONt912W4TY8bW1tc0LFiwokbIm4FrcbrewYMGCktra
2maxc0ydOjVy9OjRokM9AADkhIADABD0TCaT8vnnn28rdrzL5RKefvrpktraWtFHeAJiVFdXO3//
+9+XuN1u0XM899xzbUNCQnjPBwAIerzYAQCCXmZmZnR4eLhK7PgPPvig6uDBg1YpawKu14EDB6xr
1qypFjs+PDxcNW/ePNGnBgEAIBcEHACAoNapUyftlClTIsWOz87Otr711luiby4BKSxdurTq9OnT
okO2u+66KzIpKUlULw8AAOSCgAMAENQWLVoUo1KpRJ0k0dDQ4Jw3b55X2wMAKbhcLiEzM7Okvr5e
1LGvKpVKsXjx4lip6wIAIJAQcAAAgtaIESOMAwcONIkZ63a7hYULF5ZUVFSIbvAISKmioqL5f/7n
f0Q3uh06dKhpyJAhIVLWBABAICHgAAAEJZVKJSxatEj0J9br1q2r3rt3b6OUNQHe+vbbbxv/+c9/
1ogdv2jRojiFQtSCJgAAAh4BBwAgKN1zzz2RCQkJWjFjf/jhB9uf//znKqlrAqTw6quvVn3//fc2
MWOTk5O1s2bNEn1cMgAAgYyAAwAQdCIiIlRz5swRdWqE0+l0P/XUUyUuFyfCIjA5nU73woULS51O
Ue04hIcffrhNaGgo7wEBAEGHFzcAQNBZsGBBtNFoFHUs7IYNGy5dvHjRIXVNgJRyc3Ob/vWvf10S
M9ZoNKoyMzPbSF0TAAD+pkhLS8vxdxEAAEile/fuuvXr13dUqTzPN+rr653jxo270NDQwPINBLzQ
0FDl9u3bO4sJ85xOpzB16tTcCxcuNPmiNgAA/IEVHACAoPL444+3ERNuCIIg/PWvf60k3IBcNDQ0
uN59991KMWNVKpXw+OOPs4oDABBUCDgAAEGjffv2miFDhoSKGZuXl2dfv359rdQ1Ab60Zs2a2oKC
AruYsSNGjAhLSEhQS10TAAD+ooqLi5vr7yIAAJDCU089FdOjRw+DmLFPPPFEUWlpabPUNbVmERER
qhtuuMEwZswYU9++fQ0Gg0HZ0NDgstlsbn/XFkwuXrzYNHHixHBPxykUCsFgMAi7d++2+KIuAABa
Gqk9ACAoREREqMaOHSvq+MudO3fWHzt2TNSxm7i6OXPmRM2ePfu/mr1aLBbn+++/X7Vy5UpRDTLx
3/bv39+4Z8+ehmHDhnm8emnixImRb7zxRhVbswAAwYAVHACAoPDwww9H9+vXz+jpOIfD4X700UeL
zGYzN3gSef3119tOmzYtWqvV/tdWWK1WqxwwYICpU6dOmq+++srsj/qC0alTp2x33nlnpEqlUngy
Tq1WK1wul+vQoUNWX9UGAEBLoQcHAED2tFqt4q677ooUM/bDDz+sLisrY2uKRObMmRN1yy23/Op2
iTFjxoTPmTMnqiVqag0KCwsd69evrxEz9o477ojSarUeBSMAAAQiAg4AgOzdfffd4WKOyrRYLM4V
K1ZU+6Km1igiIkI1e/bs6Ov9+dmzZ0dHRESIO/IG/2XFihXVVqvV45VIERERqilTpoT5oiYAAFoS
AQcAQNYUCoUwa9as676pvtLGjRtrrVYrDS8l0qtXL50nQZPRaFT16tVL58uaWpOGhgbX5s2bRfU2
mTlzZrRCwSIOAIC8EXAAAGRt/PjxobGxsRpPxzU3N7tXr14takk/rm7gwIEhLTEGv+z999+vaW5u
9ji0a9eunfaWW24x+aImAABaCgEHAEDWPNkScaXPP/+8rrKy0il1PYA/VVRUOL/66qs6MWNnzZpF
TxQAgKwRcAAAZKtz587alJQUvafjXC6X8N5779F7Q2IHDhxobIkxuLaVK1fWuN2e77xKS0sL6dy5
s9YHJQEA0CIIOAAAsnX77beLaoy4b9++hoKCAofU9bR2Z86csVsslutucmmxWFxnzpyx+7Km1ujc
uXNN3333nagjeCdPnkyzUQCAbBFwAABka9SoUaJuxlauXMnqDR+ora11rlq1qup6f37VqlVVtbW1
bBPygffee++6fw9XGj16NAEHAEC21IIg0D0eACA7ffr00SckJHi8nD4rK6vx+PHjVl/UBEH429/+
Vp2RkWEYNGhQ6LV+7rvvvmv429/+RtDkI8eOHbNmZ2dbe/bsafBkXEJCgrZ37966kydP2nxVGwAA
vsIKDgCALI0fP17UJ81r1qzhptrHHnrooaLly5eXX227isVicS1fvrz8oYceKvJHba3J3//+d1HP
dbHXFgAA/qZIS0vL9ncRAAB4aufOnV3atGnj0fGwFovFOWzYsB+am5t9VRauEBERoUpNTdUNGDDA
KAiCcPDgQcvp06ftbEtpGWq1Wvj222+7mkwmlSfjKisrHaNGjTrvq7oAAPAVtb8LAADAU/379zd4
Gm4IgiDs2LGjnnCj5dTW1jr37t3buHfvXk5K8YPm5mZh165d9ZMmTYr0ZFxMTIymX79+hsOHD7OV
CwAgK2xRAQDIzoQJE0Qtod+6dWu91LUAgWzbtm2invNirzEAAPyJgAMAICsKhUK46aabPL75qqur
az5w4AArCdCq7Nu3r7G2ttbjZUsjR44MUygUvigJAACfIeAAAMjKsGHDjBERER5vsdy+fXu9283B
YWhd3G63sHPnTo9XcURERKiHDBkS4ouaAADwFQIOAICsDB8+3CRmHNtT0FqJfe6PGDFC1LUGAIC/
EHAAAGTlN7/5jcefKldXVzuOHTtGw0S0SocPH7ZWVlY6PB3Xp08fVnAAAGSFgAMAIBsmk0nZqVMn
vafjtm3bVueLegC52LFjh8erOLp06aLX6/U04gAAyAYBBwBANgYOHBiiVHr+0rVlyxa2p6BVE7NN
RalUKgYOHMgqDgCAbBBwAABkIyMjw+Obrdra2ubs7Gy7L+oB5OLkyZO2hoYGp6fj+vXrR8ABAJAN
Ag4AgGyI6b9x9OhRjoYFBEE4ceKExdMxvXv3JuAAAMgGAQcAQBb0er2iW7duHvffOHHiBAEHIAiC
mEa73bt3N6jVavpwAABkQS0IgtvfRQAA8Gv69+8folQqPb7ROnTokEXgtQ4QDh8+7PEKDq1Wq+jX
r5/+u+++IygEAAQ8VnAAAGShf//+Hi+VN5vNzpycHPpvAIIgnDlzxma1Wl2ejqMPBwBALgg4AACy
IKb/xqlTp/jUGfiR0+kUdU307duXgAMAIAsEHACAgKdWqxXdunXz+Cbr+PHjBBzAFcT0pOnRo0eI
SqXyRTkAAEiKgAMAEPB69Oih02q1HvffOHz4MAEHcIUjR454fE0YDAZlp06dtL6oBwAAKRFwAAAC
XnJyssc3V01NTe4TJ054fGoEEMyOHDlidblcHjfd7dChAwEHACDgEXAAAAJecnKyxtMxeXl5NqfT
6YtyANlqbm525+Xledx4V0zICABASyPgAAAEvMTERI9vroqLi5t8UQsgdyUlJR5fG+3atSPgAAAE
PAIOAEDAExNwFBYWEnAAVyHm2hBzDQIA0NIIOAAAAS8hIYGAA5BIQUGBmIDD421iAAC0NAIOAEBA
U6vVQlxcnMc3V/n5+QQcwFWIuTYSEhK0SiVvGwEAgY1XKgBAQBPb3DA3N5eAA7iKvLw8j68NpVKp
aNeuHas4AAABjYADABDQxBxP2djY6KqsrOQIFeAqysrKmu12O0fFAgCCjloQBI9f4AAAaCnt27f3
+FPjH0+J4PUNuAqXyyWUlZXZk5OT9Z6M+/Fa5LoCAAQsVnAAAAJadHS02tMxxcXFdl/UAgQLMcco
x8TEeHwtAgDQkgg4AAABLSQkxOPXqurq6mZf1AIECzHXiMFg4H0jACCg8UIFAAhoYgKOxsZGly9q
AYKFxWLx+Boh4AAABDpeqAAAAU3MTRUBB3BtYq4Ro9HI+0YAQEBjLyUAIKCJCTjEfDoN6Wk0GkWv
Xr306enpekEQhKysLNuZM2dsDoeDRpV+JuYaEbOaCgCAlkTAAQAIaAQc8qNUKoVZs2ZFPfjgg7Em
k0l15d81NDQ433333fK1a9decrn4NfmLyC0qql//KQAA/IeAAwAQ0MR8amw2m52+qAW/TqlUCh9+
+GGHtLQ049X+PjQ0VPX0008njBkzJnzWrFkXCTn8Q8wWFXpwAAACHS9UAICAptfr6cEhI4899lib
Xwo3rpSenm587LHH2rRETfhvYkJAMdciAAAtiRcqAEBAE/OpsdlsJuDwA6VSKfzud7+77tDi7rvv
bqNU8lbEH8RcI/TgAAAEOl6oAAABTcynxgQc/tGrVy/9z3tuXEtoaKiqV69eel/WhKsTc42wRQUA
EOh4oQIABDRPbpgva2hoIODwg0GDBv3q1hQpxsB7YgIOtqgAAAIdL1QAgIDmdDo9PlJUpeKwB3+I
j4/XeDomLi7O4zHwntvt+Um9CoXCB5UAACAdAg4AQECzWq0ef9JsNBp5fQOuQcw1YrPZWBkFAAho
akEQPI/wAQBoITabzeXpNhWj0agQeH3zBzH/zt0ix8ELJpPJ4+UYP4aN/K4AAAGLT7gAAAFNzAqO
kJAQ9qgA1yBmBYeYaxEAgJZEwAEACGhilsX/uIIDwC8Qc+QrAQcAINARcAAAAlpjYyMrOACJiezB
4fRFLQAASIWAAwAQ0ERuUeH1DbgGk8nk8TUiJmwEAKAl8QYQABDQCDgA6RkMBraoAACCDm8AAQAB
jYADkJ6Ya4QVHACAQMcbQABAQBNzUyXm02mgNTEYDB73qSHgAAAEOt4AAgACmtVq9bixYZs2bdS+
qAUIFmKuEbaoAAACHQEHACCgVVdXN3s6JikpSeeLWoBg0a5dO62nYyoqKjy+FgEAaEkEHACAgJaX
l9fk6RgCDuDa2rVr5/E1kp+fb/dFLQAASIWAAwAQ0HJzcz0OOEJCQpRRUVEe9xgAWoO4uDi1Xq/3
+D2gmGsRAICWRMABAAho+fn5TS6Xy+3puC5durCKA7iKTp06ebw9xeFwuIuKihy+qAcAAKmoBUHw
+E0jAAAtqaSkpMnTJfUdOnTQHjp0yOKrmiAp3ou0IDEBR2lpqV3g9wQACHCs4AAABLzi4mKP9/53
7NjR45s4oDVo3769x6ubiouL2Z4CAAh4BBwAgIBXWFhIo1FAIklJSR6Hf4WFhTQYBQAEPAIOAEDA
KygoIOAAJCLm2sjPz2cFBwAg4BFwAAAC3sWLFz3+9Dg5OVmn1+sVvqgHkCu9Xq8QGXCwggMAEPAI
OAAAAS8vL8/jmyulUqnIyMgI8UU9gFz1798/RKlUehz8XbhwgRUcAICAR8ABAAh4+fn5DqvV6vJ0
XEZGhtEX9QBy1a9fP4+vCbPZ7CwuLuaIWABAwCPgAADIwsmTJ82ejvnNb35DwAFcQcw1cerUKY5b
BgDIAgEHAEAWTpw40ejpmF69ehmVSl7qAEEQBJVKpejevbvHAcfx48cJOAAAssC7PgCALBw5csTj
myytVqvo06ePwRf1AHKTkZFh0Gq1HvffOHz4sMfhIgAA/kDAAQCQhaNHj1qbmprcno4bMGAA21QA
QVz/jaamJvfx48cJOAAAskDAAQCQBafT6c7JyfH4RqtPnz4EHIAgrv9GTk6OxeXyuL8vAAB+QcAB
AJCNkydPerxNJTU1lYADrZ5SqRTS0tI8vhbE9L4BAMBfCDgAALIhpg9HaGioqn///iG+qAeQi0GD
Bhn1er3H7/vEXHMAAPiLWhAEj/czAwDgDwcOHDC7XC7B05NRxo4dG37o0CFu1HxMoVB4/J7ixzG8
F/GxcePGhXs6xuVyCQcPHjQL/H4AADLBCg4AgGzYbDZ3bm6u1dNxo0aNilAoPD48AggKCoVCuPHG
Gz0OOHJzcxttNhvhBgBANgg4AACycuLECY9XYkRGRqo5TQWt1bBhw0wRERFqT8eJ6XkDAIA/EXAA
AGRlz5499WLGTZgwweNPsIFgIGZ7iiAIwq5duxqkrgUAAF8i4AAAyMqePXssZrPZ6em4G2+8kW0q
aHXUarVi+PDhEZ6Oq6ura96zZ4/ZFzUBAOArBBwAAFlpbm5279y5s9bTcZGRkeohQ4awTQWtyo03
3mg0mUwqT8d98803tW437TcAAPJCwAEAkJ2tW7d6HHAIgiCMHTvW40+yATkT+5zfsmWLqGsMAAB/
IuAAAMjOgQMHLJcuXWr2dNzIkSPZpoJWQ61WK4YOHepx/43q6mrHwYMHG31REwAAvkTAAQCQHbfb
LXz99deXPB1nMplUY8aMCfNFTUCgueWWW0LFbE/56quvWL0BAJAlAg4AgCyJ3aYya9asGKlrAQLR
zJkzRT3X2Z4CAJArAg4AgCwdO3bMWllZ6fB0XGpqqjE1NVXvi5qAQNG3b19Dr169PG6qW1ZW1pSV
lWX1RU0AAPgaAQcAQLa2b9/u8TYVQRCEhx9+OE7qWoBA8sADD8SKGffll1+KuqYAAAgEBBwAANkS
u5R+6NCh4R06dNBKXQ8QCJKTk7WDBw/2uLmoIAjCp59+SsABAJAtAg4AgGydOXPGlpOTY/F0nFKp
FO6///42vqgJ8Lc5c+bEKJWev8XLzs625OXlNfmgJAAAWoRaEAS3v4sAAECsNWvWVP7xj3/0uNfA
uHHjopYuXVpWU1Pj9EVdrZGYo3tra2ubBd6LSCYqKko1fvz4KDFj16xZUyHwuwAAyBgrOAAAsrZt
27a68vJyjz911mq1ylmzZrGKQ0I5OTkeN6cUMwa/bPbs2W3UarXC03ElJSX2L774ot4XNQEA0FII
OAAAsuZyuYSPPvqoQszYKVOmtNFqtR7fDOLqTp8+7XFYIWYMrk6r1Spuv/12UUfDrl27tsLlckld
EgAALYqAAwAge+vXr68xm80ebzUJDw9X33XXXZG+qKk1Ki0tbf7HP/5x3WHTP/7xj4rS0lKPt7Xg
6qZPnx5lMplUno6rr69v/uc//0lzUQCA7BFwAABkr6mpyb1x48ZKMWPvu+++OJ1OxyoOibzyyiul
O3fu/NWb5Z07d1565ZVXSluiptbAaDQq77vvPlHHH3/yySeVTU1N9N4AAMgeAQcAICh88MEHVU1N
TR6vsW/Tpo127ty5om4McXWZmZkFixcvvvhjA9H/UFdX17xw4cK8zMzMAn/UFqzmzZsXFxERofF0
XFNTk+vDDz+s9kVNAAC0NEVaWtoJfxcBAIAUXn755cRJkyZ53DjU4XC4J0+efLagoIAjMiWk1WoV
qamphrS0NIMgCMKpU6esp0+ftrJaQFqdOnXSbty4sbtKpfJ4JdLmzZurnn322WJf1AUAQEsj4AAA
BI0OHTpoN2/e3EOp9HyB4oEDB+oefPDBi9JXBfjWhx9+2Ll3794mT8e5XC5h/Pjx2SUlJQ5f1AUA
QEtjiwoAIGhcvHixad++fXVixg4cODB85MiRoVLXBPjSmDFjwsSEG4IgCHv27Kkl3AAABBMCDgBA
UFm1apWoI2MFQRAWLlyYqNFoaDgKWdBoNIonn3wyUez4FStWlEtZDwAA/kbAAQAIKkePHm08cOBA
vZixbdu21T344IMxUtcE+MKjjz4aEx8frxUzdu/evXWnT5+2SV0TAAD+RMABAAg6L730UrHD4RDV
yPLee++Ni4mJUUtdEyCl+Ph4zYwZM0Sd/uNwONx//OMfaSwKAAg6BBwAgKBTUFDQ9Mknn4jaqqLT
6ZR/+MMfEqSuCZDSM888k6DT6US9j1u3bl15YWEhvTcAAEFHkZ6eftzfRQAAILWQkBDltm3bekRE
RGjEjH/qqadyv/rqK1FbXQBfmjBhQvgrr7zSUczYqqoqx/jx47PtdjtH9QIAgg4rOAAAQamxsdG1
bNky0cvwn3/++eTExERR4QjgK8nJydr//d//TRY7funSpUWEGwCAYEXAAQAIWps2bao9c+aMWcxY
o9GoevPNNzuqVCpOVUFAUKlUirfeequjwWAQ9f4tKyurYcuWLaKOUQYAQA4IOAAAQe3FF18scrlc
oj6xTklJCfn973/fVuqaADH+8Ic/JHTo0MEgZqzL5XI/++yzhVLXBABAICHgAAAEtZycHNtnn31W
JXb8XXfdFTt8+PBQKWsCPDV69OiwKVOmiD7CeNOmTZV5eXlNUtYEAECgockoACDohYaGKj///POe
YWFhoo5/bWhoaJ46der3ZWVlnDyBFpeQkKDZsGFDd6PRqBIzvqGhoXncuHHZDQ0NLqlrAwAgkLCC
AwAQ9BoaGlwrVqwoFTs+NDRUvXTp0g5KJS+baFlKpVJYvnx5R7HhhiAIwttvv11CuAEAaA14pwYA
aBXWrl1bnZWV1SB2fM+ePY1PPPFEvJQ1Ab/m97//fdsuXbqEiB1/9OjR+n/84x81UtYEAECgIuAA
ALQKbrdbyMzMzK+trRW9zWTGjBnxkyZNipCyLuCXTJkyJfLuu++OEzu+tra2ecGCBflS1gQAQCBT
pKam0oMDANBqDBkyxPjOO++kKBTiTn91uVzuBQsW5O7YsUP0ahDg14wbNy7s1Vdf7ahUKkU9UV0u
l/DII4+c279/v0Xq2gAACFSq2NjYh/1dBAAALaWwsNARFhYmpKenm8SMVygUilGjRkVkZWWZi4qK
aDoKyd14442m119/vZNKpRKXwgmC8Pe//73s448/viRlXQAABDq2qAAAWp3XX3+97MyZM6I/2dZo
NMo333yzc3p6ukHKuoCMjIyQN954o5NarRYdbmRnZ1uWLVtWJmVdAADIAQEHAKDVcTqdwhNPPHHR
YrE4xc5hMBiUK1as6Ny1a1edlLWh9eratavu7bff7qzT6US/PzObzc3z58/Pc7k4NAUA0PoQcAAA
WqXS0lLHc88951UDRpPJpF65cmWXpKQkjVR1oXVKSkrSrFy5sos3x8G63W5h0aJFF8vKypqlrA0A
ALlQpKWlHfN3EQAA+MuSJUsSb7/99lhv5igvL7ffddddP9TU1HBjCY/Fxsaq165d2zUuLs6r1UAf
f/xx+UsvvVQiVV0AAMgNKzgAAK3akiVLinNzcxu9mSMuLk63evXqlPj4eFZywNav+/IAACAASURB
VCPx8fGaVatWpXgbbpw9e9ZCuAEAaO0IOAAArd4jjzySW1VV1eTNHMnJyfr169d37dy5Mz05cF26
du2qW79+fbf27dvrvZmnurq6ae7cublS1QUAgFwRcAAAWr3S0lLHAw88cN5sNnu1xSQ6Olr74Ycf
ds3IyAiRqjYEpxtuuCFkzZo13aKjo71a9VNXV9c8e/bs8xUVFWyPAgC0egQcAAAIgpCbm2t/9NFH
z1utVq+OnzCZTOp33303ZdSoUaFS1YbgMmLEiND33nsvJSQkRHRDUUEQBKvV6nrooYfO5eXl2aWq
DQAAOVPFxcU95O8iAAAIBGVlZc3Z2dmWsWPHRimVSoXYeVQqleKWW26JrKystOfk5NikrBHydscd
d0S+8sorHdVqtVcfMjkcDtfjjz9+/vjx41apagMAQO4IOAAAuEJhYWFTYWGhdeTIkZEKheiMQ1Ao
FIrhw4dHqFQq1+HDhy0SlgiZyszMjMvMzExSePPEEgTB5XK5n3766dw9e/aYpaoNAIBgQMABAMDP
nDt3zm42mx1DhgwJ92YehUIhZGRkhCUmJqp37dpVL1V9kBeFQiG88sorSXfddVect3O53W7hxRdf
zN+6dWudFLUBABBMCDgAALiKrKwsq0qlct9www1e99Lo1q2bccCAAaY9e/bUe9vjA/ISHR2tfu+9
9zoPGzYsQor5li5dWrh+/foaKeYCACDYEHAAAPALDh06ZImNjVX17NnT6O1cbdu21d12223R33//
fWNhYaFXR9JCHoYPH25asWJFSnJyslfHwF62bt268rfffrtcirkAAAhGBBwAAFzD7t27G5KTkzUp
KSleH/2q1+uVEydOjA4LC1Ps27eP/glBbOHChW0XLlyYrNfrJTmxbuvWrVXPP/98sRRzAQAQrAg4
AAD4FV9//XW90WhU9O7d2yTFfOnp6abhw4eH7t27t8FsNrNlJYjEx8drPvjggy433XRTlFRzrlmz
puzFF18k3AAA4FcQcAAAcB32799vtlgsjkGDBoV7eQiGIAiCEBMTo508eXL0xYsXG/Py8tiyEgTG
jBkT9s4776QkJCTopJjP5XIJf/rTnwpWrFhRIcV8AAAEOwIOAACu08mTJ63FxcW2G2+8MUKlUnmd
cmi1WuWYMWOiYmJiVPv27TO73W4pykQLU6vViueee67dvHnz2mm1Wkm2pDgcDveiRYtyN2/eXCvF
fAAAtAaquLi4B/1dBAAAcvHDDz/YTp06Zb755psj1Gq11zezCoVC6NWrl3HSpEkRBQUF1oKCAlZz
yMiwYcNM7777bpf+/fuHSTWnzWZzzp0799y3337bINWcAAC0Boq0tLSj/i4CAAC5SU1NNbzzzjsp
4eHhainn3bt3b+0rr7xSWFRU5JByXkirXbt2mmeeeSZp8ODBkhz/elltba3j4YcfPpednW2Tcl4A
AFoDAg4AAERKTk7Wvvfeeylt27aVpOfCZXa73bVu3bqyv/71r+V2u519KwFEr9crH3/88bi77747
TqPRSLId5bKysjL77NmzfyDcAgBAHAIOAAC8EBUVpf7ggw+6dOzY0etjZH+uvLzcvnTp0qLPP/+8
Tuq54blJkyZFzJ8/v11sbKxW6rnPnz/feP/995+/dOlSs9RzAwDQWtBkFAAAL1itVtfmzZtrkpKS
1F26dJE05DCZTOrRo0dHDR482HTixAlLbW2tU8r5cX1SUlJ0b7/9duff/e53cUajUSX1/J9//nnV
3LlzczkyGAAA77CCAwAAiUyePDly8eLFyXq9XtKtC4IgCC6Xy71z585Lf/vb38pycnLoz9ACunbt
qn/sscfihw8fHqlUKr0/G/hnbDab64UXXri4ZcsWTkoBAEACBBwAAEgoOTlZu3z58s4dOnQw+GJ+
t9stHD58uO69994rO3TokMUXj9HaDR482PTAAw/EZWRkhPvqMS5evGh9/PHHL+Tn53NqDgAAEiHg
AABAYhqNRvHss88m/va3v4315eNkZ2ebV61aVbZ9+/Z6Xz5OazFu3Ljwe++9N75Hjx5GXz7Opk2b
Kl566aVih8NBA1kAACREwAEAgI+MGTMm/Pnnn+8QEhIied+GK128eNG6Zs2a8k2bNl1yOp3cNHtA
pVIp7rjjjsgZM2bEtW/f3ierbi4zm83O//3f/83bsWMHgRQAAD5AwAEAgA8lJSVp33jjjY7dunXz
6aoAQRCEioqKpnXr1pV/8sknNQ0NDTQkvYawsDDV1KlTo2bMmBHXpk0byU9F+bmzZ89annjiidzi
4mKOgAUAwEcIOAAA8DGVSqVYtGhRwp133hmnUEjeq/K/OBwO95EjR+q+/PLLS1988UVdY2Mjp3MI
ghASEqIcP358+JgxY6L69u0bptFofP7LcLlcwscff1z22muvlbK6BgAA3yLgAACghfTt2zdkyZIl
yb5qQHo1drvddfDgwbovvvji0ldffVVnt9tb1U22TqdTjBkzJnzs2LGR/fr1C9fpdJKfcPNLLly4
0Pjiiy8WHDt2rLGlHhMAgNaMgAMAgBakUCiEGTNmtHnooYcSwsLC1C352Far1blv3766L774ombX
rl0NwdrkUqVSKW6++eawsWPHRg4ePDhcr9f7tAfKz9XV1TWvWLGieO3atdVud1D+KwYAICAp0tLS
jvi7CAAAWpvw8HDVU089lTBp0qQYpVLp+30rP2Oz2Vxnz541nzhxwnz06FHzwYMHLTabTZZbWQwG
g3LgwIHGG264wdS7d29Tt27dTHq9vsVWalzmcrnc//rXvypff/31EnqgAADQ8gg4AADwo27duulf
eOGF5B49epj8WYfT6XRfuHChMSsry3zs2DHz/v37zTU1Nc3+rOmXREVFqYcOHWrq27evKS0tzdS5
c+cQf4REVzpz5kzDkiVLCr7//nubP+sAAKA1I+AAACAATJ48OXLevHntoqOjfX6ix/WqqalxFBYW
2goLC20XL160nT9/3nbu3DlbYWFhk68fW6FQCElJSdqUlBR9586d9R07dtQnJSXpk5KS9JGRkRpf
P/71qqioaHrrrbeKPvvss0v+rgUAgNaOgAMAgACh1+uVmZmZ8dOmTWvr71quxW63u0pKSmw/hh/2
hoYGp8VicVosFldDQ4PTbDY7f/x/V319vbOqqqpZEAQhJiZGHRoaqgoNDVWZTCalyWRShYaGqoxG
o9JkMqlMJpMqKSlJ3759e11CQoJeq9W2+DYTT6xbt6502bJlZXLd2gMAQLAh4AAAIMC0bdtW88AD
D8RNmjSpTUs3yMS1Wa1W55YtW6refffdssrKyoDcwgMAQGtFwAEAQICKjIxU3XvvvTG33357XHh4
eIueuIL/VFdX59i4cWPFqlWrKuvr62kgCgBAACLgAAAgwOn1euW0adOip02bFhcbG6vzdz2tSVlZ
mX39+vXla9eurWpqauLMVwAAAhgBBwAAMqFWqxW33XZb5KxZs+I7dOhg8Hc9wSwvL69xzZo1ZZs2
bbrkctFiAwAAOSDgAABAhkaPHh12//33x/fq1SvU37UEk1OnTjWsWrWqbMeOHfX+rgUAAHiGgAMA
ABnr2rWr/re//W3UqFGjIhMSEvT+rkeOiouLbTt37rz06aefVl+4cMHu73oAAIA4BBwAAASJ9PR0
w6RJk6JuuummqNjYWK2/6wlkFRUV9l27dl3697//XZOVlWX1dz0AAMB7BBwAAAShfv36GSdOnBg1
YsSIyMjISI2/6wkENTU1jt27d9f8+9//vnTkyBGLv+sBAADSIuAAACCIKZVKYfDgwaYJEyZEDRs2
LDIsLKxVHTdbV1fXvGfPnktbt26t2b9/v9nt5iAUAACCFQEHAACthFKpFFJTUw19+/Y1paenG3v2
7GkMtr4dJSUltuzsbEtWVpb5yJEjluzsbCunoAAA0Doo0tLSDvu7CAAA4B9RUVHqAQMGGPv06WNK
S0szpaSkGHU6ndLfdV0Pm83m+uGHHyynT582nzhxwnzo0CFLTU1Ns7/rAgAA/kHAAQAAfqJQKITk
5GRtx44d9cnJybr27dvrk5KSdAkJCbr4+HidRqNp0fCjqanJVV5ebi8pKbEXFhbaCgoK7Pn5+fa8
vDxbfn5+E1tOAADAZQQcAADguiUnJ2s7deqkS05O1sfFxWlNJpNSr9erQkJClHq9XqXX65UGg0Fp
MBhUBoNBqdPpVEajUSUIgmCxWJx2u91ptVpdVqvVabVaXTabzWW1Wp2NjY0uu93uNJvNrvLy8qb8
/Hzb+fPn7YWFhU3+/mcGAADyQMABAAAAAABkTxZ7bAEAAAAAAK6FgAMAAAAAAMgeAQcAAAAAAJA9
Ag4AAAAAACB7BBwAAAAAAED2CDgAAAAAAIDsEXAAAAAAAADZI+AAAAAAAACyR8ABAAAAAABkj4AD
AAAAAADInloQBLe/iwAAAAAAAPAGKzgAAAAAAIDsEXAAAAAAAADZI+AAAAAAAACyR8ABAAAAAABk
j4ADAAAAAADIHgEHAAAAAACQPQIOAAAAAAAgewQcAAAAAABA9gg4AAAAAACA7BFwAAAAAAAA2SPg
AAAAAAAAskfAAQAAAAAAZE+tUCjc/i4CAAAAAADAG6zgAAAAAAAAskfAAQAAAAAAZI+AAwAAAAAA
yB4BBwAAAAAAkD21y+Xydw0AAAAAAABeYQUHAAAAAACQPQIOAAAAAAAgewQcAAAAAABA9gg4AAAA
AACA7BFwAAAAAAAA2SPgAAAAAAAAskfAAQAAAAAAZI+AAwAAAAAAyJ5aoVC4/V0EAAAAAACAN1jB
AQAAAAAAZI+AAwAAAAAAyB4BBwAAAAAAkD0CDgAAAAAAIHsEHAAAAAAAQPYIOAAAAAAAgOwRcAAA
AAAAANkj4AAAAAAAALJHwAEAAAAAAGSPgAMAAAAAAMgeAQcAAAAAAJA9Ag4AAAAAACB7akEQ3P4u
AgAAAAAAwBus4AAAAAAAALJHwAEAAAAAAGSPgAMAAAAAAMgeAQcAAAAAAJA9Ag4AAAAAACB7BBwA
AAAAAED2CDgAAAAAAIDsEXAAAAAAAADZI+AAAAAAAACyR8ABAAAAAABkj4ADAAAAAADIHgEHAAAA
AACQPQIOAAAAAAAge2pBENz+LgIAAAAAAMAbrOAAAAAAAACyR8ABAAAAAABkj4ADAAAAAADIHgEH
AAAAAACQPQIOAAAAAAAgewQcAAAAAABA9gg4AAAAAACA7BFwAAAAAAAA2SPgAAAAAAAAskfAAQAA
AAAAZI+AAwAAAAAAyB4BBwAAAAAAkD0CDgAAAAAAIHtqQRDc/i4CAAAAAADAG6zgAAAAAAAAskfA
AQAAAAAAZI+AAwAAAAAAyB4BBwAAAAAAkD0CDgAAAAAAIHtqfxcA+MKoUaPCly5d2uvK77lcLuHB
Bx/MOnTokNlfdQEAAAiCIGRlZQ2+8uv09PT9/qoFwem1117rlJycbIiMjNQZjUaVXq9XqtVqldPp
dNntdtelS5eaysvL7adOnarfsmVL9blz52z+rhnwFgEHgtLUqVPjfv49pVIpTJ8+ve2hQ4fO+aMm
AAAAoKUMGzYs2mQyaX7+faVSqdRoNEqTyaROSkoKycjIiJwxY0bSt99+W/XHP/4xv6KiwuGPegEp
sEUFQSc+Pl6TkZERebW/GzBgQFSbNm0I9gAAAIAfaTQa5ahRo2JXrVrVq0uXLnp/1wOIxY0egs7M
mTPjdTqd6mp/FxISorr33nvjX3/99aKWrgsAAABoKadOnaovLS21nzp1qqGoqKipqKjIbrfbXUlJ
Sbr09HTTgAEDwvv16xel0+l++tC7ffv2Ic8991znmTNnnvFn7YBYirS0tH3+LgKQ0rZt236TmJho
EIT/v+/GxYsXzZ06dTJd/vuSkhLr2LFjj/uvQgAA5CUxMVE7Y8aMuJtuuqlNS76G+utxWwI9OFqf
QHw+9+zZM+S1115LSU5ONl75/ZdffvmHf/7zn1X+qgsQixUcCCoTJkyIuhxuCIIgnD9/vuHTTz8t
W7RoUcrl7yUkJBgmT54cvWnTpmr/VAkAgHy88847XTMyMiJ/aXVksD0u4AuB+nzOzs5ufOSRR3LW
rVuXHhERob38/VGjRkUTcECO6MGBoDJ58uTYK7/etWtX1bp16ypramqafvZz/9WEFAAA/LchQ4a0
8cdNmb8eF/CFQH4+FxUVNW3durX8yu9dufoZkBO1QqFw+7sIQArJycm6Pn36RFz+urGx0blu3bpy
hULh3r9/f/XEiRPbXv67tLS08F69ehmys7Mb/VMtAADy5K/3jsH+njXY//nwnwLt971z586a6dOn
J13+2mQycZ8IWWIFB4LGzJkz47Va7U/P6aNHj16qra11CoIgrF+/vszlcv30H2mVSqWYOXNm26vN
AwAAALQmubm5tiu/1uv13CdClnjiImgMGzaszZVff/bZZxWX/3z69OnGs2fP1v/s56ONRiPXAAAA
AFq1+Ph47ZVfW61Wp79qAbxBk1EEhSlTprSJj4//6czukpIS6/bt2y9d+TNffvllZc+ePcMvfx0a
Gqq555574v/617+WePp4J0+eHHL5z263W+jTp88+QRCEiIgI1bRp0+IGDRoUmZiYaDCZTGqdTqfa
sWNHxYIFC85da87u3bsbJkyY0CYjIyM8JiZGFxISojYYDCqn0+k2m83NZWVl1mPHjtV/9NFHZSUl
JU3XmkuMcePGRb766qs9r/zeV199Vf7UU0+d93SuhIQE7ebNm2+48tixxYsX53z++ec1vzQmMTFR
+9vf/rZN//79IxISEgwmk0ltMBhUNpvNZTabm6urq23Hjh2r27JlS7WnW4uu/H0JgiD07t3bo9Oj
vB3vKb1er5w+fXrswIEDI9u1a2eIiorSarVaZXNzs7uxsbG5tLTUeuzYsbp169aVFxUVXddzoaX/
HXCNXBvXyPVJT08PWb169W+Uyv+XRX/99dcVTz755DWfK1caPXp0xF/+8pdeV37PYrE0jxw58rDN
ZnNdzxyhoaGqHTt29Lty//yTTz555uuvv6692s+r1WrFtGnTYgcPHhzZvn17Q2RkpE6v1ytdLpfb
bre76urqHEVFRY3fffdd7bp16yqutw5B+OVrSxAE4bbbboseOXJkdEpKiiksLEwTEhKicjgcLqvV
6iwsLGw8fvx4/fvvv19yeXXj1Xz00UepaWlp4b/09z+v4Ure/N59/bi+vH78pSX/mUaPHh0xbty4
Nt27dw8NDQ3VmEwmtd1u/+lxDhw4ULthw4aKK1+TvP3vgpz/m+ev68gbw4YN+496S0tLrf6oA/AW
AQeCwqRJk/6juei+ffv+64SUjz76qGL27NnJ4eHhmsvfGzNmTKyYgONKbrfbLQiCcPPNN0csXry4
S3R0tM6T8YmJidonn3wyefjw4TFqtVrx879XKpWKyMhIbWRkpLZHjx7ht912W9v/j707j4uqXvw/
/hkYdgRkR1BcURRQ0lxAXEPLJMzMXds3b7fs1k3LX+atm3Wz/Xvb+97SvmYplmWZS1qKoriCOy6I
CgoiAgrCIM78/jDmnhlZZtjOfOD1fDx4PDzjOTOfM8NnOJ/3+SyLFy8+8+mnn55vSLnN/frrr4Wz
Zs0q7dChg3GZsP79+3trtVpNZWWlVWMwp0yZ4q9suOXk5FytqeHWpk0b+9mzZ7cfM2ZMoKur602T
b7m6utq7urra+/v7O4WHh3tOmjQpJDk5+eL7779/9tSpU+XVPafM7r33Xt9HH320o7+//02/R46O
jhpHR0dHLy+vqt+FdkuXLs3+8MMPc9Qoq6WoIzejjlhm//79V0+dOlXSpUsX42R3UVFRtTYazI0e
PdrX/DE3NzftuHHjfL799tt8S57j7rvvNpkcMC8vr7ymcGPs2LHef/nLXzq2a9fOxfz/7OzsNFqt
1s7NzU3brl07l/79+/tMnz495KOPPspKSkqyerWCqrrVs2dP11deeaVrt27d2pjv4+TkZO/k5GTv
5eXlGBkZ6XXXXXcFvvXWWydXr15dY5jWkrTE+tOc59SnTx+3OXPmdFLeIKrpdaZOnRry3XffZb/9
9tvZspwf/isxMTFQub179+5itcoCNATd8yG9rl27OitT8srKSsOyZcvyzPerrKw0bN++3ST46Nix
o9ttt93mZb6vNfR6vRg+fLjnP//5zx7WNtzi4uI8vvnmm94jR470r67hVh03NzftrFmzOn/wwQdh
9StxzTZs2GByse/p6ekwdepU/5r2r8mQIUNMGhSbNm2q9sK9e/fuLsuWLYuaMGFCcHUXMdXRarV2
w4cP9//qq68ihw4dalVDx9Y9/vjjQS+++GJYdeFGddzc3LSPPPJIxzlz5nRo6rI1BHXkZtQRy23f
vt2kIe7v7+80ePBgD0uPV04+rTRs2DAfS58jJiamrXJ79+7dhdXtN2XKFP8FCxZ0ry7cqImPj4/T
vHnzwiZPnuxn6TFV9Hq96NOnj9vHH3/cq7pwozpeXl6OL730UtiIESMa9LdPBi2x/jTnOY0fP973
s88+i6wu3KiOk5OT/cyZM0O/+uqrnpZ+X5triZ+ZDJ599tmQ4OBg16rtq1evXl+8eHGj3iQAmgs9
OCC9GTNmBGm1WmNYd+jQoeKTJ09Wm+AvX748b9SoUYHK7s4TJ04MrOlOnKXmzp3b1dnZ2V6n013f
smXLxW3bthUeOXLk6tmzZ3X+/v4O1U3UNGzYMM+FCxf2cHNzM9ZDnU6nT0lJubhly5bCw4cPl164
cOFap06dnAcNGuQ5bNgw327duhnvYg4dOtTvlVdeuTZ//vxTDSm70pdffpk7adKkEHd3d2OZbrvt
Nt8lS5bcFBjVZODAgW1CQ0ONd7h1Ot31xYsX55rv1717d5ePP/64l7LBq9frDenp6UWbNm0qOHTo
UGlWVlZ5x44dnXv16uU2YsQIn969e3vZ2dlphLhxkf7GG2+Ez50798jmzZulv8sQExPj8dBDD3Ws
Oj8hhMjPz9dt3Lgxf/PmzYUZGRlXAwICHIcPH9727rvvDvLz83MSQgiNRiMmTpwY/McffxSmpqZe
Ue8Makcd+S/qiHWSkpIuTJ48ub2ywTRq1CifrVu3Xq7tOCFudKuvKTCMjIz0sLT3TWRkpDFQMRgM
4ocffrhgvk/Xrl2dn3zyyU4ODg7G3+VLly5V/PbbbxdSUlKKMjIyyjQajejWrZtLXFxc29tvv93f
3d3dQYgbPTv++te/dl6/fn3hpUuXKusqj9LChQu7e3l5OQohxJkzZ0p//fXXC7t3775y8uTJsvbt
2ztFR0e3ueOOO/y7d+9uDECcnJzsZ8+e3XHTpk1p5s83ffr0g+aPNccwvcZ+3ZZYf5rznMaOHev9
wgsvdHV0dDSGDNevXzekpaUVbdq06eLRo0evnjp1qrxjx47OkZGRbiNGjPCNiory0mg0Ijo6uu2i
RYu62vL5NTW16lF93Hvvvb5Tp041uVHyww8/5DTFUE+gORBwQHpxcXEmd+F+++23Grv57tmzp+T4
8eNXlBd60dHRbTt16uR06tQpXX1eX6vVagIDA50LCgp0s2fPPrx//36TcaDVPW+bNm3s58yZ00XZ
cMvKyip94YUXjpmPI7106VLJnj17Sv7973/nPP3008H33XdfqL29vUYIIRISEoI2btx4qbH+kF+5
cuV6SkpKwahRowKqHuvVq5dHp06dnC3t9jlhwoQAjea/N2527txZmJ+ff818v1deecVkqEJxcXHF
okWLMlevXm3Sy6agoKBkz549JUuWLMlLTEz0efbZZzt7eno6CnGjm+rcuXO77N27N/3KlStST4Y1
Y8aMIOUqQKdPny596KGHDinfu4KCgsrDhw9f/fHHH/O/+uqrSD8/P2chbty9mjhxYoCtBhzUEVPU
EeucOnVKd/z48cvh4eHGO7PR0dEW3aVVDk/R6/WG8+fPl1XdpXR3d3e4++67fVasWFHr0JDExESf
qiBCCCHOnj1bumvXrhLz/R544IF2yuArLy+v/IEHHjiQk5Nj0kjIycmp+OOPP4pXr16d/+GHH0ZU
HePu7q596KGHghYtWnTWknMT4kbdCg4OdhFCiPXr1+f9/e9/N5kPpqCgoDItLa30yy+/zH3rrbe6
xsfHG39vQ0ND3RISErxb6lCVllh/muucvL29tc8880xnZbhx6dKlijfeeOPEunXrTHovVb3WV199
lTdx4kS/p59+upO7u7vDiBEjrO7Z1hI/M1t3zz33+P7973/vqgyQjx49evnNN9+0+HsIsDUMUYHU
pk6d6m/2x/DaN998c9OdNaXffvvNpIu5o6Oj3cyZMxu0ZKxerxevv/76CfOGW02ef/75DsouzDk5
OWUPPPDAwbomyXr//fdzFi9efKZq287OTvPoo4+2r+0Yay1duvS8ckldrVZrN23atIDajlHsq+nf
v7+38rGVK1fedGf66aefDu7Ro4fxjmhZWdn1efPmZZhfxJj78ccfC1566aVjypm927Vr5/Lcc8/Z
9BANSyjfDyGE+Oyzz85U1+gVQojs7OyKpKQkk7ljevbsaXGXfTVQR4z7UkfqYcuWLSaN8JCQELfw
8PA6h4Eoh6ccP378ypYtW0zev6FDh9Y5TGXo0KEmn9eOHTuqHZ5iHrqsWrXqvHm4oZSWlla6du1a
k89e2VPEGnv37i00DzfMzZ079+S5c+dMJg2Mj4+/aX6SlqAl1p/mPKfnn3++g6+vr/HaqqSkpPL5
558/Yh5umFu+fHn+Sy+9dKy8vNzqYKElfma2btq0af5z587tppxfKD8/Xzd37lyLJ3EGbBEBB6Q2
ZswYkzsEO3fuvFRXd+OlS5fmlZSUmDQchw4d6lvf8aJCCJGRkXF5w4YNFg1zcXNzsxs2bJhxrLVe
rzf861//Omlpt+T3338/Oysrq7Rqu2fPnh5dunRxru0Ya6SlpZUePHjQl/M/WgAAIABJREFU5G53
TEyMRWPVJ0+e7KecxDUrK6v0999/v+nO+ZgxY0wmsvr+++/PJScn19ndXAghNm/eXPzDDz+YNO6H
Dx/uK/t67R4eHiY96rZv317r+7FhwwaTC00fHx/Hmva1BdSRG6gj9fPdd99dqKioMDZg7OzsxNix
Y2ttnI8YMcJkeEpKSkrhqlWr8pXhVO/evevsCaKc40mv1xuSkpKqDdHN55dZv359nT0jNm7caFKP
27dv71rTvjWprKw0LFq0KMuS/cwn4A4NDbX69WTQEutPc51TmzZt7OPi4kzmg1m6dOnZ6notVWfT
pk1FK1eutHri65b4mdmy+++/P+Bvf/tbF2XP0ZKSkmvz5s3LYKJWyI6KD2lFRES49urVy2RcdFJS
Up3j4EtLS/Xmd+B8fHycpk+fbnV3yiq7du2q9a6G0pQpU/w9PDyMDZwDBw4UW9t9fsuWLcYu1XZ2
dpq6LvSt9dNPP5m8j8HBwS7x8fF1Tkg3atQok4uijRs33rRCwYQJE0yW9C0uLr72wQcfWDXj+r//
/e/s4uJiY0jl6enpOHHiRKsn6LMl169fNwnm+vfvX+uEgSdPnizv3bv3tqqf/v3772jaEjYMdeQG
6kj9FBQUVB46dMiksdOvX79a3+/bb7/dGDpVVlbqk5KSLhw9erQsMzPTGH55eHg4jB8/vsbfjbi4
OA9lSHL8+PGSjIyMapdOHDBgwA5lnTxx4kSdjYSjR4+a9EiydFJFpcOHDxdbukRmenq6SSPV19fX
poPR+miJ9ac5z2nq1Kn+yqFW+fn55dauNvfOO+9kFxUVWTx/Q0v8zGzZ1KlT/f/61792Uc5fd/Xq
1esvvfTSMVsd6gpYg4AD0po2bVqgckLG06dPl+7YscOiL+YVK1bk/rm6ntGYMWMs6mJeHfOLxtpE
RUWZdEHetm2b1eOfd+7caXKhHx4e7l7TvvWxYsWKi7m5uSYX8YmJibUGQJ06dXJSBk6lpaWVS5Ys
uanrff/+/U3umKalpRWVl5frrSlfaWmpPj093aQ3QJ8+fWx6iEZd8vLyTBpDs2bNCg0NDbVqxRFb
Rh2hjjTU77//btL7oGvXru6BgYEONe1/yy23GAOQY8eOXcnOzq4Q4sacJ8r9hg8f7m1+bJVRo0aZ
9Mypz+9ibcx7JSm7iltq//79Ft3lFkKI8+fPm8x3U5/Xs3Utsf405zmZf//u2bPH6knYKysrDTWt
NFSdlviZ2aro6Gi32bNnd1b2Wq6oqLj+2muvHdu0aVODJtwHbAUBB6Sk1Wo1sbGxJheef/zxR60T
xSnt2LHjysmTJ00aXGFhYW0GDhxo0TJ75k6ePFntHb3qdOrUyaRL8Pbt262e/PD48eMmrxcQENDo
DWHzO8u33HJL2zZt2tR4MTx58uQA5d2A1NTUS0VFRTeNw1WuciGEEAcOHKjX3QLz47p27epW074y
MP/97dChg9s333zT+6WXXgpt166d9HdZqSPUkYZKSkrKLy0tNQYCWq3Wbty4cdX2vhg+fLhn1SS8
QgixdetWY2PLmmEqyjk8Kioq9CtWrKh1jqcqzs7OdlOnTvV/4403On/99de91qxZE71hw4Z+W7du
7b9r166BaWlpsenp6bHmqyooJ5+1lHkvkNoUFhaaBCrKFV9aipZYf5rznMy/f+v7Wunp6RYf1xI/
M1v12GOPtVcGm3q93vDuu+9m/vzzzy1ysmG0TqyiAinNnDkzoGrGbCFupM/Lli2zeJlGIYTYtGnT
xa5duxr/qGo0GjF16tQgS3uBKJ0/f77aySCroyy3EEJ8/fXX0da+nrmmmH/hyy+/zB0/fnywi4uL
vRBCuLm5aadNm+b/ySefVLsu+uDBg42Bk8FgEN9+++1Nd6aFEMLb29ukrAcOHLD4zr7SwYMHS5Xb
ynkNZPT2229n9+nTxzMqKsrYoHJ3d3eYMGFCyLhx49odP368JD09/XJKSkqR2svf1Qd1hDrSUFV3
aGNiYoyhxoABA9pW937ffvvtxn0qKir0K1euNAYTGRkZZZmZmaVV3/+enp6OCQkJPuaTGfbs2dNV
OSfGkSNHLte1bGJoaKjTM88806F///7eyhWAmtKJEycsDjhyc3Nb/LKPLbH+NOc5mT926NChUvN9
LJGWlmbxtVRL/MxsVXh4uMmNvA0bNuTVNTk/IBut8i4GIIvRo0ebjKtMT08vsna97q+//jp3+vTp
Ia6ursaL0AEDBnj7+vpqL1y4YHFjTIgbYxct3dfZ2bnRuwQ7OTnZN3ZdzsvLq9i5c2fB0KFDjd3u
R4wY4VvdWNzhw4d7hoSEGBsCx48fv1LTJJlVjcEqZ86cKa9P2U+fPm0ypMPFxcXi96Ch71VTfW8+
/PDDhxcuXNhlxIgR/srhV1qt1i48PNwjPDzcY/LkySGFhYW6tLS04o0bNxb8+OOPtc4wX5Pmfg+o
I9SRxrBhw4aLyoAjPDy8jaurq6akpMSkO7tyeEp1wURqauolZcA9cuRI7x9//NGkF1VCQoKPskfF
H3/8cbG287r//vsDHnvssU7K+Qvqw9r3Ljc3t8LSY6pbNrM+n5Va146WvK4t1J/6qun5m/OczL9/
z549q6vPa2VlZd20/LctnF9N1PjOU6MeKZe8FuLGkG3agmhp6MEB6fTr1889LCzMZFzlrbfe6nPg
wIHBDX1uZ2dn+wcffDDojTfeOFP33vXj4OBQ79VaaqKcBbsxffPNN+eHDBniX3WR361btzZRUVFu
+/fvN7lLcvfdd5vMX7J+/foa7waYd4m+fPlyvdapLy4ubnFdrcvKyvTPPPPM8QEDBpyfNm1auz59
+ni1bdv2pp4Hbdu2dRo+fLj/8OHD/R977LHSjz766HRL6l5KHaGO1CQpKeniU089VVFVL1xcXLQJ
CQk+y5YtMw4XGj58uKe/v79yeMpNdWPVqlX5U6ZMaV8VJCqHolRRTmJaVlZWuXz58psmhK3y4IMP
Bv45aZ/J725xcfG1Q4cOFR86dKgkKyvranZ2dkVeXl7FpUuXKsvKyvRhYWHOK1eu7Gft+6BUUFBg
0epCrUVLrD/NfE4mv8PmE2Bbyt3d3eL3qyV+ZrbK/DvK0qXbAZkQcEA6U6ZMCbSza7q/WSNHjvRr
yoBDp9Ndd3FxMda9QYMGpZjffbQVKSkpV44dO3a5e/fuHkLcWI1i8uTJAfv378+s2sfd3d3u1ltv
NU7Sd/ny5WtLliypcbiQ+fkHBgY61OdixnxeCp1OZ/FzuLu721n6noeEhDT7/Bepqaklqampx4QQ
YtSoUV6DBw9uGx4e3qZTp05u5pMCtm/f3u21114L79ixY9a///1vi5fms+X3gDpCHanNvn37CkeM
GGEMjIYMGeKtDDjuuOMOYw8/nU53vbplXf9cTaWka9eubYQQom3bto4JCQneq1evviSEEMHBwY6d
O3c29vBIT08vqukziI6Odps1a1YnZcOhrKzs+ooVK7I//vjjnNreR3t7+0YP81o7W6g/ja05z6m8
vPy6shdScHCwU31CtA4dOlg875EtfGa2/J3XlMrKymzybyvQECSbkIq7u7tdTEyMT9171l9gYKBL
Uy4tZt5VPzQ01LmmfW3BL7/8YtI4GDhwoMn7P3nyZJMl5VJSUgpq+4Npfv5du3Z1qU+5unXrZnKc
NUMgAgICLL44seYirSmsX7++aP78+afuvffe/bfddtuuN9988/jRo0dNhjbY2dlpHnrooY4jRoyo
c5nSKrb8HlBHqCO1WbNmjUlPil69eplMEqocnnL48OHLFy9erLZxlpqaarLKw2233Wb83O6++24/
5YSwGzZsqHEo2H333ddOGTyWlZVVPvvss4cWLVp0tq4GU9u2bbnR1Mhsof40tuY8p5KSEpP6EhkZ
Wa+JOnv16mXxylW28JnZ8nceAOsQcEAqM2fODFSOH9TpdNdHjRqVGhkZubW+P3PmzDlk/jqJiYn1
XjK2LubLgfbv39+mlzH7v//7v7yCggLjWFo/Pz+nCRMmGMfAx8fHG8MgvV5vWLZsWbUTLFbJz883
GZdrzUWQUnh4uMlFl/n7qlRZWWnSyLCmUdGzZ0+bmYW9qKio8uuvv86799579y9cuDCjvLzcePGm
1Wo19913X3BNx8r0HlBHqCO1WbduXZHyXNq2bes4evTotkIIMWzYMM+AgABjILZ58+Yag4nvv//+
gtlqKsZgZMCAAcZ/FxcXV9Q2PCU8PNzk9/Onn346n5ycbNHSrV5eXgQcjUyN+tPUmvOczpw5YzJk
ISoqql6ry0VGRlp8HN95zUen011X/qhdHqApEHBAKvHx8f7K7fT09CJrVmeozpo1awrPnTtnsqRk
RESEZ1RUVJP8ATty5IjJ7OAxMTEW33VXHNPmwIEDg6t+tm7d2r/xSmjq2rVrhs2bN5tc3I8ZM8ZP
CCF69OjhUtU1Xwghjh49ennv3r21zrh+7Ngxk/OvbYnG2kRHR5u8b0ePHq1x1nWdTmdyIWPNsqt9
+/atV/ma2rJly/KXLVt2VvmY+VJ7SjK9B9QR6khddu3aZdL7YuTIkT5CCDFmzBhjsPTnMJEag4lj
x46VK5cL9/HxcRo9enRbDw8P+x49ehg/sz179hTVVhbzFXo2b95cWNO+5ljGsvGpUX+aWnOeU0ZG
hsnqJ3379m1r7es4ODhooqKiLC4j33nNp1+/ftuVP2qXB2gKBByQxuDBgz26dOli0oD7+eefG2Vp
qy1btpjMnm9nZ6eZOXNmUGM8t7l169Zd1Ov/+3e1b9++3tHR0VZd5I4dO9ZkCE1GRkaTXnh9+eWX
5ysqKoyFjoqK8goKCnKYPHlygHIM+Zo1a+r8PLZu3Wpy8d+jRw+Pzp07WzUE4c9Go8ndoS1bttTY
qCgqKjJZQcHSO0u+vr7a6iYfbAr79u2LqWqM79u3L8aSY77//nuTxptyRSBzMrwHVagj1JG6rFq1
Ks9g+O/ch1UNoujoaGNj7MCBA8V1jeM3H6YyatQon8TERF/lShLmQ2LMmU9keOTIEYsn7TO/4/zn
89n8vBwuLi6qXD9a8rpq1J+m1pznlJSUlH/t2jXjd1lAQIDz448/3s6a13riiSfa+fj4mAzjUH6n
m2ut33lq1SOgpaNiQRoTJ04MVC7Zd+HChfIffvihXktkmlu6dGmu8g+6EELExsb6enh4NPpyldu3
b79y9OjR4qptBwcHu/nz53ez9LWioqLcbrvtNpOeLGvXrm3SNcyzsrJ0e/fuNa5E4OTkZD916tTA
2NhY45j1wsJCnSVrqf/666+FZ8+eNd7BdnJysnvyySfbW1Oep556qoOyUXHixImSjRs31niX9ezZ
syY9dOLi4iyax+X5558PNV9SramUlpYqh5vYDR48uM5hGeazoSuHrJiT4T2oQh2hjtQlNTW1RPke
BQUFuUybNs0/MDDQ2CjasmVLnX8ffvjhB5NhKtHR0W0HDx5sDEny8vLK161bV2vDtqyszKTeRURE
WBTGeXh42CsDmSqenp6N/nenoZRhkhA3JmG11ddVo/40teY8p8zMzPK0tDST3/mZM2e2v+WWWywa
NnLLLbe4T5kyJcT88dqWIm0t33lq1SOgtSHggBR8fHy0AwYM8FY+tnXr1kYJN4S40ThJT083+UPo
7u6uvf/++5ukF8fHH398RhmodO3a1X3x4sWRvXr1cq3tuFtvvdX9nXfeCVfONn7ixImSFStWXKzt
uMbw7bff5iq3ExMTgwIDA40TeiUnJxdcu3bNouXkfvrpJ5MVJEaOHOk/adIkiyZ2feCBBwJjY2NN
9l25cuW52o7Ztm2byTKRwcHBrq+//nrn2o559tln299+++1N8vlXJy8vz+Ri684776zz/UhMTPRV
bivngTAnw3ugRB2hjtRF2ftCo9GIxx57rGPVdmlpaeXKlStr7XkhxM3DVPz8/JyUXfLNh8JU5+LF
iyb1bty4cf417as0b968jm5ubjf1uvL09LS5eTkqKipMQpxhw4Y1S6+d+r5uc9ef5tCc5/T222+f
LisrM0422qZNG4e33347fPTo0bW+/6NHj/Z66623wt3d3R3Me2zUFnAI0Tq+89SqR0rKoZsHDhwY
3NyvDzQHe39//wfVLgRQl8cff7xd//79jQGHXq83LFiw4HhNs+PXh6Ojo2Ho0KEmDUY/Pz+Hb775
Jtd831mzZnVQbn/88cdWLSublZWl8/T0NJnUztvb2zEhIcE/KirK1cPDw87Ozk5TVlamDwkJcbrt
ttu8Zs2aFfLEE0908vT0NN45KC0trZwzZ86Rhs5DYolTp06V33HHHd5t27Z1FEIIFxcX413GyspK
w/z58y3+PHbv3n1lyJAhHv7+/s5CCKHRaDS33npr28rKysq0tLQahxI8/vjjQY8//nhnZRfuHTt2
FLz22muna3u9jIyMssTERD9lYyIsLKzNkCFDPN3d3TUGg8FQWVlpCA8Pd7nzzjt95s6d2zk+Pj5A
o9GIrVu35nfo0MHkjqy1n7clOnfu7KQcsxwaGup68uTJklOnTlU7SdrIkSO9nnrqqc7KO1Zr167N
27JlS3F1+zf3e0AdoY5Ycp4NcfHixYrx48cHav7s2qd8v/fu3XvJkoBDCCFCQ0OdlGP+q1ZPMRgM
YtGiRSdzcnIqaj5aiLCwMOeePXsae1x17NjRrbKy8trevXtr/Jxmz54dcu+994ZoNBpNRUWFXjmM
KTk5+eLp06drDCsbWrfqc3xiYqKfp6en8W5zz5492zg4OOiLi4srr1y5cr224QcNUd/Xbe76U1/W
fBbNeU75+fnX7O3tr/fr169tVf1ydXXVjhgxwm/AgAHu7u7udg4ODpqKigp9eHi464gRI7xmz54d
OmPGjPZt2rRxEEKINWvWnA8LCzMO+6ioqLj++eefZ9vC+QmhzneeWvVIqaHfH4AMNBEREclqFwKo
y88//xwdGhpq/GNy+PDh4kmTJh1o7NfZtGlTPz8/P5Nxn3PmzDm0Zs0ak7t45ql3ZGTk1vq83t//
/vf206dP72BnZ2f1mOvCwsKKBQsWHNu0aVOzdZudNWtWuyeeeOKmOxxpaWmFM2bMuGk1mtqEhYU5
f/LJJxHK99tgMIhDhw4Vb9iwIf/AgQMlp06dKu/SpYtzZGSk+6hRo/x69OjhqRymdPbs2auPPPLI
wboaIEIIMW7cOJ+XX365u3Lpx7r89ttvecuXL8/97LPPeisfr+/nXRsfHx/typUro5XjlnU63fXf
fvvtwvr16wv2799f4ufn5xAREeE2atQov379+rVVnkt+fn75tGnT0mtryDfne0AdMUUdaRorV67s
rWxEVVm4cGHGsmXLLAo4unbt6rxy5cq+5r9jZ86cKb3zzjv31XV8UFCQw/Lly6O9vLyMDReDwSDS
0tIK165dm5+amnq5qKiosnv37i49e/Z0i4+P9wsPD/fUaDTi7NmzVw8dOnT59ttvD6w69p///GfG
d999V2PZG1q36nP8vHnzQidPnlznkIHG/twb8rrNXX/qw9rPornPadasWe0ee+yxTtZ+/yYnJ+fP
mjUrQ3l+hYWFFUOGDNlpS+fX3N95atUjpcb62wzYMpvrBgmYGzlypJcy3BBCiHXr1ll04Wqt5OTk
gvHjx5sstXnPPfcEmQccjWXRokVnjx49Wvrggw926Nq1q0XjWysrK/XJyckX33nnndNZWVk13uVr
CkuWLMmdOnVqe+UdciGEWL16tdXzGxw7dqx81qxZh957773w4OBgVyFudDOPiIjwjIiIqHOG8mPH
jl156qmnjlh64blq1aoCBweHY7Nnz+7i4eFR6/jZiooK/cqVK3MWLlx4ukePHi617dtYCgoKKt96
662TL7/8cveqCQ6dnJzs77zzzqA777yz1i6xly9fvvbPf/7zRF29FGz9PagOdYQ6UpuUlJRL5gFH
SUnJtaSkJIuHJJ04caL8xIkTJebPs3379ks1HaN0/vz5a4sWLTo5f/78MCcnJ3shbnxO0dHRbaub
Y6NKTk5O2VNPPXU4ISHBpOdghw4drJpcsTm8//77ZyMiIjws+b2zlddt7vrTHJr7nD766KNzJ06c
uPrUU091DA0NrfP7t6ysrPK7777Lefvtt89W8391Lkna0r/z1KpHQGtDwAGbN2HChEDl9pUrV64t
W7asSSYMXLZsWW5iYmI7ZXfhW265xatr167OJ06cqHE99YZYvXr1pdWrV19KSEjwjouL8+7Zs6e7
h4eHo6urq72Dg4PdtWvX9JcvX648d+5c2YEDBy6vWLHiQmZmZpOUpS4lJSX6rVu3XlQ2uC9cuFC+
fPnyegVOR48eLZs4cWL6s88+2+HOO+8MrGoc1Ka0tLTy+++/P/fuu++etXQ+gyorVqy4+Pvvvxc9
8sgj7fr06ePZrl07FxcXF61Wq9WUlJRUFhcXV+zevbvo22+/zT1y5EiZEDe66tbn3Orj559/vnTt
2rUjzzzzTOeqi7vaGAwGsX///qI333zz1P79+2tderSKrb8H1aGOUEdq8t133+VNnz69vfIObFpa
WrG1552ammoSlOj1ekNSUpLFf2d++umnAp1Od+SZZ57pEhwcXGvjx2AwiO3bt1986aWXTl64cOFa
RkaGSd0NDQ1VLTCqSUlJiX7KlCkHnnzyyeChQ4f6hISEuLi6umrr07OqOV+3uetPc2juc1q/fn3R
+vXr0+655x7foUOHeoeFhbm3adPGwdXVVavRaERJSUnl+fPny/bt21e8ePHi81XhgvlqQCUlJRYN
z2vJ33lq1SOgtWGICgCrfPDBB2HDhw83TqK3YsWK7FdeeSWroc/bsWNHp3Hjxvn169fPKygoyNnd
3V3r7OxsX15efr2kpKTy3LlzZdu3by/84Ycf8ptjPgU1OTg4aCZPnuw/bNgw75CQENe2bds6Ojk5
2en1ekNZWdn1vLw83fHjx6/88ssvFzdv3lztnBtQD3Wk9XJwcNBMmzbNf8iQIT4dO3Z09fDwcPwz
hLt+8eJFXUZGRsnKlStzt2zZcll5XFhYmHNYWJhrcHCwU0VFheHLL7+8ae4nNExLrD+2fE5xcXEe
H330UVTV9ubNmy88+eSTx6x5Dls+PwC2SxMZGblF7UIAkIO/v7/D6tWrb62azK+iokJ/zz337K5t
QjygNaGOAIAQzz33XPuZM2d2rNpesmTJ6bfeeosJLQE0OYaoALDYgw8+2E65UkF6enohDTfgv6gj
AGS3a9euWCcnJ+Owr/Hjx++ydphubGysT9W/9Xq92Lhxo0Vz2gBAQ1k8azAAjBw50l+5vWrVqrya
9gVaI+oIANkVFxebTNI5ZswY35r2rc5DDz0U1KVLF+OcNidPnry8b9++Gpd6BYDGRMABwCLTpk3z
DwgIMM7un5OTc3X16tUFapYJsCXUEQAtwcGDB03mdpo6dWr7O++809uSYx999NGgxx9/3GSp7J9+
+ok5ZQA0G4aoALBIYmKiyWo2v//+e5Ms1QvIijoCoCX4z3/+kzNo0CAfFxcXrRBCuLq6al977bWe
M2bMuJySknIpLS3tyrlz53R5eXnXAgICHLp06eISFRXVJjY21qdz584my8nu2rXr0uLFi+nJBqDZ
EHAAqNOgQYPahIWFGddt1+l015csWcIdGeBP1BEALcX+/ftLFy1adGLOnDndqpZptbOz0/Ts2dOz
Z8+ennUdr3ieomeffTaj6UoKADdjiAqAOk2fPr2dnd1/vy527959KTc3t6KWQ4BWhToCoCVJSkrK
/8tf/nLg6NGjlw0Gg1XHlpSUVC5duvTM9OnTDxQVFVU2UREBoFr04ABQq3bt2jn279/fR/lYUlIS
d6aBP1FHALREO3fuvDJx4sT0QYMGtRk1apRvjx493H19fZ08PDwcHB0d7e3s7DTXr1/Xl5eXXy8q
KqrIzs4u27dv3+Vly5blEWwAUIsmMjJyi9qFAAAAAAAAaAiGqAAAAAAAAOkRcAAAAAAAAOkRcAAA
AAAAAOkRcAAAAAAAAOlphRDWrf0EAAAAAABgY+jBAQAAAAAApEfAAQAAAAAApEfAAQAAAAAApEfA
AQAAAAAApEfAAQAAAAAApEfAAQAAAAAApEfAAQAAAAAApEfAAQAAAAAApEfAAQAAAAAApEfAAQAA
AAAApEfAAQAAAAAApEfAAQAAAAAApEfAAQAAAAAApKcVQhjULgQAAAAAAEBD0IMDAAAAAABIj4AD
AAAAAABIj4ADAAAAAABIj4ADAAAAAABIj4ADAAAAAABIj4ADAAAAAABIj4ADAAAAAABIj4ADAAAA
AABIj4ADAAAAAABIj4ADAAAAAABIj4ADAAAAAABIj4ADAAAAAABITyuEMKhdCAAAAAAAgIagBwcA
AAAAAJAeAQcAAAAAAJAeAQcAAAAAAJAeAQcAAAAAAJAeAQcAAAAAAJAeAQcAAAAAAJAeAQcAAAAA
AJAeAQcAAAAAAJAeAQcAAAAAAJAeAQcAAAAAAJAeAQcAAAAAAJAeAQcAAAAAAJAeAQcAAAAAAJCe
VqPRGNQuBAAAAAAAQEPQgwMAAAAAAEiPgAMAAAAAAEiPgAMAAAAAAEiPgAMAAAAAAEiPgAMAAAAA
AEiPgAMAAAAAAEiPgAMAAAAAAEiPgAMAAAAAAEhPq9fr1S4DAAAAAABAg9CDAwAAAAAASI+AAwAA
AAAASI+AAwAAAAAASI+AAwAAAAAASE+r0WgMahcCAAAAAACgIejBAQAAAAAApEfAAQAAAAAApEfA
AQAAAAAApEfAAQAAAAAApEfAAQAAAAAApEfAAQAAAAAApEfAAQAAAAAApEfAAQAAAAAApEfAAQAA
AAAApEfAAQAAAAAApEfAAQAAAAAApEfAAQAAAAAApKcVQhjULgQAAAAAAEBD0IMDAAAAAABIj4AD
AAAAAABIj4ADAAAAAABIj4ADAAAAAABIj4ADAAAAAABIT6t2AZpytusRAAAgAElEQVRDfHy89y23
3OLVrVu3NoGBga5eXl6OTk5O9hqNRqN22QAAAAAAaCwGg8Gg0+muFxUVVeTm5l49fvz4lb179xZt
2LDhktpla2qayMjI39QuRFOIiYnxHDduXLuYmBh/Z2fnVhHkAAAAAABQnfLy8sqUlJQLq1atOpeS
klKsdnmaQosLOGJiYjwffPDBjn369PFVuywAAAAAANiatLS0i//5z3+yWlrQ0aICjgULFoSNHTu2
vdrlAAAAAADA1v38889nFyxYcEztcjSWFjHJaO/evd2TkpL6E24AAAAAAGCZsWPHtk9KSurfu3dv
d7XL0hjsAwICZqpdiIaIj4/3fvPNN/v4+vq6qF0WAAAAAABk4uXl5TR69OjAs2fPXsnMzCxTuzwN
IXXAER8f771w4cI+Dg4O9mqXBQAAAAAAGWm1WruRI0cGZmVlFcscckg7RKV3797uL7/8ciRLvQIA
AAAA0DAajUbz8ssvR8o8XMVOCGGQ8Wf+/PnhLP8KAAAAAEDjcHZ21s6fPz9c2ECbvz4/UvbgWLBg
QVhoaKiH2uUAAAAAAKAlCQ0N9ViwYEGY2uWoD+kCjtjYWM+xY8d2ULscAAAAAAC0RGPHju0QGxvr
qXY5rCVdwPHAAw90UrsMAAAAAAC0ZDK2vaUKOGJjYz379Onjq3Y5AAAAAABoyfr06eMrWy8OqQKO
xMTEdmqXAQAAAACA1kC2NrhUAUdMTEyA2mUAAAAAAKA1kK0NLk3AER8f78OysAAAAAAANA9nZ2dt
fHy8j9rlsJQ0Acctt9zipXYZAAAAAABoTWRqi0sTcHTr1q2N2mUAAAAAAKA1kaktLk3AERgY6Kp2
GQAAAAAAaE1kaotLE3B4eXk5ql0GAAAAAABaE5na4tIEHE5OTvZqlwEAAAAAgNZEpra4NAGHRqPR
qF0GAAAAAABaE5na4lohhEHtQgAAAAAAAJslRW4gTQ8OAAAAAACAmhBwAAAAAAAA6RFwAAAAAAAA
6RFwAAAAAAAA6RFwAAAAAAAA6RFwAAAAAAAA6RFwAAAAAAAA6RFwAAAAAAAA6RFwAAAAAAAA6RFw
AAAAAAAA6RFwAAAAAAAA6RFwAAAAAAAA6WmFEAa1CwEAAAAAAGyWFLkBPTgAAAAAAID0CDgAAAAA
AID0CDgAAAAAAID0CDgAAAAAAID0CDgAAAAAAID0CDgAAAAAAID0CDgAAAAAAID0CDgAAAAAAID0
CDgAAAAAAID0CDgAAAAAAID0CDgAAAAAAID0CDgAAAAAAID0CDgAAAAAAID0tBqNxqB2IQAAAAAA
gG2SJTegBwcAAAAAAJAeAQcAAAAAAJAeAQcAAAAAAJCeVq/Xq10GAAAAAABgo2TJDejBAQAAAAAA
pEfAAQAAAAAApEfAAQAAAAAApEfAAQAAAAAApEfAAQAAAAAApEfAAQAAAAAApEfAAQAAAAAApEfA
AQAAAAAApKfVaDQGtQsBAAAAAABskyy5AT04AAAAAACA9Ag4AAAAAACA9Ag4AAAAAACA9LRqFwAA
gNbKycnJZFun06lUEgAAAPnRgwMAAAAAAEiPgAMAAAAAAEiPgAMAAKABdDqd+PXXX8XEiRPVLgoA
AK0ac3AAAADU03vvvSc+/fRTkZmZqXZRAABo9Qg4AAAA6mnOnDlqFwEAAPyJISoAAAAAAEB6BBwA
AAAAAEB6BBwAAAAAAEB6zMEBAICEKisrRUpKiti6davYsWOHyM7OFtnZ2SIgIEAEBweLvn37iri4
OBEXFyfc3Nysfn6DwSD27Nkjfv75Z7Fjxw6RmZkpKisrRbdu3UR0dLRISEgQAwYMEFrtjUsJJycn
k+N1Op1q51HfstR1bHZ2tujSpYtVx1v7+gAAoP40kZGRa9QuhCV27959h9plAACgMdW3If7LL7+I
hQsXit27d9e5b+fOncXcuXPFtGnTjGFEXfLy8sT/+3//TyxZsqTW/e666y7x7rvvipCQkHqdS1Od
h5oBR3UIOAAAsuvXr9+vapfBEgxRAQBAEjqdTrz44oti/PjxxlBg6tSpYsOGDSI7O1uUlJSI7Oxs
sWHDBjF16lQhhBCZmZni0UcfFY8++qgoLi6u8zWys7PFmDFjTMKNuXPnin379omCggJx6dIlsWfP
HvH000+Ln376ScTHx4vs7GybO4+mEBISInQ6ncmPOfP/J9wAAKD5MEQFAABJzJ8/X7z33nvG7c8/
/1zMmDFDaDQa42N+fn7Cz89PxMXFiaFDh4rHHntMCCHE0qVLhV6vF//7v/8r7O3tq33+8vJyMWPG
DHHw4EEhhBDOzs7i+++/FyNHjjTZLyIiQrz55psiJiZGTJo0STz44IM2dR4AAKB1ogcHAAAS+PHH
H01Cgddee03MnDnTJBRQ0mg04v777xf/+Mc/jI8tW7ZMLF68uMbX+OKLL0RKSopxe9GiRTeFG0rj
xo0Tr7/+uti8ebNNnQcAAGidmIMDAACVWDpXREVFhRg8eLBIT08XQtyYj2LXrl3C3d29zte4cuWK
6Nevn8jKyjIeu3fvXuHi4mKy39WrV0V4eLjIzc0VQggRFhYmdu/eXe2kmUolJSXi1ltvFZmZmXWe
S3OchxBNNwdHY+wPAICMmIMDAAA0iuTkZGMoIIQQ999/v0WhgBBCtGnTRsycOdO4nZmZKX7//feb
9tu0aZMx3BBCiPvuu6/OcEMIIdzd3cWMGTMsKktznAcAAGi9CDgAALBxW7duNdkePHiwVcfHxcWZ
bCuHoVRJTU012R40aFC9n78mzXEeAACg9SLgAADAxm3fvt1ku3PnzlYd37VrV5PtnTt33rTPrl27
TLY7duxY7+evSXOcBwAAaL0IOAAAsHHmy7C2bdvWquPN9z937txN+5w5c8Zk29vb2+Ln9/Lysmi/
5jgPAADQehFwAABg45RzYwghhKOjo1XHm+9/4cKFm/Yxf8yS+TesLU9znAcAAGi9CDgAALBxISEh
JttXr1616njz/du3b3/TPj4+Pibb1qwGUlZWZtF+zXEe1TEYDBbtxwooAADIjYADAAAb16FDB5Pt
vLw8q44/f/68yXZoaOhN+5iHD0VFRRY/f35+vkX7Ncd5VMfSAKa4uNiq8gAAANtCwAEAgI2LiYkx
2T5+/LhVx2dkZJhsx8bG3rRPdHS0yXZmZqbFz3/q1CmL9muO8xDi5t4olgYc1pYHAADYFgIOAABs
nHkwsGHDBquON9+/uuVZ+/bta7K9Y8cOi5/ffInZmjTHeQghRFBQkMm2pZORbty40aryAAAA22In
hDBI8gMAQKsUExMj+vfvb9xevHixxcM7srOzxddff23cHjZsmMlzVYmPjxeurq7G7a+//tqiOSnK
y8tNnl8IYfI8Ss1xHkII0bt3b5PtzZs31/n858+fFx999JFFZalNRUVFg58DAAAbpHYeYNEPPTgA
ALBxWq1WvPjii8btK1euiIULF9Y5eaZerxf/+Mc/TCbnnDdvntBoNDft6+vrK5544gnj9pEjR8Q3
33xTZ9m++eYbcfLkSZPH3NzcVDsPIYQYOHCgyfaiRYtqHUZTXFwsHn30UVFYWFhrOapjPhzG/L0A
AADNh4ADAAAJ3HHHHeLZZ581bn/yySfi7bffFnq9vtr9KysrxauvviqWLFlifOy1114TQ4YMqfE1
nnvuOdG5c2fj9t/+9jexZcuWGvdPTk4Wzz//vJg4caLJ487OzqqeR0JCgkkvktzcXBEfHy+WLl0q
srOzRXl5udDpdCI7O1ssX75cDB8+XKxfv77GOT1qEx4ebrI9f/58cfz4cVFZWWn1cwEAgIbRREZG
/qJ2ISyxe/fuMWqXAQCAxuTk5GSyXdeQkIqKCvGPf/xDvPXWW8bHEhMTxRNPPCEiIiKEl5eXKCoq
Eunp6eJ//ud/xNq1a437LVy4UDzzzDPCzq72exsHDx4Ud911l8jJyRFCCOHg4CBeeOEFMWHCBONK
K9nZ2SIpKUm8/vrrIioqSvzyyy8iMDDQ+By9e/cWO3fuVPU8PvnkE/H000/Xuo/S6NGjxXvvvXdT
YFHXZ/Luu++KuXPn1roPy88CAGTXr1+/NWqXwRIEHAAAqMTagKPKzz//LF599VWRlpZW576xsbHi
5ZdfFkOHDrW4XCdPnhRz584VP/30U637zZgxQ7z55pvC29vb5FxGjhwp1qyp+zqoKc/DYDCIjz/+
WLzwwguivLy81n3/9re/iXnz5gm9Xi/8/PxM/q+uz6SoqEjcc889YuvWrTXuQ8ABAJAdAUcjI+AA
ALQ09Q04qvbdvn272Lx5s9i1a5fIzs4W586dE0FBQaJ9+/Zi4MCBYujQoWLQoEFCq9VaXTa9Xi+2
b98u1q5dK1JTU0VWVpbQ6XSie/fuol+/fmLcuHHi1ltvFRqNRhgMBpNhKVOmTBFfffWVTZxHdna2
WLVqlUhOThYZGRni3LlzwtfXV3Tq1EnExsaKhIQEERkZKYS4MRzGfP4QSz6T0tJS8d1334lff/1V
7Nu3T+Tm5opr165Z9RwAANgyAo5GRsABAIBtunjxoggODjZuL1iwQLzwwgsqlggAADQmWQIOJhkF
AAANkpmZabLdrVs3lUoCAABaMwIOAAAghBAiLCxMODk5GX/KysosOi45Odn4bwcHBzF48OCmKiIA
AECNCDgAAIAQQoioqCiT7SNHjtR5THFxsfjss8+M2xMnTjRZUQUAAKC5EHAAAAAhhBBTp0412X71
1VfF1atXa9xfp9OJF198UWRlZQkhbvTeeOaZZ5qyiAAAADUi4AAAAEIIIe666y7xwAMPGLfXrFkj
7rjjDrF8+XKRk5MjysvLhU6nE7m5ueKXX34RCQkJ4osvvjDu/5///Me4IgkAAEBzs369NQAA0CJp
tVrxwQcfiB49eoiFCxeK4uJisWPHDrFjx45aj4uKihLvvPOOiIuLa6aSAgAA3EwrhDCoXQgAAGAb
HB0dxezZs8XMmTPFb7/9JlJTU8WhQ4fEqVOnREFBgbCzsxO+vr6iW7duok+fPiIuLk4MGTJEODo6
ql10AADQdKTIDejBAQAAbuLt7S0mTpwoJk6cqHZRAAAALMIcHAAAAAAAQHoEHAAAAAAAQHoEHAAA
AAAAQHoEHAAAAAAAQHoEHAAAAAAAQHoEHAAAAAAAQHoEHAAAAAAAQHoEHAAAAAAAQHoEHAAAAAAA
QHoEHAAAAAAAQHoEHAAAAAAAQHoEHAAAAAAAQHpajUZjULsQAAAAAADANsmSG9CDAwAAAAAASI+A
AwAAAAAASI+AAwAAAAAASI+AAwAAAAAASI+AAwAAAAAASI+AAwAAAAAASI+AAwAAAAAASI+AAwAA
AAAASI+AAwAAAAAASI+AAwAAAAAASI+AAwAAAAAASI+AAwAAAAAASI+AAwAAAAAASE+r1+sNahcC
AAAAAADYJllyA3pwAAAAAAAA6UkTcBgMBikSIwAAAAAAWgqZ2uLSBBw6ne662mUAAAAAAKA1kakt
Lk3Acfny5XK1ywAAAAAAQGsiU1tcmoDj/PnzpWqXAQAAAACA1kSmtrg0AceJEycuq10GAAAAAABa
E5na4tIEHHv27ClQuwwAAAAAALQmMrXFpQk41q1bl19eXl6pdjkAAAAAAGgNysvLK9etW5evdjks
JU3AIYQQO3bsOKd2GQAAAAAAaA1ka4NLFXCsWrXqrNplAAAAAACgNZCtDS5VwJGcnHwpPT09T+1y
AAAAAADQkqWnp+clJydfUrsc1pAq4BBCiC+//PKE2mUAAAAAAKAlk7HtrdVoNAa1C2GNrVu3Fqxd
uzbz9ttv76x2WQAAAAAAaGnWrl2buXXr1gKNRqN2UayiiYyM/FHtQtTH999/P6RDhw5eapcDAAAA
AICW4syZM0Xjx4/fonY56kO6ISpVXnnllTSWjQUAAAAAoHGUl5dXvvLKK2lql6O+pA040tLSLr/6
6qu7DAaDVENsAAAAAACwNQaDwfDqq6/uSktLu6x2WerLPiAgYIrahaivkydPXj1z5kxhbGxskFar
lTasAQAAAABALeXl5ZULFizYuW7duny1y9IQUgccQtwIOfbu3ZvXp08fL09PT2e1ywMAAAAAgCzO
nDlTNGfOnJ3btm0rVLssDdUiej2kpaVdHj9+/Ja1a9dmql0WAAAAAABksHbt2szx48dvkXlYipL0
PTiUNm3adOHIkSP5QUFBToGBge5qlwcAAAAAAFuTnp6e969//Svtq6++Oq12WRqTtMvE1iUuLs57
3Lhx7QcMGBDs7OysVbs8AAAAAACopby8vDI1NTVn1apVZ5OTky+pXZ6m0GIDDqXRo0f79e3b16dL
ly6eQUFBbh4eHs5OTk72Go1Go3bZAAAAAABoLAaDwaDT6a5fvny5/Pz586UnT54s3rNnT4HsE4ha
olUEHAAAAAAAoGVrEZOMAgAAAACA1o2AAwAAAAAASI+AAwAAAAAASE8rhDCoXQgAAAAAAICGoAcH
AAAAAACQHgEHAAAAAACQHgEHAAAAAACQHgEHAAAAAACQHgEHAAAAAACQHgEHAAAAAACQHgEHAAAA
AACQHgEHAAAAAACQHgEHAAAAAACQHgEHAAAAAACQHgEHAAAAAACQHgEHAAAAAACQnlYIYVC7EAAA
AAAAAA1BDw4AAAAAACA9Ag4AAAAAACA9Ag4AAAAAACA9Ag4AAAAAACA9rdoFaC4DBgzwGjRokE/3
7t29goOD2/j4+Li4uro62NvbE/IAAAAAAKR3/fp1/dWrV68VFBSU5eTkXMnIyCjavn17QWpqapHa
ZWsOmsjIyB/ULkRTiYiIcJ80aVKHmJiYYD8/Pze1ywMAAAAAQHPLz88vTUlJyfnuu+/OHDx4sETt
8jSVFhlw9O3b1+Phhx/uFhsb217tsgAAAAAAYCu2bdt29osvvji+Z8+ey2qXpbG1uIDj1Vdf7ZmY
mBhm/nhpaWnF/v37L+zfv7/g8OHDl0+dOlWam5tbUV5erlejnAAAAAAANCZnZ2e7wMBAx06dOrn1
7NnTIyoqyicqKsrfzc3N0XzfH3/88dhLL710WI1yNpUWE3AMGDDAa968eX06duzopXx83759uatX
rz6dlJR0Xq2yAQAAAACglgkTJgQlJCSERkdHByofz8rKKnrttdfSWsocHS0i4Jg8eXK7OXPm9FNO
GHrw4MELn3/+ecbvv/9eoGbZAAAAAACwBcOHD/d55JFHukdERPhXPXb9+nX9v/71r93ffvvtOTXL
1hjsAwICJqtdiIZ44IEHOjz//PP97OzsNFWPffrpp+lz5849kJWVVaZm2QAAAAAAsBVZWVllK1eu
PGtnZ6fr169foBBC2NnZaeLi4oLLy8uvpqWlFatdxoaQOuCYPHlyu+eff75f1faFCxdKnnvuue0r
V65kOAoAAAAAANXYtWtX0f79+/P69+/vWzU/x6BBg4IKCwsvHzx48Ira5asvaQOOAQMGeL3xxhuD
qnpunD59uuiJJ55IOXDgQItd8gYAAAAAgMZw9uzZ8i1btpyLiYnx9fLychZCiJiYmKC0tLS8nJyc
crXLVx+ayMjI79UuRH2sXr16WGhoaFshbvTcePjhh7cyJAUAAAAAAMt17NjR5Ysvvhjs7+/vLoQQ
p0+fLkxISPhD5WLVi31AQMAktQthrVdffbXXgAEDQqq2n3vuuZQDBw5I240GAAAAAAA1FBUVVZ48
ebJw7NixHYUQwsvLy6Vdu3b2v//+e77KRbOaXd272Ja+fft6JCYmhlVtf/rpp+nbtm0rVLNMAAAA
AADIatu2bYWffvppetV2YmJiWN++fT3ULFN9SBdwPPzww8Zw49ChQ3kffvhhpprlAQAAAABAdh9+
+GHmoUOH8qq2lW1vWUgVcERERLjHxsa2r9r+/PPPM9QsDwAAAAAALYWyjR0bG9s+IiLCXc3yWEuq
gGPSpEmhVf/et29f7qZNmwrULA8AAAAAAC3Fpk2bCvbt25dbta1sg8tAqoAjJiYmuOrfq1evzlKx
KAAAAAAAtDjKtrayDS4DaQKOgQMHevn5+bkJIURpaWlFUlLSebXLBAAAAABAS5KUlHS+tLS0Qggh
/Pz83AYOHOildpksJVPA4Vv17wMHDuTVti8AAAAAAKgfZZtb2Ra3ddIEHN27dzemRunp6ZfULAsA
AAAAAC2Vss2tbIvbOmkCjpCQEOPsrUeOHClWsywAAAAAALRUyja3si1u66QJOLy9vV2r/p2ZmXlV
zbIAAAAAANBSKdvcyra4rZMm4HB1dXWo+ndeXp5OzbIAAAAAANBSKdvcyra4rZMm4LC3tzeWtays
TK9mWQAAAAAAaKmUbW5lW9zWaTUajUHtQlhLxjIDAAAAACAjWdrg0iQxAAAAAAAANSHgAAAAAAAA
0iPgAAAAAAAA0iPgAAAAAAAA0iPgAAAAAAAA0iPgAAAAAAAA0iPgAAAAAAAA0iPgAAAAAAAA0tPq
9Xq1y2A1GcsMAAAAAICMZGmD04MDAAAAAABIj4ADAAAAAABIj4ADAAAAAABITyuEMKhdiHqQscwA
AAAAAMhIijY4PTgAAAAAAID0CDgAAAAAAID0CDgAAAAAAID0CDgAAAAAAID0CDgAAAAAAID0CDgA
AAAAAID0CDgAAAAAAID0CDgAAAAAAID0CDgAAAAAAID0CDgAAAAAAID0CDgAAAAAAID0CDgAAAAA
AID0CDgAAAAAAID0tBqNxqB2IawlY5kBAAAAAJCRLG1wenAAAAAAAADpEXAAAAAAAADpEXAAAAAA
AADpEXAAAAAAAADpEXAAAAAAAADpEXAAAAAAAADpEXAAAAAAAADpEXAAAAAAAADpEXAAAAAA+P/s
3XuUVfV9+P3vYc4wzDBchoHhMnIZERCQYWIkAhqtXGqskKh5xK6WRk1N07gabbOSmKaxKxpzNdrc
bNNYk1p/NWrXk6eGrKa2albUiCaICCoBuchN5M4IDjC38/yRZ3gGBLkMsM+HvF5rudbZe/bZ85nJ
Wjns93zPPgDhCRwAAABAeAIHAAAAEJ7AAQAAAIQncAAAAADh5VNKhayHOA4RZwYAAICIQlyD57Me
AAA4dhdddFG/yy+/fNjZZ5/dr7q6umd5eXlpSUlJt5aWlrampqbmzZs3716+fPmORx99dO2vf/3r
nVnPCwBwsgkcABBIQ0ND71tuuaVh3LhxNblcLnfw18vKyvJlZWX5qqqqijFjxtTMmjVrzNKlSzf9
0z/90yu//OUvtx3p/IsXL76683Z9ff1/nMj5AQBOFvfgAIAgPvWpT43653/+52njx48feKi4cSi5
XC6NGzdu4N13333xzTfffNbJnhEAICtWcABAALfddts5V1555djO+3bv3r3v+eefXz9//vxNCxYs
2LFt27bmurq6ikmTJlVfcMEFgydOnDi4pKSkW0oplZaWlnz0ox99T2tra+Gee+5Zmc1PAQBw8ggc
AFDkPvWpT4264oorzu687+WXX37z05/+9K/feOONfZ33L1q06K1Fixa9de+9966eMWPGgFtvvfV9
VVVVFSn9bjXHddddV//LX/5y88svv7zrVP4MAAAnm7eoAEARO//88/v+6Z/+6YTOb0l56qmnVv/J
n/zJ0wfHjYM9/vjjW2699db5+/bta+3YV1ZWlv/zP//zUSdzZgCALAgcAFDE/uZv/qa+tLS0pGN7
xYoVW//qr/5qwdE+/6mnntr+/PPPr++8b8KECTUnckYAgGIgcABAkbr66quHjBs3bmDHdktLS9vf
[...]
cOGmwx17JI2Nja1f+9rXfjtnzpz/Xbly5QE/1xlnnHFAeFm1atUBIeXcc8894HdzOOeff35V50D0
q1/96oPHOy8AcHIIHABQpB566KGVbW1thY7tmpqaXl//+tcnHut5LrnkkmGdt9etW7ezubm5vSuz
/fCHP1y1e/fufR3bZ555ZvW0adOOKhZcdtllA4cPH75/BceOHTua7rvvvtcPPm7hwoUf7ggKCxcu
/L+OdN4tW7Y0/+M//uOSzvsOvlfHf/3Xf60tFPb/StOkSZOGHM3MM2fOHNR5e+XKlUf18bIAwKmT
z+VyhSMfVlwizgwAx+p///d/N334wx9eO2XKlOEd+/7wD/9w9MqVKxvvvffe1Udzjo997GN1Y8eO
PWB1xeOPP/760b6WHu64HTt2ND/22GMrPvzhD49PKaVu3brlbr755onPPPPMky0tLYeNJ5WVlSWf
/OQn63O5XK5j37x585bv2bOntdOulNLv7svRt2/f8pR+d/PQadOmVR9p5cmrr7761kHn2Nf5Z/if
//mfTX/5l3+5teOjZ/v371/5hS98YeyXv/zlVw93ztLS0m5/8Ad/MKLzvkcffXSlf48A8Psiymue
FRwAUMS+/vWvL96xY0dTx3ZJSUnuE5/4xKQ77rij/kjPvfHGG0f+xV/8xXs7h4M333zzqOPIkdx+
++0vL1++fP9bS+rq6qrvvffeKZWVlYe8GWr//v27/+AHP7ig89tGXnzxxfV33XXXskMdv3r16gNW
ScyaNWvYoY7r7AMf+MDBKy22HXzMN7/5zRf37du3/2ajV1111fhrr712+MHHdfj2t789qaamZv/H
9C5evPiNn/zkJ28caRYA4NQqGThw4BGXfBaDT3ziE+d0PP7+97//SpazAMCpsnPnzpZly5Ztufji
i4eUlZWVpvS71RJjxowZcNVVVw0bOXJkj/Ly8ty+ffvaS0pKcvX19b2vvvrqYZ/5zGcaZs6ceVY+
n9//x4x9+/a1fvGLX5y/cuXKtw/3/Tq/3qZ05NfcZ555ZuN5551X1b9//8qUUho8eHDv2bNnDx0y
ZEi+pKSksHfv3rb3vve9fefOnVt3yy23vHf48OHVHc994YUX1n/yk598rrm5+XB/FWq56KKLhnXr
1i2XUkq1tbV91q9fv33FihWHnP9973tf309/+tOTysvLS1NKqaWlpe3uu+9+YfXq1U2dj1u3bt2e
1tbWPeeee+6gkpKSbt26dcudf/75tZMmTepTVlbWvmfPnra+ffvmr7jiitpbb731vIaGhv1vY1m7
du32m2++ef6uXbtaD/7+AHA6iXgNnquvr38o6yGOxksvvXRNx+OJEyc+nOUsAHCqXXTRRdWf+9zn
zqutrT2uT/1oampq/upXv/rcT3/6043vdlzn19uUjv4197bbbpswc+bMs3r27Nn9SMfu2rVrz6OP
Prr8zjvv/O2Rjv3KV74y8fLLLz+7Y7u5ubn16aefXv3YY49tWLRo0Y6qqqru48eP7zNz5swzzj33
3DPKysryKaXU2tra/qMf/WjR9773vdcOd+5Zs2YNuvHGGyceze+0tbW17Ve/+tWaW2+99cXGxkZx
A4DTXsRrcIEDAIIoLS3t9oUvfGH8pZdeOqpjlcKRtLW1FZYsWbLhrrvuWrJ48eK3jnT88QaOlFIa
MmRIj7lz545oaGioGTx4cO+KiorupaWl+ZaWltampqbmDRs2NC5cuHDzv/3bv63eunVr85HP+Du3
3HLL2CuuuOLsioqKI8aTlFLasGHDzh/84AeL//M///NdY06Hj370oyOmTJkyuK6urqqysrKse/fu
pYVCobB3797mTZs27V66dOnWH//4x6tefvnlXUc7MwBEF/EaXOAAgGD69+/f/SMf+UjdxIkTBwwZ
MqR37969e5SWlnasXGh9++23mzdt2rRr+fLl2x955JHXT4cL86FDh5bPnTt3xMSJE2tqamoqKysr
e5SWlpb8fyGiZceOHU1r1qxpfPrpp9/48Y9/vC7reQEguojX4PmsBwAAjs3WrVub77777mUppUPe
nPN0tG7duj1f/epXl6aUlmY9CwBQnHyKCgAAABCewAEAAACEJ3AAAAAA4QkcAAAAQHgCBwAAABCe
wAEAAACEJ3AAAAAA4eVTSoWshzgOEWcGAACAiEJcg1vBAQAAAIQncAAAAADhCRwAAABAePn29vas
ZzhmEWcGAACAiKJcg1vBAQAAAIQncAAAAADhCRwAAABAeAIHAAAAEJ7AAQAAAIQncAAAAADhCRwA
AABAeAIHAAAAEF4+l8sVsh7iWEWcGQAAACKKcg1uBQcAAAAQnsABAAAAhCdwAAAAAOEJHAAAAEB4
AgcAAAAQnsABAAAAhCdwAAAAAOEJHAAAAEB4AgcAAAAQnsABAAAAhCdwAAAAAOEJHAAAAEB4AgcA
AAAQXj6lVMh6iKPR1tbWXlJS0i2llHr06JHbu3dve9YzAQAAwOmmR48e+xdDtLW1tacg3SDMCo49
e/Y0dzweNGhQjyxnAQAAgNNV52vuztfixS5M4Ni+fXtTx+ORI0f2zHIWAAAAOF11vubufC1e7MIE
jg0bNrzV8Xj8+PF9s5wFAAAATledr7k7X4sXuzCBY9myZds7Hk+YMGFAlrMAAADA6arzNXfna/Fi
FyZwzJ8/f3PH4wkTJgzOchYAAAA4XXW+5u58LV7sIgWO7Vu3bt2dUkoVFRVl11xzzRlZzwQAAACn
k2uuueaMioqKspRS2rp16+758+dbwXEyzJ8/f23H49mzZ4/MchYAAAA43XS+1u58DR5BqMDx8MMP
r+p4XF9fXzt9+nT34gAAAIATYPr06QPq6+trO7Y7X4NHECpwLF68+K358+e/3rH9sY997JzspgEA
AIDTR+dr7Pnz57++ePHiMJ+gklKwwJFSSvfee++rHY/HjRs3+KabbhqV5TwAAAAQ3U033TRq3Lhx
+28u2vnaO4pwgWPBggU7582bt/8XfcMNN0y68MILq7OcCQAAAKK68MILq2+44YZJHdvz5s17dcGC
BTuznOl45CZMmPDvWQ9xPH72s599YNiwYf1SSmnz5s27brjhhidef/31pqznAgAAgChGjBhR8S//
8i/Ta2pqeqWU0tq1a7fPmjXrv7Oe63iUDBw48Kqshzgeq1ev3v5Hf/RHI7t165br2bNn2YUXXlgz
f/78DTt37mzJejYAAAAodnV1dRX33HPPxUOGDOmbUkptbW3tn/vc5365fv36PVnPdjzCBo7169fv
2bVr11sXXnjh8JRS6tOnT/mMGTNqV69evW3t2rUh/8cAAACAU+H9739/9d13333x4MGD+3bs+8Y3
vvHMz3/+8zeznKsrwgaOlFJasmRJY2tr69vnn3/+0JRS6tmzZ9nll19+Vmlp6b7nn39+W9bzAQAA
QLG56aabRt96660X9+zZs6xj33e/+935999//+sZjtVloQNHSiktXLhwR2NjY+OUKVOGduvWLZdS
Sueee27txRdfPGDnzp27V61a5b4cAAAA/N6bMWPGgK985SuTL7300jEd+9ra2tq/8Y1vPBM9bqT0
u5uM/p+shzgRpkyZ0u8LX/jC+4YOHXrAJ6osXrx4w7x581Y+/PDD67KaDQAAALJyzTXXDJ09e/bI
+vr62s77161bt+2OO+749fz587dnNduJdNoEjg5f+cpXGmbNmjX+4P1NTU37lixZsnHJkiVbXn31
1R0rV658+80339y7Z8+e9izmBAAAgBOpvLy826BBg3qMHDmy57hx46omTJgwYMKECYMrKirKDj72
Zz/72Suf//znF2Ux58ly2gWOlFKaNGlS34997GPjJk+eXJf1LAAAAFAsnnvuudX33nvvq7/5zW92
Zj3LiXZaBo4OEydO7H3NNdecOXny5OH9+/evzHoeAAAAONW2bt26+7nnnlvz8MMPr3rppZfeynqe
k+W0DhydTZkypd/UqVNrxowZ06+2trZ3VVVVz/Ly8u4lJSXdsp4NAAAAuqqtra19z549zTt27Hh7
w4YNby1btmz7s88+u/l0ucfGkfzeBA4AAADg9GX1AgAAABCewAEAAACEJ3AAAAAA4QkcAAAAQHj5
lFIh6yEAAAAAusIKDgAAACA8gQMAAAAIT+AAAAAAwhM4AAAAgPAEDgAAACA8gQMAAAAIT+AAAAAA
whM4AAAAgPAEDgAAACA8gQMAAAAIT+AAAAAAwhM4AAAAgPAEDgAAACC8fC6XK2Q9BAAAAEBXWMEB
AAAAhCdwAAAAAOEJHAAAAEB4AgcAAAAQnsABAAAAhCdwAAAAAOEJHAAAAEB4AgcAAAAQnsABAAAA
hCdwAAAAAOEJHAAAAEB4AgcAAAAQXr69vb2Q9RAAAAAAXWEFBwAAABCewAEAAACEJ3AAAAAA4Qkc
AAAAQHgCBwAAABCewAEAAACEJ3AAAAAA4QkcAAAAQHgCBwAAABCewAEAAACEJ3AAAAAA4QkcAAAA
QHgCBwAAABBePpfLFbIeAgAAAKArrOAAAAAAwhM4AAAAgPAEDgAAACA8gQMAAAAIT+AAAAAAwhM4
AAAAgPAEDgAAACA8gQMAAAAIT+AAAAAAwhM4AAAAgPAEDgAAACA8gQMAAAAIT+AAAAAAwsunlApZ
DwEAAADQFVZwAAAAAOEJHAAAAEB4AgcAAAAQnsABAAAAhCdwAAAAAOEJHAAAAEB4AgcAAAAQnsAB
AAAAhCdwAAAAAOEJHAAAAEB4AgcAAAAQnsABAAAAhJdPKRWyHgIAAACgK6zgAAAAAMITOAAAAIDw
BA4AAAAgPIEDAAAACE/gAAAAAMITOAAAAIDwBA4AAAAgPIEDAAAACE/gAAAAAMITOAAAAIDwBA4A
AAAgPIEDAAAACE/gAAAAAMLLp5QKWQ8BAAAA0BVWcAAAAADhCRwAAABAeAIHAAAAEJ7AAQAAAIQn
cAAAAADhCRwAAABAeAIHAAAAEJ7AAQAAAIQncAAAAADhCRwAAABAeAIHAAAAEJ7AAQAAAIQncAAA
AADh5XO5XCHrIQAAAAC6wgoOAAAAIDyBAwAAAAhP4AAAAADCEzgAAACA8AQOAAAAIDyBAwAAAAhP
4AAAAADCEzgAAACA8PLt7e1ZzwAAAADQJVZwAAAAAOEJHAAAAEB4AgcAAAAQXj6lVMh6CAAAAICu
sIIDAAAACE/gAAAAAMITOAAAAIDwBA4AAAAgPIEDAAAACE/gAAAAAMITOAAAAIDwBA4AAAAgPIED
AAAACE/gAAAAAMITOAAAAIDwBA4AAAAgPIEDAAAACC+fy+UKWQ8BAAAA0BVWcAAAAADhCRwAAABA
eAIHAAAAEJ7AAQAAAIQncAAAAADhCRwAAABAeAIHAAAAEJ7AAQAAAIQncAAAAADhCRwAAABAeAIH
AAAAEJ7AAQAAAISXTykVsh4CAAAAoCus4AAAAADCEzgAAACA8AQOAAAAIDyBAwAAAAhP4AAAAADC
EzgAAACA8AQOAAAAIDyBAwAAAAhP4AAAAADCEzgAAACA8AQOAAAAIDyBAwAAAAhP4AAAAADCy6eU
ClkPAQAAANAVVnAAAAAA4QkcAAAAQHgCBwAAABCewAEAAACEJ3AAAAAA4QkcAAAAQHgCBwAAABCe
wAEAAACEJ3AAAAAA4QkcAAAAQHgCBwAAABCewAEAAACEJ3AAAAAA4eVzuVwh6yEAAAAAusIKDgAA
ACA8gQMAAAAIT+AAAAAAwhM4AAAAgPAEDgAAACA8gQMAAAAIT+AAAAAAwhM4AAAAgPAEDgAAACA8
gQMAAAAIT+AAAAAAwhM4AAAAgPDyKaVC1kMAAAAAdIUVHAAAAEB4AgcAAAAQnsABAAAAhCdwAAAA
AOHl29vbs54BAAAAoEus4AAAAADCEzgAAACA8AQOAAAAIDyBAwAAAAhP4AAAAADCEzgAAACA8AQO
AAAAIDyBAwAAAAgvn1IqZD0EAAAAQFdYwQEAAACEJ3AAAAAA4QkcAAAAQHgCBwAAABCewAEAAACE
J3AAAAAA4QkcAAAAQHgCBwAAABCewAEAAACEJ3AAAAAA4QkcAAAAQHgCBwAAABCewAEAAACEl8/l
coWshwAAAADoCis4AAAAgPAEDgAAACA8gQMAAAAIT+AAAAAAwhM4AAAAgPAEDgAAACA8gQMAAAAI
T+AAAAAAwhM4AAAAgPAEDgAAACA8gQMAAAAIT+AAAAAAwsunlApZDwEAAADQFVZwAAAAAOEJHAAA
AEB4AgcAAAAQnsABAAAAhCdwAAAAAOEJHAAAAEB4AgcAAAAQnsABAAAAhCdwAAAAAOEJHAAAAEB4
AgcAAAAQnsABAAAAhCdwAAAAAOHlU0qFrIcAAAAA6AorOAAAAIDwBA4AAAAgPIEDAAAACE/gAAAA
AMITOAAAAIDwBA4AAAAgPIEDAAAACE/gAAAAAMITOAAAAIDwBA4AAAAgPIEDAAAACE/gAAAAAMLL
53K5QtZDAAAAAHSFFRwAAABAeAIHAAAAEJ7AAQAAAIQncAAAAADhCRwAAABAeAIHAAAAEJ7AAQAA
AIQncAAAAADhCRwAAABAeAIHAAAAEJ7AAQAAAIQncAAAAADhCRwAAABAePn29vZC1kMAAAAAdIUV
HAAAAEB4AgcAAAAQnsABAAAAhCdwAAAAAOEJHAAAAEB4AgcAAAAQnsABAAAAhCdwAAAAAOEJHAAA
AEB4AgcAAAAQnsABAAAAhCdwAAAAAOEJHAAAAEB4+VwuV8h6CAAAAICusIIDAAAACE/gAAAAAMIT
OAAAAIDwBA4AAAAgPIEDAAAACE/gAAAAAMITOAAAAIDwBA4AAAAgPIEDAAAACE/gAAAAAMITOAAA
AIDwBA4AAAAgvHxKqZD1EAAAAABdYQUHAAAAEJ7AAQAAAIQncAAAAADhCRwAAABAeAIHAAAAEJ7A
AQAAAIQncAAAAADhCRwAAABAeAIHAAAAEJ7AAQAAAIQncAAAAADhCRwAAABAeAIHAAAAEF4+pVTI
eggAAACArrCCAwAAAAhP4AAAAADCEzgAAACA8AQOAAAAIDyBAwAAAAhP4AAAAADCEzgAAACA8AQO
AAAAIDyBAwAAAAhP4AAAAADCEzgAAACA8AQOAAAAIDyBAwAAAAgvn8vlClkPAQAAANAVVnAAAAAA
4QkcAAAAQHgCBwAAABCewAEAAACEJ3AAAAAA4QkcAAAAQHgCBwAAABCewAEAAACEJ3AAAAAA4Qkc
AAAAQHgCBwAAABCewAEAAACEl08pFbIeAgAAAKArrOAAAAAAwhM4AAAAgPAEDgAAACA8gQMAAAAI
T+AAAAAAwhM4AAAAgPAEDgAAACA8gQMAAAAIL9/e3p71DAAAAABdYgUHAAAAEJ7AAQAAAIQncAAA
AADhCRwAAABAePmUUiHrIQAAAAC6wgoOAAAAIDyBAwAAAAhP4AAAAADCEzgAAACA8AQOAAAAIDyB
AwAAAAhP4AAAAADCEzgAAACA8AQOAAAAIDyBAwAAAAhP4AAAAADCEzgAAACA8PK5XK6Q9RAAAAAA
XWEFBwAAABCewAEAAACEJ3AAAAAA4QkcAAAAQHgCBwAAABCewAEAAACEJ3AAAAAA4QkcAAAAQHgC
BwAAABCewAEAAACEJ3AAAAAA4QkcAAAAQHgCBwAAABBePqVUyHoIAAAAgK6wggMAAAAIT+AAAAAA
whM4AAAAgPAEDgAAACA8gQMAAAAIT+AAAAAAwhM4AAAAgPAEDgAAACA8gQMAAAAIT+AAAAAAwhM4
AAAAgPAEDgAAACA8gQMAAAAIL59SKmQ9BAAAAEBXWMEBAAAAhCdwAAAAAOEJHAAAAEB4AgcAAAAQ
nsABAAAAhCdwAAAAAOEJHAAAAEB4AgcAAAAQnsABAAAAhCdwAAAAAOEJHAAAAEB4AgcAAAAQXj6X
yxWyHgIAAACgK6zgAAAAAMITOAAAAIDwBA4AAAAgPIEDAAAACE/gAAAAAMITOAAAAIDwBA4AAAAg
PIEDAAAACE/gAAAAAMITOAAAAIDwBA4AAAAgPIEDAAAACE/gAAAAAMLLp5QKWQ8BAAAA0BVWcAAA
AADhCRwAAABAeAIHAAAAEJ7AAQAAAISXb29vz3oGAAAAgC6xggMAAAAIT+AAAAAAwhM4AAAAgPAE
DgAAACA8gQMAAAAIT+AAAAAAwhM4AAAAgPAEDgAAACC8fEqpkPUQAAAAAF1hBQcAAAAQnsABAAAA
hCdwAAAAAOEJHAAAAEB4AgcAAAAQnsABAAAAhCdwAAAAAOEJHAAAAEB4AgcAAAAQnsABAAAAhCdw
AAAAAOEJHAAAAEB4+VwuV8h6CAAAAICusIIDAAAACE/gAAAAAMITOAAAAIDwBA4AAAAgPIEDAAAA
CE/gAAAAAMITOAAAAIDwBA4AAAAgPIEDAAAACE/gAAAAAMITOAAAAIDwBA4AAAAgPIEDAAAACC+f
UipkPQQAAABAV1jBAQAAAIQncAAAAADhCRwAAABAeAIHAAAAEJ7AAQAAAIQncAAAAADhCRwAAABA
eAIHAAAAEJ7AAQAAAIQncAAAAADhCRwAAABAeAIHAAAAEF4+pVTIeggAAACArrCCAwAAAAhP4AAA
AADCEzgAAACA8AQOAAAAIDyBAwAAAAhP4AAAAADCEzgAAACA8AQOAAAAIDyBAwAAAAhP4AAAAADC
EzgAAACA8AQOAAAAIDyBAwAAAAgvn8vlClkPAQAAANAVVnAAAAAA4QkcAAAAQHgCBwAAABCewAEA
AACEJ3AAAAAA4QkcAAAAQHi5lJKPiQUAAABCs4IDAAAACE/gAAAAAMITOAAAAIDwBA4AAAAgPIED
AAAACE/gAAAAAMITOAAAAIDwBA4AAAAgPIEDAAAACE/gAAAAAMITOAAAAIDwBA4AAAAgPIEDAAAA
CE/gAAAAAMITOAAAAIDwBA4AAAAgPIEDAAAACE/gAAAAAMITOAAAAIDwBA4AAAAgPIEDAAAACE/g
AAAAAMITOAAAAIDwBA4AAAAgPIEDAAAACE/gAAAASQSh1wAACzlJREFUAMITOAAAAIDwBA4AAAAg
PIEDAAAACE/gAAAAAMITOAAAAIDwBA4AAAAgPIEDAAAACE/gAAAAAMITOAAAAIDwBA4AAAAgPIED
AAAACE/gAAAAAMITOAAAAIDwBA4AAAAgPIEDAquoqMh6BAAAgKKQz3oA4NhVV1en6667Lo0ePTql
lNKiRYvS/fffn5qamjKeDAAAIBsCBwRSUVGRpk2blmbPnn3A/oaGhrR+/fo0b968jCYD+P/lcrnU
q1evlM/nU2lpaaqsrEwppbR79+7U0tKSWltb065du1KhUMh4UuD3VUNDQ5o4cWLq379/pnNs3bo1
vfTSS2nRokWZzgGnC4EDgpgyZUqaPXt2qq6uPuTXO1ZzAGQhn8+n6urq1K9fvzRgwIBUU1OTSktL
U/fu3VOfPn1SSik1Njam5ubm1NLSkjZv3py2bNmStm/fnrZt25ZaW1sz/gmA3xfXXnttmjp1atZj
pJR+9++3qVOnpmeffTbdf//9WY8D4QkcUOSGDh2a5syZI2AARam0tDQNGTIkDR8+PNXV1aWBAwem
wYMHH/EeQU1NTWnjxo1p06ZNafXq1WnNmjXpjTfeSC0tLadocuD3UUNDQ9HEjc6mTp1qJQecAAIH
FKmKioo0a9asNH369KxHAXiHkpKSVFVVlc4666zU0NCQxowZc0w3Pq6oqEgjR45MI0eOTA0NDWnZ
smVp0aJFacWKFWnHjh2pra3tJE4P/L5qaGjIeoTDamhoEDigiwQOKELTp09Ps2bN8ikpQFHq3r17
GjZsWDrvvPNSfX39Yd86d7QqKirSe97znjRs2LC0ePHitGDBgrR27drU3Nx8giYG+J2u/v/VyVTM
s0EUAgcUkdGjR6c5c+akoUOHZj0KwCFVVFSkUaNGpQsvvDDV19ef0HNXV1enSy65JFVXV6dnnnkm
vfbaaz4dCgA4agIHFIHq6uo0a9asonxPKECHioqKNH78+DRjxow0YsSIk/Z96uvrU+/evdPjjz+e
XnnlFZEDADgqAgdkrOM+G96OAhSz7t27p9GjR5/0uNFhxIgRacaMGamlpSW9+uqr3q4CAByRwAEZ
aWhoSHPmzPF+S6DolZSUpGHDhqULLrjglMSNDiNGjEgXXHBB2r17d1q9erUbjwIA70rggFOsuro6
XXfddT72FQijqqpq/w1FT7X6+vq0bdu2tHPnzrR169ZT/v0BgDgEDjhFKioq0rRp09Ls2bOzHgXg
qJWWlqazzjork7jRob6+Pr3++uupsbExtbS0ZDYHAFDcBA44BaZMmZLmzJnjPhtAOEOGDEkNDQ2Z
vp2uuro6NTQ0pI0bN6Y1a9ZkNgcAUNwEDjiJhg4dmubMmePtKEBI+Xw+DR8+PI0ZMybrUdKYMWPS
q6++mjZs2JBaW1uzHgcAKEICB5wEFRUV6eqrr/axr0Bo/fv3T3V1dUWx+qyioiLV1dWl5cuXpzff
fDPrcQCAIiRwwAk2ffr0NGvWrKK4IADoiqqqqjRw4MCsx9hv4MCBqaqqSuAAAA5J4IATZPTo0em6
667zsa/AaSGXy6UBAwakwYMHZz3KfoMHD04DBgxIv/3tb1OhUMh6HACgyAgc0EXV1dVpzpw5qaGh
IetRAE6YXr16pZqamqJajVZRUZFqampSr1690ltvvZX1OABAkRE4oAtmzZqVpk+fXlQXAAAnQj6f
T6WlpVmP8Q6lpaUpn/fPFwDgnfwLAY7Ttdde6yaiwGmrtLQ0de/ePesx3qF79+5FGV4AgOx1y3oA
iKiiokLcAE5rlZWVqU+fPlmP8Q59+vRJlZWVWY8BABQhgQOOQ1NTU9YjAAAA0InAAcfpiSeeyHoE
gJNm9+7dqbGxMesx3qGxsTHt3r076zEAgCIkcMBxeuSRR9LPfvaztGfPnqxHATjhWlpaUnNzc9Zj
vENzc3NqaWnJegwAoAgJHNAF8+bNS1/60pfS/Pnzsx4F4IRqbW0typDQ0tKSWltbsx4DAChCAgd0
0bZt29K//uu/prvuuiutX78+63EATohdu3alzZs3F9U9h5qamtLmzZvTrl27sh4FAChCAgecIMuX
L09f+tKX0iOPPOJtK0B4hUIhbdmyJW3cuDHrUfbbuHFj2rJlSyoUClmPAgAUIYEDTrAnnngiff7z
n3cTUiC8HTt2pE2bNmU9xn6bNm1KO3bsyHoMAKBICRz/b3v379tEnsdx+MNdjACBEArQ0SKq4IYC
KN2SNjV/R6ot0roNbWrauEzruHFhWwqKTST/QAoEPDIIa5BsR7litbtCHLcHt8n4e/s8vTNvd9HL
M9+Bc5Dnebx8+TK2trai1+sVPQfgp4zH4+j3+0vxmEqe59Hv92M8Hhc9BQBYUgIHnKM3b95EtVqN
Fy9eRJZlRc8B+CGLxSKGw2F0u92ip0S3243hcOiAUQDguwQOuACtViu2traiVqsVPQXghxwfH0er
1So00mZZFq1WK46PjwvbAAAsP4EDLkie57G7uxubm5vRbreLngPwX5nP53F0dBSdTqewDZ1OJ46O
jpbytbUAwPIQOOCCZVkW29vbUa1WPbYCJGEymUSz2SwkcnQ6nWg2mw4XBQD+lMABBen1erG5uRm1
Ws1rZYGldnp6GqPRKOr1egwGgwu77mAwiHq9HqPRKE5PTy/sugBAmgQOKNhvj600Go2ipwB812w2
i16vF3t7excSOQaDQezt7UWv14vZbHbu1wMA0rdS9ADg1/M5dnZ2Yn9/P9bX1+P+/ftFTwL4Rp7n
cXBwEPP5PJ4+fRpra2vncp1OpxP1ej16vd5SvKIWAEiDwAFLpNfrRbVajSdPnsTGxkZcvXq16EkA
X8nzPF69ehXT6TSyLIu1tbVYXV39S/52lmW/n7kxGo3cuQEA/BCBA5bQ/v5+tFqtePbsWVQqlaLn
AHxlNptFv9+Pjx8/xnA4jIcPH8aDBw9+Osp++fIlDg8Po91ux+vXr2MymThzAzgXy3zA+zJvg1T8
MyJ+KXoE8K35fB4HBwfRaDTi3r17f/oLaZZlzvEALszZ2VnkeR4nJydxcnISb9++jel0GrPZLK5c
uRKlUuk/fj7P8xiNRnF4eBiNRiOazWZ0u92YTqdxdnZ2Qd8C+Dt69OhR0RP+rVqtFu/evSt6BiTt
UkT4LwISUC6XY2Nj47uh47fHWwCKsLKyErdv345bt27FnTt34u7du1EqleLy5ctx8+bNiIj49OlT
zGazmM/n8f79+/jw4UNMJpMYj8exWCwK/gbA38Xz58/j8ePHRc/4SqPRiJ2dnaJnQPIEDkjItWvX
olKpRKVS+eZW8FqtFru7uwUtA/jDpUuX4saNG7GyshKlUimuX78eERHT6TTm83ksFov4/PmzOzWA
wpTL5SiXy3/ZGUI/K8uyaLVa0Wq1Ct0B/y8EDkjQ6upqrK+v//7rQ7vdju3t7YJXAQAAFEfgAAAA
AJL3j6IHAAAAAPyvBA4AAAAgeQIHAAAAkDyBAwAAAEiewAEAAAAkT+AAAAAAkidwAAAAAMkTOAAA
AIDkCRwAAABA8gQOAAAAIHkCBwAAAJA8gQMAAABInsABAAAAJE/gAAAAAJIncAAAAADJEzgAAACA
5AkcAAAAQPIEDgAAACB5AgcAAACQPIEDAAAASJ7AAQAAACRP4AAAAACSJ3AAAAAAyRM4AAAAgOQJ
HAAAAEDyBA4AAAAgeQIHAAAAkDyBAwAAAEiewAEAAAAkT+AAAAAAkidwAAAAAMkTOAAAAIDkCRwA
AABA8gQOAAAAIHkCBwAAAJA8gQMAAABInsABAAAAJE/gAAAAAJIncAAAAADJEzgAAACA5AkcAAAA
QPL+BQMi8G/xtX8CAAAAAElFTkSuQmCC
" width="800px"&gt;</msg>
<status status="PASS" starttime="20230327 15:56:19.347" endtime="20230327 15:56:19.700"></status>
</kw>
<msg timestamp="20230327 15:56:19.700" level="INFO">criteria is com.dsquares.mobilcare.test:id/logoutTv</msg>
<msg timestamp="20230327 15:56:19.709" level="FAIL">StaleElementReferenceException: Message: Cached elements 'By.id: com.dsquares.mobilcare.test:id/logoutTv' do not exist in DOM anymore
Stacktrace:
io.appium.uiautomator2.common.exceptions.StaleElementReferenceException: Cached elements 'By.id: com.dsquares.mobilcare.test:id/logoutTv' do not exist in DOM anymore
	at io.appium.uiautomator2.model.KnownElements.restoreCachedElement(KnownElements.java:60)
	at io.appium.uiautomator2.model.KnownElements.getElementFromCache(KnownElements.java:123)
	at io.appium.uiautomator2.handler.Click.safeHandle(Click.java:39)
	at io.appium.uiautomator2.handler.request.SafeRequestHandler.handle(SafeRequestHandler.java:41)
	at io.appium.uiautomator2.server.AppiumServlet.handleRequest(AppiumServlet.java:261)
	at io.appium.uiautomator2.server.AppiumServlet.handleHttpRequest(AppiumServlet.java:255)
	at io.appium.uiautomator2.http.ServerHandler.channelRead(ServerHandler.java:68)
	at io.netty.channel.AbstractChannelHandlerContext.invokeChannelRead(AbstractChannelHandlerContext.java:366)
	at io.netty.channel.AbstractChannelHandlerContext.invokeChannelRead(AbstractChannelHandlerContext.java:352)
	at io.netty.channel.AbstractChannelHandlerContext.fireChannelRead(AbstractChannelHandlerContext.java:345)
	at io.netty.handler.codec.MessageToMessageDecoder.channelRead(MessageToMessageDecoder.java:102)
	at io.netty.channel.AbstractChannelHandlerContext.invokeChannelRead(AbstractChannelHandlerContext.java:366)
	at io.netty.channel.AbstractChannelHandlerContext.invokeChannelRead(AbstractChannelHandlerContext.java:352)
	at io.netty.channel.AbstractChannelHandlerContext.fireChannelRead(AbstractChannelHandlerContext.java:345)
	at io.netty.channel.CombinedChannelDuplexHandler$DelegatingChannelHandlerContext.fireChannelRead(CombinedChannelDuplexHandler.java:435)
	at io.netty.handler.codec.ByteToMessageDecoder.fireChannelRead(ByteToMessageDecoder.java:293)
	at io.netty.handler.codec.ByteToMessageDecoder.channelRead(ByteToMessageDecoder.java:267)
	at io.netty.channel.CombinedChannelDuplexHandler.channelRead(CombinedChannelDuplexHandler.java:250)
	at io.netty.channel.AbstractChannelHandlerContext.invokeChannelRead(AbstractChannelHandlerContext.java:366)
	at io.netty.channel.AbstractChannelHandlerContext.invokeChannelRead(AbstractChannelHandlerContext.java:352)
	at io.netty.channel.AbstractChannelHandlerContext.fireChannelRead(AbstractChannelHandlerContext.java:345)
	at io.netty.handler.timeout.IdleStateHandler.channelRead(IdleStateHandler.java:266)
	at io.netty.channel.AbstractChannelHandlerContext.invokeChannelRead(AbstractChannelHandlerContext.java:366)
	at io.netty.channel.AbstractChannelHandlerContext.invokeChannelRead(AbstractChannelHandlerContext.java:352)
	at io.netty.channel.AbstractChannelHandlerContext.fireChannelRead(AbstractChannelHandlerContext.java:345)
	at io.netty.channel.DefaultChannelPipeline$HeadContext.channelRead(DefaultChannelPipeline.java:1294)
	at io.netty.channel.AbstractChannelHandlerContext.invokeChannelRead(AbstractChannelHandlerContext.java:366)
	at io.netty.channel.AbstractChannelHandlerContext.invokeChannelRead(AbstractChannelHandlerContext.java:352)
	at io.netty.channel.DefaultChannelPipeline.fireChannelRead(DefaultChannelPipeline.java:911)
	at io.netty.channel.nio.AbstractNioByteChannel$NioByteUnsafe.read(AbstractNioByteChannel.java:131)
	at io.netty.channel.nio.NioEventLoop.processSelectedKey(NioEventLoop.java:611)
	at io.netty.channel.nio.NioEventLoop.processSelectedKeysOptimized(NioEventLoop.java:552)
	at io.netty.channel.nio.NioEventLoop.processSelectedKeys(NioEventLoop.java:466)
	at io.netty.channel.nio.NioEventLoop.run(NioEventLoop.java:438)
	at io.netty.util.concurrent.SingleThreadEventExecutor$2.run(SingleThreadEventExecutor.java:140)
	at io.netty.util.concurrent.DefaultThreadFactory$DefaultRunnableDecorator.run(DefaultThreadFactory.java:144)
	at java.lang.Thread.run(Thread.java:919)
</msg>
<status status="FAIL" starttime="20230327 15:56:18.147" endtime="20230327 15:56:19.710"></status>
</kw>
<status status="FAIL" starttime="20230327 15:56:16.595" endtime="20230327 15:56:19.710"></status>
</kw>
<status status="FAIL" starttime="20230327 15:55:30.273" endtime="20230327 15:56:19.710" critical="yes">StaleElementReferenceException: Message: Cached elements 'By.id: com.dsquares.mobilcare.test:id/logoutTv' do not exist in DOM anymore
Stacktrace:
io.appium.uiautomator2.common.exceptions.StaleElementReferenceException: Cached elements 'By.id: com.dsquares.mobilcare.test:id/logoutTv' do not exist in DOM anymore
	at io.appium.uiautomator2.model.KnownElements.restoreCachedElement(KnownElements.java:60)
	at io.appium.uiautomator2.model.KnownElements.getElementFromCache(KnownElements.java:123)
	at io.appium.uiautomator2.handler.Click.safeHandle(Click.java:39)
	at io.appium.uiautomator2.handler.request.SafeRequestHandler.handle(SafeRequestHandler.java:41)
	at io.appium.uiautomator2.server.AppiumServlet.handleRequest(AppiumServlet.java:261)
	at io.appium.uiautomator2.server.AppiumServlet.handleHttpRequest(AppiumServlet.java:255)
	at io.appium.uiautomator2.http.ServerHandler.channelRead(ServerHandler.java:68)
	at io.netty.channel.AbstractChannelHandlerContext.invokeChannelRead(Abstra...
    [ Message content over the limit has been removed. ]
	at io.netty.channel.AbstractChannelHandlerContext.invokeChannelRead(AbstractChannelHandlerContext.java:366)
	at io.netty.channel.AbstractChannelHandlerContext.invokeChannelRead(AbstractChannelHandlerContext.java:352)
	at io.netty.channel.DefaultChannelPipeline.fireChannelRead(DefaultChannelPipeline.java:911)
	at io.netty.channel.nio.AbstractNioByteChannel$NioByteUnsafe.read(AbstractNioByteChannel.java:131)
	at io.netty.channel.nio.NioEventLoop.processSelectedKey(NioEventLoop.java:611)
	at io.netty.channel.nio.NioEventLoop.processSelectedKeysOptimized(NioEventLoop.java:552)
	at io.netty.channel.nio.NioEventLoop.processSelectedKeys(NioEventLoop.java:466)
	at io.netty.channel.nio.NioEventLoop.run(NioEventLoop.java:438)
	at io.netty.util.concurrent.SingleThreadEventExecutor$2.run(SingleThreadEventExecutor.java:140)
	at io.netty.util.concurrent.DefaultThreadFactory$DefaultRunnableDecorator.run(DefaultThreadFactory.java:144)
	at java.lang.Thread.run(Thread.java:919)</status>
</test>
<status status="FAIL" starttime="20230327 15:55:30.092" endtime="20230327 15:56:19.711"></status>
</suite>
<statistics>
<total>
<stat pass="0" fail="1">Critical Tests</stat>
<stat pass="0" fail="1">All Tests</stat>
</total>
<tag>
</tag>
<suite>
<stat pass="0" fail="1" id="s1" name="002 DriverLogin">002 DriverLogin</stat>
</suite>
</statistics>
<errors>
</errors>
</robot>
