<?xml version="1.0" encoding="UTF-8"?>
<robot generator="Robot 3.2.2 (Python 3.11.2 on win32)" generated="20230501 12:44:46.290" rpa="false">
<suite id="s1" name="004 DriverNewTrip" source="C:\Users\mohamed.ali\PycharmProjects\Android_Project\Tests\004_DriverNewTrip.robot">
<test id="s1-t1" name="Driver starts a trip">
<kw name="Open The MobilCare Application" library="Android-res">
<kw name="Open Application" library="AppiumLibrary">
<doc>Opens a new application to given Appium server.
Capabilities of appium server, Android and iOS,
Please check https://github.com/appium/appium/blob/master/docs/en/writing-running-appium/server-args.md
| *Option*            | *Man.* | *Description*     |
| remote_url          | Yes    | Appium server url |
| alias               | no     | alias             |
| strict_ssl          | No     | allows you to send commands to an invalid certificate host like a self-signed one. |</doc>
<arguments>
<arg>http://localhost:${Appium_Port}/wd/hub</arg>
<arg>platformName=android</arg>
<arg>deviceName=${deviceName}</arg>
<arg>appPackage=com.dsquares.mobilcare.staging</arg>
<arg>appActivity=com.dsquares.mobilcare.launch.LaunchActivity</arg>
<arg>automationName=Uiautomator2</arg>
<arg>noReset=true</arg>
</arguments>
<status status="PASS" starttime="20230501 12:44:46.442" endtime="20230501 12:44:57.293"></status>
</kw>
<status status="PASS" starttime="20230501 12:44:46.441" endtime="20230501 12:44:57.293"></status>
</kw>
<kw name="Driver Starts the Trip" library="Driver-res">
<kw name="Wait Until Page Contains Element" library="AppiumLibrary">
<doc>Waits until element specified with `locator` appears on current page.</doc>
<arguments>
<arg>${start_shift_button}</arg>
<arg>5</arg>
</arguments>
<msg timestamp="20230501 12:45:01.303" level="INFO">criteria is com.dsquares.mobilcare.staging:id/start_shift_button
criteria is com.dsquares.mobilcare.staging:id/start_shift_button
criteria is com.dsquares.mobilcare.staging:id/start_shift_button</msg>
<status status="PASS" starttime="20230501 12:44:57.294" endtime="20230501 12:45:01.304"></status>
</kw>
<kw name="Click Element" library="AppiumLibrary">
<doc>Click element identified by `locator`.</doc>
<arguments>
<arg>${start_shift_button}</arg>
</arguments>
<msg timestamp="20230501 12:45:01.305" level="INFO">Clicking element 'id=com.dsquares.mobilcare.staging:id/start_shift_button'.</msg>
<msg timestamp="20230501 12:45:01.524" level="INFO">criteria is com.dsquares.mobilcare.staging:id/start_shift_button</msg>
<status status="PASS" starttime="20230501 12:45:01.304" endtime="20230501 12:45:01.524"></status>
</kw>
<kw name="Wait Until Page Contains Element" library="AppiumLibrary">
<doc>Waits until element specified with `locator` appears on current page.</doc>
<arguments>
<arg>${Start_Driving_Button}</arg>
</arguments>
<msg timestamp="20230501 12:45:03.461" level="INFO">criteria is com.dsquares.mobilcare.staging:id/checkList_startDriving
criteria is com.dsquares.mobilcare.staging:id/checkList_startDriving</msg>
<status status="PASS" starttime="20230501 12:45:01.524" endtime="20230501 12:45:03.461"></status>
</kw>
<kw name="Click Element" library="AppiumLibrary">
<doc>Click element identified by `locator`.</doc>
<arguments>
<arg>${Start_Driving_Button}</arg>
</arguments>
<msg timestamp="20230501 12:45:03.462" level="INFO">Clicking element 'id=com.dsquares.mobilcare.staging:id/checkList_startDriving'.</msg>
<msg timestamp="20230501 12:45:03.607" level="INFO">criteria is com.dsquares.mobilcare.staging:id/checkList_startDriving</msg>
<status status="PASS" starttime="20230501 12:45:03.461" endtime="20230501 12:45:03.607"></status>
</kw>
<status status="PASS" starttime="20230501 12:44:57.293" endtime="20230501 12:45:03.608"></status>
</kw>
<kw name="Make a trip with Mock Location" library="Driver-res">
<arguments>
<arg>${Trip}[Destination]</arg>
<arg>${Trip}[Speed]</arg>
</arguments>
<kw name="Open The Mock Location" library="Driver-res">
<kw name="Open The Mock Location Application" library="Android-res">
<kw name="Open Application" library="AppiumLibrary">
<doc>Opens a new application to given Appium server.
Capabilities of appium server, Android and iOS,
Please check https://github.com/appium/appium/blob/master/docs/en/writing-running-appium/server-args.md
| *Option*            | *Man.* | *Description*     |
| remote_url          | Yes    | Appium server url |
| alias               | no     | alias             |
| strict_ssl          | No     | allows you to send commands to an invalid certificate host like a self-signed one. |</doc>
<arguments>
<arg>http://localhost:${Appium_Port_Device1}/wd/hub</arg>
<arg>platformName=android</arg>
<arg>deviceName=${deviceOne}</arg>
<arg>appPackage=ru.gavrikov.mocklocations</arg>
<arg>appActivity=ru.gavrikov.mocklocations.MainActivity</arg>
<arg>automationName=Uiautomator2</arg>
<arg>noReset=true</arg>
</arguments>
<status status="PASS" starttime="20230501 12:45:03.609" endtime="20230501 12:45:17.382"></status>
</kw>
<status status="PASS" starttime="20230501 12:45:03.609" endtime="20230501 12:45:17.382"></status>
</kw>
<status status="PASS" starttime="20230501 12:45:03.608" endtime="20230501 12:45:17.382"></status>
</kw>
<kw name="Detect My Location" library="Driver-res">
<kw name="Wait Until Page Contains Element" library="AppiumLibrary">
<doc>Waits until element specified with `locator` appears on current page.</doc>
<arguments>
<arg>${My_Location_Button}</arg>
<arg>20</arg>
</arguments>
<msg timestamp="20230501 12:45:18.806" level="INFO">xpath criteria: //android.widget.ImageView[@content-desc="My Location"]</msg>
<status status="PASS" starttime="20230501 12:45:17.383" endtime="20230501 12:45:18.806"></status>
</kw>
<kw name="Long Press" library="AppiumLibrary">
<doc>*DEPRECATED!!* Since selenium v4, use other keywords.</doc>
<arguments>
<arg>${My_Location_Button}</arg>
</arguments>
<msg timestamp="20230501 12:45:18.807" level="WARN">Keyword 'AppiumLibrary.Long Press' is deprecated. Since selenium v4, use other keywords.</msg>
<msg timestamp="20230501 12:45:21.720" level="INFO">xpath criteria: //android.widget.ImageView[@content-desc="My Location"]</msg>
<status status="PASS" starttime="20230501 12:45:18.807" endtime="20230501 12:45:21.720"></status>
</kw>
<kw name="Click Element" library="AppiumLibrary">
<doc>Click element identified by `locator`.</doc>
<arguments>
<arg>${My_Location_Button}</arg>
</arguments>
<msg timestamp="20230501 12:45:21.721" level="INFO">Clicking element '//android.widget.ImageView[@content-desc="My Location"]'.</msg>
<msg timestamp="20230501 12:45:22.877" level="INFO">xpath criteria: //android.widget.ImageView[@content-desc="My Location"]</msg>
<status status="PASS" starttime="20230501 12:45:21.720" endtime="20230501 12:45:22.877"></status>
</kw>
<kw name="Set the start location" library="Driver-res">
<kw name="Set Location" library="AppiumLibrary">
<doc>Set location</doc>
<arguments>
<arg>30.443326665545676</arg>
<arg>31.19021211755414</arg>
</arguments>
<status status="PASS" starttime="20230501 12:45:22.878" endtime="20230501 12:45:23.485"></status>
</kw>
<status status="PASS" starttime="20230501 12:45:22.878" endtime="20230501 12:45:23.486"></status>
</kw>
<kw name="Long Press" library="AppiumLibrary">
<doc>*DEPRECATED!!* Since selenium v4, use other keywords.</doc>
<arguments>
<arg>${start_location}</arg>
</arguments>
<msg timestamp="20230501 12:45:23.486" level="WARN">Keyword 'AppiumLibrary.Long Press' is deprecated. Since selenium v4, use other keywords.</msg>
<msg timestamp="20230501 12:45:27.148" level="INFO">xpath criteria: //hierarchy/android.widget.FrameLayout/android.widget.LinearLayout/android.widget.FrameLayout/android.widget.LinearLayout/android.widget.FrameLayout/androidx.drawerlayout.widget.DrawerLayout/android.widget.LinearLayout/android.widget.RelativeLayout/android.widget.LinearLayout/android.widget.FrameLayout/android.widget.FrameLayout/android.widget.RelativeLayout[2]/android.widget.ImageView</msg>
<status status="PASS" starttime="20230501 12:45:23.486" endtime="20230501 12:45:27.149"></status>
</kw>
<status status="PASS" starttime="20230501 12:45:17.382" endtime="20230501 12:45:27.149"></status>
</kw>
<kw name="Select Destination and Speed and Go" library="Driver-res">
<arguments>
<arg>${Destination}</arg>
<arg>${Speed}</arg>
</arguments>
<kw name="Click Element" library="AppiumLibrary">
<doc>Click element identified by `locator`.</doc>
<arguments>
<arg>${Search_Mark}</arg>
</arguments>
<msg timestamp="20230501 12:45:27.150" level="INFO">Clicking element 'ru.gavrikov.mocklocations:id/btsearch_mc'.</msg>
<msg timestamp="20230501 12:45:27.297" level="INFO">criteria is ru.gavrikov.mocklocations:id/btsearch_mc</msg>
<status status="PASS" starttime="20230501 12:45:27.149" endtime="20230501 12:45:27.297"></status>
</kw>
<kw name="Wait Until Page Contains Element" library="AppiumLibrary">
<doc>Waits until element specified with `locator` appears on current page.</doc>
<arguments>
<arg>${search_icon}</arg>
</arguments>
<msg timestamp="20230501 12:45:29.489" level="INFO">xpath criteria: //android.widget.EditText[@text="Type an address"]
xpath criteria: //android.widget.EditText[@text="Type an address"]</msg>
<status status="PASS" starttime="20230501 12:45:27.297" endtime="20230501 12:45:29.490"></status>
</kw>
<kw name="Input Text" library="AppiumLibrary">
<doc>Types the given `text` into text field identified by `locator`.</doc>
<arguments>
<arg>${Search_Icon}</arg>
<arg>${Destination}</arg>
</arguments>
<msg timestamp="20230501 12:45:29.491" level="INFO">Typing text 'Qalyub' into text field '//android.widget.EditText[@text="Type an address"]'</msg>
<msg timestamp="20230501 12:45:30.136" level="INFO">xpath criteria: //android.widget.EditText[@text="Type an address"]</msg>
<status status="PASS" starttime="20230501 12:45:29.490" endtime="20230501 12:45:30.136"></status>
</kw>
<kw name="swipe screen" library="Driver-res">
<kw name="Set Variable" library="BuiltIn">
<doc>Returns the given values which can then be assigned to a variables.</doc>
<arguments>
<arg>350</arg>
</arguments>
<assign>
<var>${x1}</var>
</assign>
<msg timestamp="20230501 12:45:30.137" level="INFO">${x1} = 350</msg>
<status status="PASS" starttime="20230501 12:45:30.136" endtime="20230501 12:45:30.137"></status>
</kw>
<kw name="Set Variable" library="BuiltIn">
<doc>Returns the given values which can then be assigned to a variables.</doc>
<arguments>
<arg>610</arg>
</arguments>
<assign>
<var>${y1}</var>
</assign>
<msg timestamp="20230501 12:45:30.137" level="INFO">${y1} = 610</msg>
<status status="PASS" starttime="20230501 12:45:30.137" endtime="20230501 12:45:30.137"></status>
</kw>
<kw name="Set Variable" library="BuiltIn">
<doc>Returns the given values which can then be assigned to a variables.</doc>
<arguments>
<arg>300</arg>
</arguments>
<assign>
<var>${x2}</var>
</assign>
<msg timestamp="20230501 12:45:30.137" level="INFO">${x2} = 300</msg>
<status status="PASS" starttime="20230501 12:45:30.137" endtime="20230501 12:45:30.137"></status>
</kw>
<kw name="Set Variable" library="BuiltIn">
<doc>Returns the given values which can then be assigned to a variables.</doc>
<arguments>
<arg>440</arg>
</arguments>
<assign>
<var>${y2}</var>
</assign>
<msg timestamp="20230501 12:45:30.137" level="INFO">${y2} = 440</msg>
<status status="PASS" starttime="20230501 12:45:30.137" endtime="20230501 12:45:30.137"></status>
</kw>
<kw name="Set Variable" library="BuiltIn">
<doc>Returns the given values which can then be assigned to a variables.</doc>
<arguments>
<arg>500</arg>
</arguments>
<assign>
<var>${duration}</var>
</assign>
<msg timestamp="20230501 12:45:30.138" level="INFO">${duration} = 500</msg>
<status status="PASS" starttime="20230501 12:45:30.138" endtime="20230501 12:45:30.138"></status>
</kw>
<kw name="Swipe" library="AppiumLibrary">
<doc>Swipe from one point to another point, for an optional duration.</doc>
<arguments>
<arg>${x1}</arg>
<arg>${y1}</arg>
<arg>${x2}</arg>
<arg>${y2}</arg>
<arg>duration=${duration}</arg>
</arguments>
<status status="PASS" starttime="20230501 12:45:30.138" endtime="20230501 12:45:30.985"></status>
</kw>
<status status="PASS" starttime="20230501 12:45:30.136" endtime="20230501 12:45:30.985"></status>
</kw>
<kw name="Wait Until Page Contains Element" library="AppiumLibrary">
<doc>Waits until element specified with `locator` appears on current page.</doc>
<arguments>
<arg>${Search_Ok_Button}</arg>
</arguments>
<msg timestamp="20230501 12:45:31.692" level="INFO">criteria is ru.gavrikov.mocklocations:id/open_button</msg>
<status status="PASS" starttime="20230501 12:45:30.986" endtime="20230501 12:45:31.692"></status>
</kw>
<kw name="Click Element" library="AppiumLibrary">
<doc>Click element identified by `locator`.</doc>
<arguments>
<arg>${Search_Ok_Button}</arg>
</arguments>
<msg timestamp="20230501 12:45:31.694" level="INFO">Clicking element 'id=ru.gavrikov.mocklocations:id/open_button'.</msg>
<msg timestamp="20230501 12:45:31.789" level="INFO">criteria is ru.gavrikov.mocklocations:id/open_button</msg>
<status status="PASS" starttime="20230501 12:45:31.693" endtime="20230501 12:45:31.789"></status>
</kw>
<kw name="Wait Until Page Contains Element" library="AppiumLibrary">
<doc>Waits until element specified with `locator` appears on current page.</doc>
<arguments>
<arg>${Done_Mark}</arg>
<arg>20</arg>
</arguments>
<msg timestamp="20230501 12:45:33.241" level="INFO">criteria is ru.gavrikov.mocklocations:id/thre_button</msg>
<status status="PASS" starttime="20230501 12:45:31.789" endtime="20230501 12:45:33.241"></status>
</kw>
<kw name="Click Element" library="AppiumLibrary">
<doc>Click element identified by `locator`.</doc>
<arguments>
<arg>${Done_Mark}</arg>
</arguments>
<msg timestamp="20230501 12:45:33.243" level="INFO">Clicking element 'id=ru.gavrikov.mocklocations:id/thre_button'.</msg>
<msg timestamp="20230501 12:45:33.378" level="INFO">criteria is ru.gavrikov.mocklocations:id/thre_button</msg>
<status status="PASS" starttime="20230501 12:45:33.241" endtime="20230501 12:45:33.378"></status>
</kw>
<kw name="Wait Until Page Contains Element" library="AppiumLibrary">
<doc>Waits until element specified with `locator` appears on current page.</doc>
<arguments>
<arg>${Specify_Speed_Field}</arg>
</arguments>
<msg timestamp="20230501 12:45:38.655" level="INFO">&lt;?xml version='1.0' encoding='UTF-8' standalone='yes' ?&gt;
&lt;hierarchy index="0" class="hierarchy" rotation="0" width="720" height="1516"&gt;
  &lt;android.widget.FrameLayout index="0" package="ru.gavrikov.mocklocations" class="android.widget.FrameLayout" text="" checkable="false" checked="false" clickable="false" enabled="true" focusable="false" focused="false" long-clickable="false" password="false" scrollable="false" selected="false" bounds="[0,0][720,1516]" displayed="true"&gt;
    &lt;android.widget.LinearLayout index="0" package="ru.gavrikov.mocklocations" class="android.widget.LinearLayout" text="" checkable="false" checked="false" clickable="false" enabled="true" focusable="false" focused="false" long-clickable="false" password="false" scrollable="false" selected="false" bounds="[0,0][720,1516]" displayed="true"&gt;
      &lt;android.widget.FrameLayout index="0" package="ru.gavrikov.mocklocations" class="android.widget.FrameLayout" text="" checkable="false" checked="false" clickable="false" enabled="true" focusable="false" focused="false" long-clickable="false" password="false" scrollable="false" selected="false" bounds="[0,58][720,1516]" displayed="true"&gt;
        &lt;android.view.ViewGroup index="0" package="ru.gavrikov.mocklocations" class="android.view.ViewGroup" text="" resource-id="ru.gavrikov.mocklocations:id/decor_content_parent" checkable="false" checked="false" clickable="false" enabled="true" focusable="false" focused="false" long-clickable="false" password="false" scrollable="false" selected="false" bounds="[0,58][720,1516]" displayed="true"&gt;
          &lt;android.widget.FrameLayout index="0" package="ru.gavrikov.mocklocations" class="android.widget.FrameLayout" text="" resource-id="ru.gavrikov.mocklocations:id/action_bar_container" checkable="false" checked="false" clickable="false" enabled="true" focusable="false" focused="false" long-clickable="false" password="false" scrollable="false" selected="false" bounds="[0,58][720,156]" displayed="true"&gt;
            &lt;android.view.ViewGroup index="0" package="ru.gavrikov.mocklocations" class="android.view.ViewGroup" text="" resource-id="ru.gavrikov.mocklocations:id/action_bar" checkable="false" checked="false" clickable="false" enabled="true" focusable="false" focused="false" long-clickable="false" password="false" scrollable="false" selected="false" bounds="[0,58][720,156]" displayed="true"&gt;
              &lt;android.widget.TextView index="0" package="ru.gavrikov.mocklocations" class="android.widget.TextView" text="Mock Locations" checkable="false" checked="false" clickable="false" enabled="true" focusable="false" focused="false" long-clickable="false" password="false" scrollable="false" selected="false" bounds="[28,83][278,130]" displayed="true" /&gt;
              &lt;androidx.appcompat.widget.LinearLayoutCompat index="1" package="ru.gavrikov.mocklocations" class="androidx.appcompat.widget.LinearLayoutCompat" text="" checkable="false" checked="false" clickable="false" enabled="true" focusable="false" focused="false" long-clickable="false" password="false" scrollable="false" selected="false" bounds="[565,58][720,156]" displayed="true"&gt;
                &lt;android.widget.TextView index="0" package="ru.gavrikov.mocklocations" class="android.widget.TextView" text="" content-desc="Save route" resource-id="ru.gavrikov.mocklocations:id/menu_save_button" checkable="false" checked="false" clickable="true" enabled="true" focusable="true" focused="false" long-clickable="false" password="false" scrollable="false" selected="false" bounds="[565,65][649,149]" displayed="true" /&gt;
                &lt;android.widget.ImageView index="1" package="ru.gavrikov.mocklocations" class="android.widget.ImageView" text="" content-desc="More options" checkable="false" checked="false" clickable="true" enabled="true" focusable="true" focused="false" long-clickable="true" password="false" scrollable="false" selected="false" bounds="[649,65][720,149]" displayed="true" /&gt;
              &lt;/androidx.appcompat.widget.LinearLayoutCompat&gt;
            &lt;/android.view.ViewGroup&gt;
          &lt;/android.widget.FrameLayout&gt;
          &lt;android.widget.FrameLayout index="1" package="ru.gavrikov.mocklocations" class="android.widget.FrameLayout" text="" resource-id="android:id/content" checkable="false" checked="false" clickable="false" enabled="true" focusable="false" focused="false" long-clickable="false" password="false" scrollable="false" selected="false" bounds="[0,156][720,1516]" displayed="true"&gt;
            &lt;android.widget.LinearLayout index="0" package="ru.gavrikov.mocklocations" class="android.widget.LinearLayout" text="" checkable="false" checked="false" clickable="false" enabled="true" focusable="false" focused="false" long-clickable="false" password="false" scrollable="false" selected="false" bounds="[0,156][720,1516]" displayed="true"&gt;
              &lt;android.widget.TextView index="0" package="ru.gavrikov.mocklocations" class="android.widget.TextView" text="Route: 0.000 km in 1 min" resource-id="ru.gavrikov.mocklocations:id/TopTimeLabel" checkable="false" checked="false" clickable="false" enabled="true" focusable="false" focused="false" long-clickable="false" password="false" scrollable="false" selected="false" bounds="[28,163][692,197]" displayed="true" /&gt;
              &lt;android.widget.ScrollView index="1" package="ru.gavrikov.mocklocations" class="android.widget.ScrollView" text="" resource-id="ru.gavrikov.mocklocations:id/scrollView1" checkable="false" checked="false" clickable="false" enabled="true" focusable="true" focused="false" long-clickable="false" password="false" scrollable="false" selected="false" bounds="[0,204][720,1469]" displayed="true"&gt;
                &lt;android.widget.LinearLayout index="0" package="ru.gavrikov.mocklocations" class="android.widget.LinearLayout" text="" checkable="false" checked="false" clickable="false" enabled="true" focusable="false" focused="false" long-clickable="false" password="false" scrollable="false" selected="false" bounds="[0,204][720,503]" displayed="true"&gt;
                  &lt;android.widget.TableLayout index="0" package="ru.gavrikov.mocklocations" class="android.widget.TableLayout" text="" checkable="false" checked="false" clickable="false" enabled="true" focusable="false" focused="false" long-clickable="false" password="false" scrollable="false" selected="false" bounds="[0,204][720,503]" displayed="true"&gt;
                    &lt;android.widget.TableRow index="0" package="ru.gavrikov.mocklocations" class="android.widget.TableRow" text="" resource-id="ru.gavrikov.mocklocations:id/tableRow7" checkable="false" checked="false" clickable="false" enabled="true" focusable="false" focused="false" long-clickable="false" password="false" scrollable="false" selected="false" bounds="[0,204][720,261]" displayed="true"&gt;
                      &lt;android.widget.TextView index="0" package="ru.gavrikov.mocklocations" class="android.widget.TextView" text="Parking at the starting point:" resource-id="ru.gavrikov.mocklocations:id/HelpString" checkable="false" checked="false" clickable="false" enabled="true" focusable="false" focused="false" long-clickable="false" password="false" scrollable="false" selected="false" bounds="[28,211][439,254]" displayed="true" /&gt;
                    &lt;/android.widget.TableRow&gt;
                    &lt;android.widget.TableRow index="1" package="ru.gavrikov.mocklocations" class="android.widget.TableRow" text="" resource-id="ru.gavrikov.mocklocations:id/tableRow10" checkable="false" checked="false" clickable="false" enabled="true" focusable="false" focused="false" long-clickable="false" password="false" scrollable="false" selected="false" bounds="[0,261][720,358]" displayed="true"&gt;
                      &lt;android.widget.EditText index="0" package="ru.gavrikov.mocklocations" class="android.widget.EditText" text="1.0" resource-id="ru.gavrikov.mocklocations:id/editText4" checkable="false" checked="false" clickable="true" enabled="true" focusable="true" focused="false" long-clickable="true" password="false" scrollable="false" selected="false" bounds="[28,270][576,349]" displayed="true" /&gt;
                      &lt;android.widget.TextView index="1" package="ru.gavrikov.mocklocations" class="android.widget.TextView" text="minutes" resource-id="ru.gavrikov.mocklocations:id/textView7" checkable="false" checked="false" clickable="false" enabled="true" focusable="false" focused="false" long-clickable="false" password="false" scrollable="false" selected="false" bounds="[576,287][692,330]" displayed="true" /&gt;
                    &lt;/android.widget.TableRow&gt;
                    &lt;android.widget.TableRow index="2" package="ru.gavrikov.mocklocations" class="android.widget.TableRow" text="" resource-id="ru.gavrikov.mocklocations:id/tableRow11" checkable="false" checked="false" clickable="false" enabled="true" focusable="false" focused="false" long-clickable="false" password="false" scrollable="false" selected="false" bounds="[0,358][720,415]" displayed="true"&gt;
                      &lt;android.widget.TextView index="0" package="ru.gavrikov.mocklocations" class="android.widget.TextView" text="Altitude:" resource-id="ru.gavrikov.mocklocations:id/TimeLabel" checkable="false" checked="false" clickable="false" enabled="true" focusable="false" focused="false" long-clickable="false" password="false" scrollable="false" selected="false" bounds="[28,365][439,408]" displayed="true" /&gt;
                    &lt;/android.widget.TableRow&gt;
                    &lt;android.widget.TableRow index="3" package="ru.gavrikov.mocklocations" class="android.widget.TableRow" text="" resource-id="ru.gavrikov.mocklocations:id/tableRow12" checkable="false" checked="false" clickable="false" enabled="true" focusable="false" focused="false" long-clickable="false" password="false" scrollable="false" selected="false" bounds="[0,415][720,503]" displayed="true"&gt;
                      &lt;android.widget.EditText index="0" package="ru.gavrikov.mocklocations" class="android.widget.EditText" text="100.0" resource-id="ru.gavrikov.mocklocations:id/editText5" checkable="false" checked="false" clickable="true" enabled="true" focusable="true" focused="false" long-clickable="true" password="false" scrollable="false" selected="false" bounds="[28,424][296,503]" displayed="true" /&gt;
                      &lt;android.widget.TextView index="1" package="ru.gavrikov.mocklocations" class="android.widget.TextView" text="±" resource-id="ru.gavrikov.mocklocations:id/textView8" checkable="false" checked="false" clickable="false" enabled="true" focusable="false" focused="false" long-clickable="false" password="false" scrollable="false" selected="false" bounds="[296,441][412,484]" displayed="true" /&gt;
                      &lt;android.widget.EditText index="2" package="ru.gavrikov.mocklocations" class="android.widget.EditText" text="10.0" resource-id="ru.gavrikov.mocklocations:id/editText6" checkable="false" checked="false" clickable="true" enabled="true" focusable="true" focused="false" long-clickable="true" password="false" scrollable="false" selected="false" bounds="[412,424][592,503]" displayed="true" /&gt;
                      &lt;android.widget.TextView index="3" package="ru.gavrikov.mocklocations" class="android.widget.TextView" text="meters" resource-id="ru.gavrikov.mocklocations:id/textView10" checkable="false" checked="false" clickable="false" enabled="true" focusable="false" focused="false" long-clickable="false" password="false" scrollable="false" selected="false" bounds="[592,441][692,484]" displayed="true" /&gt;
                    &lt;/android.widget.TableRow&gt;
                  &lt;/android.widget.TableLayout&gt;
                &lt;/android.widget.LinearLayout&gt;
              &lt;/android.widget.ScrollView&gt;
              &lt;android.widget.LinearLayout index="2" package="ru.gavrikov.mocklocations" class="android.widget.LinearLayout" text="" resource-id="ru.gavrikov.mocklocations:id/buttons_lyout" checkable="false" checked="false" clickable="false" enabled="true" focusable="false" focused="false" long-clickable="false" password="false" scrollable="false" selected="false" bounds="[7,1476][713,1516]" displayed="true"&gt;
                &lt;android.widget.LinearLayout index="0" package="ru.gavrikov.mocklocations" class="android.widget.LinearLayout" text="" resource-id="ru.gavrikov.mocklocations:id/topbuttons" checkable="false" checked="false" clickable="false" enabled="true" focusable="false" focused="false" long-clickable="false" password="false" scrollable="false" selected="false" bounds="[7,1476][713,1516]" displayed="true"&gt;
                  &lt;android.widget.Button index="0" package="ru.gavrikov.mocklocations" class="android.widget.Button" text="ADD A POINT" resource-id="ru.gavrikov.mocklocations:id/add_point_button" checkable="false" checked="false" clickable="true" enabled="true" focusable="true" focused="false" long-clickable="false" password="false" scrollable="false" selected="false" bounds="[35,1476][353,1516]" displayed="true" /&gt;
                  &lt;android.widget.Button index="1" package="ru.gavrikov.mocklocations" class="android.widget.Button" text="GO!" resource-id="ru.gavrikov.mocklocations:id/start_servise_button" checkable="false" checked="false" clickable="true" enabled="true" focusable="true" focused="false" long-clickable="false" password="false" scrollable="false" selected="false" bounds="[367,1476][685,1516]" displayed="true" /&gt;
                &lt;/android.widget.LinearLayout&gt;
              &lt;/android.widget.LinearLayout&gt;
            &lt;/android.widget.LinearLayout&gt;
          &lt;/android.widget.FrameLayout&gt;
        &lt;/android.view.ViewGroup&gt;
      &lt;/android.widget.FrameLayout&gt;
    &lt;/android.widget.LinearLayout&gt;
    &lt;android.view.View index="2" package="ru.gavrikov.mocklocations" class="android.view.View" text="" resource-id="android:id/navigationBarBackground" checkable="false" checked="false" clickable="false" enabled="true" focusable="false" focused="false" long-clickable="false" password="false" scrollable="false" selected="false" bounds="[0,1574][720,1600]" displayed="true" /&gt;
  &lt;/android.widget.FrameLayout&gt;
&lt;/hierarchy&gt;</msg>
<kw name="Capture Page Screenshot" library="AppiumLibrary">
<doc>Takes a screenshot of the current page and embeds it into the log.</doc>
<msg timestamp="20230501 12:45:39.655" level="INFO" html="yes">&lt;/td&gt;&lt;/tr&gt;&lt;tr&gt;&lt;td colspan="3"&gt;&lt;img src="data:image/png;base64, iVBORw0KGgoAAAANSUhEUgAAAtAAAAZACAYAAABQfnXMAAAAAXNSR0IArs4c6QAAAARzQklUCAgI
CHwIZIgAACAASURBVHic7N15eExnwwbw+8ySfSNiCxGNtWLfpUqDVy0NijYpilrb8JZ+LS3tW1q0
tKVqqS6WUkLVvkSrJbZQsUepnYg9JJlE9sz5/hhzOiczk+TEJJlw/67rXMxZnxxjcs9znkUAIIKI
iIiIiApFVdoFICIiIiIqSxigiYiIiIgUYIAmIiIiIlKAAZqIiIiISAEGaCIiIiIiBRigiYiIiIgU
YIAmIiIiIlKAAZqIiIiISAEGaCIiIiIiBRigiYiIiIgUYIAmIiIiIlKAAZqIiIiISAEGaCIiIiIi
BRigiYiIiIgUYIAmIiIiIlJAU9oFoFLg5Ab4NwFa9gKa/AdQqQBBAFTGRQUc+w04tAG4dBRIT7F5
EdycgLAXtJjxmgPKuwPI1EPQixAhIlmnx0frcrF8nx4p6Ta/NBEREdFjEQCIpV0IKiFd/wu0H/Rv
SFYJj4Kz6t/wLKgsbBeAyEXA+i8fuwj+lVXYOs0VdSsJEHJFQC8CuXpA+rsI8dFrMVfEpQQ9Gn8k
IivXBj8/ERERlSg/Pz9Ur15dtu769euIi4srpRLZBgP000DrBEzenaem2UKAFkyCtLUw/VYDIFN5
tbAgAD++64JBLzhApRcBUTQJzZYDtHHdhHV6zNlp+zerp6cnunXrhh49esDDwwMAoNPpsG3bNkRG
RiI5OdmGVyMiIlNhYWGoXr06Vq9eLQtTDRs2RLdu3aTX3333HT+Pyyg/Pz8cP37c4ramTZuW6RD9
RAXounXrYtCgQdixYwf2799f4P79+/dHp06d4OvrCwcHByQmJuL48eNYtmwZ7ty5Y5MyNWzYEEOG
DAEA7Nu3Dxs3brS4X58+ffDcc88VeL4PP/wQ6ekKAqxKDUze8yg8W6pdNq19Nn1tLWwLwIg6QG5O
oYsgCED8Wi9U8hD+XSnCEJwzcvMN0IJeRGKqHhXfBfYGvobnT6+yyRu2e/fumD9/Pjw9PS1uj4uL
w+TJk7F9+3YbXI2IyL55enoiNDQUYWFhaNiwobQ+NjYWERERWL16tU1DbGBgIKKiogAAvXr1woED
BwAYQvW8efNk+yYnJ6NXr144ffq0za5vjYODA9q2bYuHDx/iyJEjj30+pbmkSZMmeO2111C3bl04
OTkhISEBhw4dwo8//ljg7/6iHOvh4YFx48ahdevWcHBwwNmzZzF//nycP3++SD9vXkFBQdi8ebPF
bSEhIdK/e1lU5gO0m5sbwsLC0Lt3b7Ro0QIajQZvvfUW1qxZY/WYatWq4YcffkCrVq0sbr9//z7e
ffddq//oSmzbtg1t2rQBAHz//ff44IMPLO63aNEi9O/fv8Dz1a1bFwkJCYUvwAe7AbXWLBBPbl8V
06Nv5wnIVppv5N0u5gLDaxfq8oIAXF/ricoeBfRXTcyUgnTeAK3Xi3B8S8SvdfugsWsF1D72w2O9
acPCwjB//nwAhhrniIgIxMbGAjB84QkLC5NqpMeMGYOIiIjHuBoRkX0LCwvD9OnTrVYoAIYQO3ny
ZJt9Hu7ZsweBgYEA/g1SxtpKnU6HkJAQxMbGonv37lixYgViY2PRsWNHm1w7P5UqVcJ//vMfAMCK
FSuKdI6i5BIAeP/99/Hf//4Xjo6OZtuuXbuGN998E3/99ZfNjnV0dMSWLVvQvHlzPHjwAOnp6fD1
9cW9e/fQq1cvnDt3TsFPLWd8iuDn54ewsDCL+0RERCAuLg6RkZHS7+CypMx2IgwODkZoaCg6d+6c
7396SxYvXowWLVogKysLGzZswN69e5Gbm4vmzZtj0KBB8Pb2xrx583DhwgWcPXu2yGUcM2aMFJ4L
4uPjAwC4desWrl27ZnW/rKyswhegVjsAakNzCfFR5BTx6LXhz7rlnXEuMRMdq7kjKv4h2lR2ga+7
A9ZdTkF5JzV61nTH8gspj75mPTpOpQaadAZO/FFgEX58z6Xg8AwA5RyBHD1w38K3ZL2I8q6AIIrw
0jhhca1ueONiZKFvg6mgoCApPK9evRqTJk2S1apERERg5syZmDFjBkJDQzF//nzExcWV6W/JRETW
jB49GtOnTy9wP09PT+mz83FD9MSJExEYGIjIyEhZU43u3btL5zcGqu3bt2Py5MmKf8+XhsfJJYMH
D8Z7770HADh69CgiIiJw584dNGvWDEOHDkWNGjXwww8/oFOnTrh3755Njn3zzTfRvHlz7N27F6Gh
ocjMzMTUqVMxZswYfPDBB9LTc6MZM2Zg8eLFuHTpUr4/y8SJEzFhwoQCf2ZjsJ44cSJmzZqFmTNn
Fnyj7EiZDdBfffUV/Pz8AAC3b99GdHQ0Xn755QKPGzp0KFq0aAEA+PTTT7Fw4UJp29q1a7F//34s
W7YMbm5uGD16NN5++23Z8e+++y4qVqwoBStratasifHjxwMAcnJyoNHkf6vLly8PANiyZYvVWmrF
+nwqC8sA4O/piKu6bBjD8FtNKuDtXfHY2Nsfzy49h0M3H2J9iA/WXdQhfkhtuHx3Dh+2rIBpxx4A
KuO5AIxZBAyvle/la1ZWYVAn82/DVmlUQEUX4NZDs02ujsAzzoYPpJfK1UKAkxcuZSQV/tyPLFiw
AAAQGRmJ8PBwi/skJycjPDxcaiM9ffr0Eqn5ICIqSd27dy9UeDY1f/58JCcnF7l5m5+fH0aNGoVZ
s2YBgCxAG3+n562NXLRoUZGuVdKKmksAQ4UbAJw4cQIvvfQSMjMzARi+QOzfvx9r1qyBr68vRo4c
afZvVtRjW7duDcBwf43HzJgxA8OGDUOzZs1k1/i///s/jBo1CoIgFJhRRo8eXaif2dSoUaPKXIAu
s+NAp6SkIDIyEiNGjECDBg0wd+7cQh334osvAgAuX74sC89GW7duxYkTJwBA1g4MMLRT/uCDDzBs
2DBMnDgx3+t8/vnn8PLywp9//lmodmPe3t4ADDXQNqFSA1D9G6Afddwb0sQHEEW4alRoVNEZL9Rw
RyMfZ6gFAbqMHMzuUAUeDio0quAIrQoYWMcD266mmtRcPzqfoALU+X8p2Pq5G1QmzZ71xkpwFSCq
BcMi/rseACAIECq7GhoXmcjVA1Uc3I27YGPdPopvScOGDaWewJMmTQLwb63K8ePHcfz4camGxXSf
hg0bmr0XiIjKMk9PT6vh+fTp0zhw4IDVNsdKQ7ep+fPnQ6fTWQzFxvBp/J25efNm3L9/X1qKgy1r
touaS9q2bYtnnnkGgKGppzHMGkVFRSE6OhoA0KlTJ5sd6+LiAgC4ceOGtC4zMxPJyclwdXWV1gUE
BGDMmDGIi4vDZ599VuDPY2wCqURZeMKQV5kN0F26dMHAgQOxfv16Rcf5+PggMzMz36YZxjeTIMhT
3J07d5CTY+g8d/v2bavHDxo0CJ07d4ZOp5NCWEGMAdr0jfxYnL1MAu+/y4jmlaARgHfbVcGp2w8x
6+BtxCVlYs3ZB0jNysU7u2+gtpcDTt1Nh3beGfz8TxKO38uQn8c4ioZbeauXd3MSUKeqGgAgCkDs
tVw0eCMZrj0T4Te1GVrHzkP7m7/Ao5cOTUYm4+pdvdTKBCoB8HGRziUASE43NOEwquzoBk+1gtpt
/Pt48MCBA9LTg7CwMISFhcHPz09qq2X89mzadMN4LBHRk6B79+5SYDXS6XQYNGgQOnTogJCQEHTo
0AGDBg2CTqeT7efn51ekz8SwsDAEBQVBFEUsX74coaGhAAyBPCwsTNYXBTA05Zg1axauX79elB+x
QN27d8fly5cxY8YMm5yvqLmkefPmAAC9Xo/ffvvN4j7Hjh0DYAiztjrWGLaNTUiN3NzcZP/m06dP
h7u7O6ZNm2b2XnialdkAnfdbVmEFBwejatWqeP31163uU6VKFQBAfHy8bH10dDS6d++OAQMG4NNP
P7V67OTJkwEAc+fOxcWLFwssU9WqVeHk5AQAuHr1KgBDk468H26KNOwmb77xaPGdFYOcXD0cPvkL
EEX8fOoektJzMHz7tUfhGKjx/dl/j9OLgF5vHp5FEXj+VauXf62TFtm5wEc/pUPbJRHPTS2Pcv9b
j2ZLd8P/zY/g4FMFvupcpGfk4sw1PWoNTIbDi4n4an0GckRAcFTDWH2dqxLQztnf7AvN0IqBRbo1
prUqln4JmI6GUlwf3EaNGzfGzz//jPj4eMTHx+Pnn39G48aNi/WaREQ9evQwWzdz5kyzphnbt2+3
+Gi9qE/loqOjER8fD0EQpM9045/Gz2Zjsw5jn5Ti+hw2/gzGzoyPq6i5xPhkNDExEUlJlpsmGvOI
m5sbqlatapNjjcF68ODB0rq3334bbm5u+PvvvwEYRivr3LkzduzYgXXr1hXp53tSldkAXVyaNm2K
Jk2aAIDFUTiOHj2KHTt2WD1+2rRp8PHxwbFjx/D1118X6pqm3woHDx6MM2fO4Pz58zh+/DguX76M
pUuXolat/Nsbm5+0vYXQCziqBFR21ZrVTCe900QKzeWdVIBoCM0z2lU0b75h/HujF6xefsRLjvDu
nYjPV2ej+czFaP7Vcjh6lodarYJaEFDXtwou7dwqO0YUgYmL0lGxTxLiHugBP0OTjb9vATNrdJAF
aAHAO1VbKrsnj5gO6G7pEaVp2/a8g7/bUuPGjbFt2zZ069YNzs7OcHZ2Rrdu3bBt2zaGaCIqVpYe
s1vrHGhpfVBQkOJrRkREICQkBCEhIejVq5d0XuPoHtu2bUN0dDQaNmyIY8eOYcKECZg3bx7atWun
+FplibEpRX7D1KWk/DsjcMWKFW1y7KJFi3D+/Hm89NJLOHbsGPbu3YsPP/wQKSkpUjPUjz76CDqd
Dh999JHyH+wJxwCdx4wZM6BWqxEbG4u1a9cqOrZXr17o1asXMjMzFXUE9PX1lf4+YMAAVKpUSQqL
np6eCAkJwaZNm5R94/f2t9iEw1kjwMNBZRKs8e8IHY9qmss7qgERmNGuEmYcvmu59lkE4Gf9W3vL
0SnI0XrghVW74VmrPtRqNdRqNTRqNdxdnKFSqXD9wJ8Wj9WliQgIS8bhCzkQVQLmb/RGdQfzD3tP
jVPh7wf+7ZhiWtuwbds22SMp47B2RtY6tdjCe++9B2dnZ7P1zs7OUo9qIqLiYKnNqbX+OrYc/1kU
RWkxXWc0cOBAzJo1C+XKlcPEiRPRs2dPREZGPtEduR0cHAAYmmFYY2w+Cvwbmh/32KSkJPTt2xcr
V65EZmYmnJ2d8ccffyA0NBSnT5/Gxx9/DF9fX3zzzTe4cuWK8h/sCccAbWLWrFlo1aoVMjMz8f77
7ys61svLC1OmTIEgCFi8eLGiAdjVajUePnwIvV6P1atX48UXX0S9evUQEhKCDRs2AAAqV66ML774
QlGZ5IHXEIA3D3oWd1OyULucI5zUAi79twkqOBvaKkMEdoXVRrwuC3W8HDDz8F2oAZwZVMticxCz
nn4mVFoHvLAsEmqtFmpBMCwqASpBQEUvD0CvR8oN64/lRBF4LjwF0fe1mO74isVL5YjK5vc2tmf2
8/OTvowcOHAAHTp0wJgxYzBmzBh06NBB1g7PWANdHMPY5fcL4Un+ZUFEpc9SKLZWq2ypqZstJjWZ
OXMmvL29ZZ+vycnJmDlzJmrWrAlvb2/UrFkTAwcOLJPjBBdW3uaJJXUsANy8eRP//e9/0bZtW7Rs
2RJhYWE4dOgQgoKCEBoaihMnThT6afrThgH6kbFjx+KNN94AYPhPfejQIUXHT5kyBX5+frh48SKm
TZum6NiVK1eidu3aCA4ORnh4OGJiYnDv3j0cOHAAw4cPx7Zt2wAALVu2xPPPP1+4k+YZfcMYflMy
c5GZo4eHoxq1yjsi4OtjSHiYjVy9CEc1kJqdCxUABxWQkZ2LjGw91l1ItlibDZNag7y6bzgIjYMW
GrUKapUAtUoFtUoFrUYD1aP/8GIB06GIALJ/DoGDSl24n7kAycnJiIw0jB9tOsxOXFwcIiIipEHd
jYz7cFpvInrSWArAliZT8fT0tDimb1kLtKNHj8bly5eL1PTkaWTs5/Xhhx8CAGrUqIEhQ4Zg5MiR
aNq0aWkWzW4wQAN49dVXMXnyZAiCgOXLlxd66Bmj4OBghIWFIScnBx9++GGROhJkZmZa/UD67LPP
pEdcha6ZFPM0t3j09x5LTsFFo8LRGyk4fTtNWu/9xVFkZusRsuYC0rJycfpuOjJz9MjM0eOjA7ct
1mZDb70GWK3VQiWooFKZLgK8XB81WVCp4F6lmtXjBQCb672MJq6VzDc+elSlEZS/fY1fRkJDQ/Pt
pOnn5yf1EC+umQiN09gq3UZE9LgsDSPXsGFDREVFYcKECQgKCsKECRMQFRVl1nxQp9MVeRxoUzNm
zLD6ObxgwQLcv3/f6ix2SnXv3h2enp6yTuL2IjfX8Ls0v9pk022mGeNxjrXmnXfekTq4Hzx4EOPG
jUN0dDS++uorfPbZZ9i5cye+++67As/zpCuzE6nYSteuXfHll19Cq9Vi+/bt0uQnheXo6Ijp06dD
o9Hg4MGDcHV1Re/evWX7aLVaAIZmGMZt27ZtQ3Z2dqGucfbsWdy/fx8VKlSQRggp0L3LgE+AyWga
MHxdEgXcf5j1aJpuk4lR9OKj7bA8ayEEkzD+aAb4a9Yf4YnpD6HWOhpqmUVDGzc9AKdH9wIAqrd7
AQ8u/mN2rLNKg78aDUJVBzezbfrcbEPvbQhIyVUwK+MjERER0lBKEydOtDqZinGc7wMHDkih29a+
+OILdOzY0awddHp6uvLmOkRECsTFxWH16tVSRYGRn59fgfMcLFq06LGfygUFBWHUqFFSkw1TCxYs
kMplq9kP7dnDh4bJw4ztmS0xjtQFQDbaxuMca0lAQADGjh2LuLg4fPrppwgODsYHH3yApKQkTJ8+
HcnJyRg+fDj69euHixcvPtW/q57qGugWLVpgwYIFcHFxwb59+zB8+PACj3nuuefQr18/6fWAAQNQ
p04dAIYBzRcvXmy2GHs7h4SESOuUDhpu7GGrVheyOcPVw9abXZgtyH+9Ps92Y2306d1WL3/250WP
mm4IUKkEqFSGphyC6t+33DNdXpIdIwCY6Nsa15qPNgvPoqhHTmYaoM+VOqDMvXm0cPciD+OHdWho
qMXHeca2X6b7FoeTJ0+iR48eiIyMRHp6OtLT0xEZGYkePXrg5MmTxXZdIiLAMFmU0nF9r1+/Xqwz
AxrDs7FcOp0O8+fPt1lNtD168OABAENfKmsqVTI8jc3JycHNmzdtcqwl06ZNg7u7O6ZPnw6dTodX
X30VGo0GX3zxBRYuXIiVK1di1KhRyMnJQZ8+yic0e5I8tTXQtWrVwpIlS1CuXDkcP34cr7/+eoGP
Np577jmsX78earUagYGBmDJlCpKTkwvsMNioUSM4ODggPj5emoAlK8tQe6rVanH48GE4ODhgxowZ
WLlypdnxWq1WGnrm7t27hfsBY7cAzV811Bab1ijrxUcd8oR/w7Fgul149Npku0oPw/SBePT6Ubg+
YH2Ukivb16HJiHceVXAbe10Lsr6AHtVrQqtSo4LaCRvq90GAo5fJoyZDGURRj4zUJKjVaggq9b8/
jwj8eKdoIfPAgQOIjIxEt27dMH/+fLP2XMZB9SMjI4ul86CpkydPYuDAgcV6DSIiS5KTkxEeHo4V
K1YUan/jRCvF1SfEWHmxevVqxMXFYcKECQgPD8fEiRMxffr0J7YW2jjmsqOjI9q3b499+/aZ7VO3
bl0AhsnWTIese5xj8+rfvz+6dOmCHTt24NdffwVgeHIOADExMdJ+58+fR0JCgtkELE+bpzJAV6pU
CStWrICvry/OnTuHAQMGFOpbuLe3t1QDbJw5cN26dQUOLn7+/Hl4e3tj+/btZsPbZWdnIy0tDX5+
fujZs6fFAP3mm2/C0dEw655xSs4CZSSjeWWtoamGcVGZ/Ik8rwXBMD23AMNzCeFRk45Hu0KlNzmP
CAgCjqYmWr18TloqMu/fhXOFShAhGEJ0niZaKpUKI3qNRP+Df8MpJRkPMjOhFtSAXg99bjZUANRq
DdQqjSF8iyqpFvxudioSc4s2aD1gqHkJCgqCn58fpk+fLk1+M336dAQGBiqaRZKIqKzavn07Zs2a
ZbGjYF7h4eHF2nnwwIEDCAkJwYEDB6RmJMnJyQgJCVE0sdiECRNQvXp1fPjhh2WiA/iePXuQmpoK
Nzc39O/f3ywEOzs7SwMIHD161GbHmvLy8sKHH35oNuazsf+VSiVvsCAIQr5D5z0NnroA7ebmhuXL
l6NOnTqIi4vDgAEDcOfOnUIdu2nTJkydOhUVK1bEwoULbVam9evXY9KkSejSpQs++OADfPnll1L7
6I4dO0rtdM+dO1f4jhv6XPw16QWzJh9DFx7E0rfaSn8CwKLfL2D0f2oDAFbsvYKaFd3wXL38v1nm
5uZCMyQn332i3h+FHks2AcYA/ajlh2lfh/Rxb+Ov3X3RVhSRkaGBRq2Gg0oDjUoDrVpjqLmGHqKo
gijqoX8Uovud31K4+2BFXFwcJk2ahPnz52P06NHSfTWOvDFp0iTZiBxERE+qmTNnyjpOWzJ58mSb
dByMiorC/v37pRGRAMMU3++99x569+5t8alfcnKyouBuDN+rV68u9qeItpCUlITt27fjlVdeQf/+
/XHkyBEsX74cgCEAL1y4EJUrV0Zubq5ZLfzjHGvq7bffRrVq1fDpp5/Kxnw2NvkICgrC8ePHARg6
m1aoUAGnTp2y6X0oa566AD1+/Hi0aNECgKEmeu/evfnuv2fPHtkj9m+++cbmZfrmm28QFBSEDh06
4N1338XgwYMRFxcHFxcX1KlTB2q1GqmpqYprRI0D0Ju6dDsVC387j5/3XsVnn7wNwc0Fe0b8D1uP
3cCLTarinxvJcHUs+G3x0ksvFbiPLu4ybhzYBb/nO0MUhUfNOPQQTEfPEAT8/n+j4TLnRzR38IJK
r4JeZWjyoRdFqERDeNaLIgRRhAgRfyRfw9n0B4ruhSURERHo0aMHunXrJnuEGRkZ+cQ+KiQisiQ8
PByBgYEWp7VevXq1zdo9//3333jzzTdl02iPGjUK169fLxO1xcVlypQpaN68OQICAjBnzhyEh4cj
MTERzzzzjPTEe+nSpdi1a5dNjzWaM2cOUlJSzMZ8XrFiBXr37o133nkH7u7uSEpKwqBBg6BWq7Fq
1Sob3oGy56nrRGg6C4+joyNcXFzyXSzNFGdr2dnZCAsLw9dff427d+/Cx8cHzZs3R/369QEY2h4N
HDhQ8dBmO3bsMBvpI6CyG8IXH4FarYKY8hCaZ/wgpmeid4tqiPq7cDXxGRkZZsHcmn1TxiEnLV0a
0k5vYexov+c7Y0YNJ3ybegW5oh56UYQeeugf/d3wCMnwpy4nA4Ov7CzUtQsjPDwcp0+fhqenJzw9
PXH69GmrI3MQET3JQkJCcP26fIIrW38mGj9zjcPJde/eHYIgYMyYMU91gL5z5w569+6NDRs2ICMj
A7Vq1ULLli3h7e2NW7du4ZNPPrE6OsrjHGuk0+kwe/Zss/UHDx6UxoJ+9913MW3aNAQEBGDJkiVY
smSJxXPlfQ8VRlGOKW2PxiMje9KyZUtUr14daWlpOHPmzGM1JdBoNMjKynrs2YqMRFGEg4ODbGrQ
AgkCBmw/DI2LOyACKpV5WUS9Hr+/Owwpxw5juU9rPOPoDu2jphwatRpqtQYPRRGB536BrVtdNWzY
EJs3bwZg+AVS1iYIICKyFePnoYeHB06fPo2QkBCbB1svLy9s2rRJ6m9i6XM3LCxM6uSt9HegcXzp
8PBwqeyvvfYawsLCMGnSJNlsszNmzEBERIRUm+rg4IB27dohNTVV0YzCtuTl5YUWLVrA3d0dN2/e
xF9//VUix+bHw8MD7du3h5OTE44ePYqrV69a3bd79+5YsGCBNAJZQXQ6HcLDw23SRKgkMUA/BVxc
XKSxIh+Xq6sr0tLSlB8oCOj8+SJUa9PBapgXRRH/bFiFv+Z+Ck9Bg8Eez+BVz5qoonXF3ox7GBq/
D6/51Ecnzxo4nHob394+/pg/zb969OgBAMU25jMRUVnRsGFDdO/e3Wx2Vlvy9PREWFgYtm/fbvNr
GH/HiHmeeAqCUKh19Pg8PT0tNgey5PTp02Xy6QMD9FMkPDxcGpReqbFjxxb5WFPlnqmN/8xeBpdy
3gAEwEKWzklPw2/vDcfd2GOAKPJNSkRERHaF2eQp5OrqCj8/P7z77rto1KiRNE41YBif+tSpUzh1
6hS+/PJLxMXF2az22pSDhxee7TsQjV4bAa2rO/Q5hrbaKo0W2WmpOL1qMWLXLEH2wxSbX5uIiIjo
cTBAExEREREp8NSNwkFERERE9DgYoImIiIiIFGCAJiIiIiJSgAGaiIiIiEgBBmgiIiIiIgUYoImI
iIiIFGCAJiIiIiJSgAGaiIiIiEgBBmgiIiIiIgUYoImIiIiIFGCAJiIiIiJSgAGaiIiIiEgBBmgi
IiIiIgUYoImIiIiIFGCAJiIiIiJSgAGaiIiIiEgBBmgiIiIiIgUYoImIiIiIFGCAJiIiIiJSgAGa
iIiIiEgBBmgiIiIiIgUYoImIiIiIFGCAJiIiIiJSgAGaiIiIiEgBBmgiIiIiIgUYoImIiIiIFGCA
JiIiIiJSgAGaiIiIiEgBBmgiIiIiIgUYoImIiIiIFGCAJiIiIiJSgAGaiIiIiEgBBmgiIiIiIgUY
oImIiIiIFGCAJiIiIiJSgAGaiIiIiEgBBmgiIiIiIgUYoImIiIiIFGCAJiIiIiJSgAGaiIiIiEgB
BmgiIiIiIgUYoImIiIiIFGCAJiIiIiJSgAGaiIiIiEgBTWkXgIiIiMieCYIAd3d3uLq6QhAEiKII
lUqF9PR0PHjwwKbXcnd3h4eHB/R6PQRBwMOHD5Gamorc3FybXoceDwM0ERERUT48PDzQp08f1K5d
WwrQarUaZ8+exU8//VTg8YIg5LtdFEXp723atEGXLl2QnZ0NQRBw+fJl7Ny5E/Hx8QzRdoQBo8M5
+wAAIABJREFUmoiIiCgf7u7uCAwMlNVAG9cXxMnJCQ0aNECVKlVk643nSEtLQ2xsLO7fvw9RFOHs
7AwPDw9pe7NmzeDm5oYtW7bg8uXLsrBNpYcBmoiIiKgI9Hp9vtsFQYCTkxOaNWuGpk2bWgy/CQkJ
uH37Nh48eABRFGX7CIIAQRBQt25daDQarFmzBtevX5eFeCod7ERIREREVAgFNcXI7ziVSgW1Wi0t
KpVKWgq6niAICAgIQFhYGGrUqMHwbAcYoImIiIgKUJTwnLc2uSjnMw3R/v7+eOWVV+Dn51fkME+2
wSYcdqR///5wdnaWXkdHR+PixYulWCIiIiJ6XKYh2EhJLbLxOJVKhYCAALz22mtYtWoV4uPjC2xG
UtZ4eXlhzpw56NixIwBg48aNmDp1KpKSkkq5ZHIM0Hbk66+/RtWqVaXXw4cPZ4Auo7RaLcaMGYN6
9erh5MmTWLhwYWkXiYiInhB+fn4ICQnBli1bnrjROaKiotC4cWPp9bhx49CkSRO88MILpVgqc6XW
hOPzzz/HvXv3pAbzoiji3r17CAsLK9L5Nm/ebPF8eXu9koHx/huXw4cPl3aRnijff/89Zs+ejZEj
R2LBggX4+uuvS7tIRERUxpnWRDdo0ADdunVDuXLlSrlUttO7d29ZeDbq2LGjVCNtL0otQLu5uaFC
hQqydRUqVMCAAQMUn6tWrVp48cUXLZ5PrVY/VjmfVMb7b1zKly9f2kWye+XKlYOPj4+0ODk5Wd03
73/0Ll26FHfxiIjoKWDaDKR27drw8vIqxdLYVpMmTaxuY4AuQHBwsOJa42HDhkGr1RZTiYgMYmJi
cPfuXWkZNmyY1X2vXr0qe33p0qXiLh4REdkpURSh1+tli+kT88fxJHUmPHHihNVtUVFRJViSgtld
gHZ2dsYbb7yh6JjevXsXU2mIimbs2LHYunUrzpw5g3Xr1mH8+PGlXSQiIiphpp0HrS3GIe2Keu4n
aUi7jRs34uTJk2br9+zZY3cB2i47Efbt2xfTp08v1L5dunRBvXr1irlERMqcPn0aL730UmkXg4iI
SpEoisjKysL58+eRlZVltg0AUlNTkZiYWKTzG0P4k6Rjx46YMmWKVDm6ceNGTJkypZRLZc4uA3ST
Jk3Qpk0bHDp0qMB9X3/99RIoEREREZFcYcJrWloadu/eXQKleTIkJSVh3LhxGDduXGkXJV92E6Cj
o6PRrl07AIY35NChQwsM0C4uLujWrZv0+tatW8jNzUW1atUUXbtbt27o06cPGjRogPLlyyM3Nxf3
79/H0aNH8csvvxQqyBtptVqEhoaiZ8+e8Pf3h5eXFx4+fIi7d+9iz549WLZsGW7duqWofHn169cP
nTt3lq07ePAgfvrpp8c6r63Y4/308/PD0KFD0bp1a/j6+sLFxQU6nQ63b99GVFQUVq1ahRs3bpgd
N23aNKlzakBAgGxbeHg4GjZsCMDQbmvRokXStrfeeguNGjWSXhfm3+dx79ucOXOkccSzs7MxduxY
AECnTp0wcOBANGjQAF5eXkhLS8PZs2exatUqbNmyJd9zAkDXrl3Rr18/BAYGoly5ctDr9bh//z4u
XLiATZs2YdOmTQWeg4joSSMIAlxcXODv71/o/a0RRVGanvtJ6hT4JBMAlErjmfnz5yM8PFx6PW/e
PISFhUlh5ebNm/D19c33HKNHj8a3334rvf7uu+/Qp08fVKxYUVpXvXp1xMfHWzy+SZMmssG6LcnN
zcWGDRswbtw4iwHLVLdu3fDll1/i2WeftbqPTqfD1KlTMXv2bLNtN27cMBsHevHixbJ9unbtil9/
/RVubm7SuosXL6JTp06Ii4vLt3ym8t7/S5cuoVatWoU+3hJ7u58A4OTkhFmzZmH48OGySWrySkhI
wLRp0zB37lzZ+itXrhTqw3HTpk2ytvhbtmxBz549pdcrVqyw+rTEVvctOTkZHh4e0uuKFSvim2++
wSuvvGK1fd2PP/6IESNGWNxWp04dLFq0qMCxNw8fPox33nkHBw4cyHc/IqKyqlq1ahg/fjxcXV0B
yNsf5+TkSH/PqyjNK4xTfufHeK20tDR8++23uHDhguLr0OOxm06EDg4O2L59u/S6atWqBQ5p179/
f+nvoihi8eLFcHR0LNT12rdvjx07dhQ4LIparUa/fv2wc+dO1KlTx+p+oaGh+PXXX/MNewDg4eGB
r776CrNmzSpUOU21bNkSP//8syw837p1Cy+//LKi8Fwc7PF+Ojk5Ydu2bRg7dmy+4RkwDHk4Z84c
vPPOO/nuZ2u2vm+mIiMjERoamm/nlOHDh2PChAlm6/39/REZGVmogetbtWqFzZs3IygoqFDlIiJ6
kqjVaqjVamg0GrPFuE3JolKpZCN02Gq0jrLE398fgwcPxuDBgwtdw1/S7KYJh7OzM5YuXSqrpQsL
C8PKlSst7h8QEIDnnntOen3kyBHExMTkOzavkY+PD5YvX45KlSpJ60RRxKFDh3Dq1CloNBq0bt0a
gYGB0vb69evjp59+Qtu2bc3OV7duXSxcuBAuLi7SurS0NPz555+Ii4uDt7c3OnfuLBun+p133sHh
w4fx66+/FlhewDDW9dq1a2XnSEpKQmhoKGJjYwt1juJir/fzk08+QXBwsKxMf/zxB37//XfodDrU
r18fAwYMgI+PDwBDTcHUqVMREREhNQtZu3attH3IkCGycl66dAn79u0DABw7dqzU71tezZs3BwCc
OnUKp06dgiiKaNy4saxpCQC8+eabZl9AZs6ciWeeeUZ6nZKSgp9++gmHDx+GWq1Gu3btMHDgQOmL
Sfny5TFv3jw0a9ZM8X0gIqJ/WQvKT1pnQWuGDBmCpUuXSq+TkpIwfvx4LFu2rBRLZc5uArSjoyOi
oqIQGxsrtSs1jgltqY3rsGHD4ODgIL02BifTddZMnz5d9o0mMzMTo0ePNvvHmTp1Kj766CPpTdum
TRtMnDgRM2fONDuf6UxA8fHx6NOnD44cOSKt8/X1xYYNG9CyZUsAhm+sY8eOLVSA9vHxwfr161Gj
Rg1pXXp6OoYOHYq9e/cWeHxxs9f7OXjwYNl5FyxYILULNlq2bBn27t0rNX1wc3PDyJEjMXXqVACQ
1c62b99e1g56zpw5WLBgQUG3xypb3zdLxo0bZ9Ys5ZtvvpHdB39/f1mnXRcXF/To0UN2zODBg7Fh
wwbp9bJly/DHH39g9erVUrmaNm2Krl274rfffivMj09EVGaZNqEoqDmirVSpUkX2BPpJ5O/vLwvP
AODl5YU5c+YgKirKbI6F0iaWxjJ//nzR1KZNm0QA4scffyxbP3nyZIvHnzlzRtpHp9OJ3t7eYqVK
lcS8qlWrJjvO29tbTExMlO3z2WefWS3nL7/8Itv3n3/+kW339fUV09LSZPsMHjzY4rkCAwPFrKws
ab/c3FzR29tb2n7jxg3ZeYYNGyY6OTmJ+/btk63Pzs4Whw0bZtP7f/HixSKdx17vZ0BAgBgXFydb
fH19LZ5n/fr1sutFRERY3O/ixYuy/cLDw63+nFu2bJHtu3z58mK9bwDE5ORk2T67d++2eC53d3dR
p9PJ9h0zZoy0vXnz5rJtSUlJVst19uxZ2b4TJ0602WcEFy5cuNjLUq1aNfGrr74SFy1aJC5atEj8
9ttvxUWLFoljxowR3dzcSmQZOXKk7NqLFi0SZ8+eLdauXbvU74+tlnHjxonWDBkypNTLZ7rYTRto
Y9OLxYsXIz09XVrft29fs32Dg4NRv3596fXvv/+O+/fvF6rnas+ePWX76XQ6zJgxw+r+M2fOlD1O
qVu3Llq0aCE7n2n72oSEBKxatcriuU6fPi1rbqFSqQp85P3zzz/LmqqIooiPPvrIrHNhabHX+3np
0iX4+fnJFmu1BHnXm3ZCLS62vm+W5P0Wb5SSkoLr16/L1pnW+N+/f1+2zdPTE7169bJ4rjZt2qBi
xYrSMm/evHzLRET0pBAftUtOS0srkcU4eyHZB7tqwgEYHtfv3r0b3bt3B2B5TOi8j+aXL18OALIR
CKxp06aN7PWRI0eQkpJidf+jR4/iypUrsvagwcHBUnMCYztTo5iYGGRnZ1s938CBA2XB6fz581b3
DQsLQ6dOnWTr5syZg88//9zqMSWtLN1PwPB4qF69evDy8pKa++QNogX1frYFW983S/I7X0ZGhuy1
ad+Bq1ev4syZM7IOnKtWrcKaNWvw66+/YufOndK/SXJystVrEBE96cRHU3SX1LWedBs3bsScOXPM
1icnJ3MmQmtMf4GvWrVKCtB5x4R2cnKStgGGIdw2b94MAHB3dy/wOpUrV5a9vnLlSoHHXLt2TRZc
qlSpIv3d2MHMKCEhId9znT17tsDrGeUNz4ChRtqelIX7GRwcjJEjR+L555+XXas02fq+Pa68nVMm
TZqEiIgI6WmAi4sLhg4diqFDhyI1NRXHjx9HdHQ0fv75Z5w+fdpm5SAiKkuelo59JeXq1asYOnQo
vv76a3h6egIwhOdx48bZXftnuwzQK1euxMyZM6VxoE3H03399ddloy+Ydmwyjs+Yn7y11PnV0lnb
x7TGM2+D/uKukfv+++/Rrl27fGtlS5K938/Fixdj8ODBJVKrrISt75utbdq0CaGhoZg9e7bZBDJu
bm5o37492rdvj3fffRe7du3C5MmTERMTU2zlISKyZ4IgoGLFivD29rZZqE5LS0N8fLzd/L4vKcuW
LUNUVJQ0vKs9dh4E7ChA5x2/edOmTXjrrbcA/Dsm9MqVK/HKK69I+2RnZ+PHH3+UXpsOe2ZN3jei
RlPwLdBqtbLXpvPZ5z1fYUYBeRwtWrTA559/jv/7v/8r1usUlj3fz++//x5vvPGGbF1sbCz27NmD
uLg4pKWlAQBGjBiBxo0bF/k6RWHr+1YcNm/ejN9//x0jRozASy+9hFatWkk1AkZqtRpdunRBUFAQ
hg4dil9++aVYy0REZI80Gg2aNm2KNm3a2KypRXx8PNavX4+kpKSnovmGqatXr9rdsHV52U2AzjvZ
w5IlSzB69GhpfVhYGKKjo9G+fXtpn/3798vavBamljExMVH2Om+TAUu8vb1lrx88eCD9PW8Nafny
5Qs8nxJRUVGIj4/HwIEDpXVjx47Fzp07sWPHDpteqyjs9X4GBgZi6NChsnWffvop/ve//5ntW6dO
nRIP0La+b8UlIyMD8+bNw7x586TmUx07dkTnzp1lHXldXFywaNEi7NmzB3fu3Cn2chER2RtBEApV
GVJY9vbklOTsJkDndfToUcTExKB169YADO1Yx44dK6uRXLNmjeLz/vPPP7LXDRo0yHd/Jycn1K1b
V7bOdOSHS5cuybYVNP14/fr1zTq95R31wCgjI0OaHrpNmzbSVNtarRYLFy5Ey5YtrR5bUuz1fr78
8suyD7LY2FiL4Rkw//JWEmx930pCRkYG1q9fj/Xr1wMARo0ahblz50pPj8qVK4fBgwcXaZZNIqKy
LCcnBwcOHMDJkydtds6srCzodLqnrva5rLCbYewsMZ0Uw9nZWWrSARg6l/3000+Kz/n777/LXjdo
0EA2TFxegwcPlj22zsjIQGRkpPQ670QmjRs3zjf0rV69GtHR0dKSX3B65513kJycjOTkZIwZM0b2
2L9mzZqYP3++1WNLir3ez2rVqsn2yztsmynTTqklxdb3zZYiIiJw7tw5aTF9+mHqu+++M/s5TDs5
EhE96YzhVhRF6HQ63Lx502ZLQkICcnNzS/knLHleXl5YunQprly5gitXrmDOnDnF2uenqOw6QC9e
vBg6nU56bdpOeuvWrWZDcRXGwYMHZUN/CYKAL774wuIU4L6+vnj//fdl67Zv3y57/P7777/LmpG4
uLjgk08+sXjtfv36SbMsAkBqaioOHz5staymbVx/++03LFy4ULb91VdfxbBhw6weXxLs9X4+fPhQ
tm/dunXN2hADhmESCxv6MjMzZa/ztgdWwtb3zZb0ej3q1KkjLcanIJbkfVxpOoY7EdHTRBAEmy9P
o6ioKAwZMgT+/v7w9/fHuHHjZANG2Au7DtCJiYlmNVyA4ZvekiVLinzer776SvZIpE2bNti9ezd6
9uwJrVYLFxcXDBgwALt27ZJNtZyeno4vvvjC7Hx5g+3QoUOxYsUKNG3aFIBhuLEPP/wQixcvlv2H
WL16taIvAe+//77s8ZAgCPj8889Rp06dQp/DmoCAAHzyySeFXkyHULPH+5l3RIiAgAD88ssvUrvd
KlWqYNKkSfjjjz/Mrm9tNJe8bY6N43T7+/tLZVPC1vfNVpYtWyYrV58+fTB79myzLwzjx49H586d
Zet2795dbOUiIrI3pr+DHBwc4ObmBnd3d5sszs7OpdLEsDT17t3bYp+kjh07SqNy2Au7bQNttHz5
cvTr10+27tSpU9i3b1+Rz7l69WoEBwdjxIgR0ro2bdpgy5YtyMnJgUqlMnvTiqKIqVOnyiZ0MZo7
dy66d++O//znPwAM/6EGDhyIgQMHIisrC1qt1uyb5MWLFzF16lRF5c7IyMDo0aOxa9cuaXzeChUq
4Pvvv7fJG+ujjz4q9L6bN2/GrVu3ANjn/Vy1ahUmT54smwykd+/e6N27N9LT02WzHeZl7VFRTEyM
rJlFYGCgFMCPHTtmNglMQWx932xl586diIiIwGuvvQbA0EZ8/PjxGDFiBC5duoScnBxUr17dbMbG
vXv3SmOyExE9TdRqNRo3bowGDRrYrPb4zp07iIqKwsOHD5+adtBNmjSxuq1jx452NZmK3QfoLVu2
4OLFi1IHOkDeNrqoRo4ciezsbNlIH4Dl4cQyMzMxZcoUzJw50+r5+vXrh19//VUKfUaWhmE7c+YM
QkNDER8fr7jchw4dwsyZMzFlyhRpXYcOHfC///3PalOHkmCP93Pw4MHYunUrKlWqJFtvGp5zcnKw
fft2hISESOt8fX3h7u5uNu7yokWLMGjQINk45EZF/bC09X2zlSFDhsDBwQF9+/aVfjY3Nzero5XE
xMRgwIABxV4uIiJ7pFKp4Ofnh1atWtksQF+6dAkHDx40a5L4JDtx4oTVbfYUnoEyEKABw2Qp7733
HgDD4+vFixfb5Lzh4eGIjIzExIkT0apVK7NwlpaWhj179uCTTz4psMYvJSUFXbt2xdixYzF69GjU
r1/f7D/QtWvXsHbtWnz88cfSGMRFMXXqVHTu3FlWG/r+++9j165d2L9/f5HP+7js7X4eOXIEQUFB
+PLLL9G1a1dZcBZFESdOnMDUqVNx5MgRdO3aVWpj7+zsjNDQUPzwww+y850/fx4DBw7EN998Y5Nm
M0a2vG+2kp2djf79+2PIkCEYNWoUWrRoYTHUnzt3DitWrMCsWbOeusH+iYiMcnNzERsbK1W82CJA
JyYmIi0t7ampfQYMU3mfPHnSrLJmz549dhegBQBPz79MPnx9fdG2bVtUqVIFubm5uHnzJvbs2VPk
jlqBgYFo1KgRKlasCJ1OhwsXLjxWs5Oyxt7uZ6VKlfD888+jatWqSE9PR0xMDI4fP16ksgDACy+8
gGeffRZqtRp37tzBrl27cO/evSKfz8jW981WatasiUaNGsHX1xdarRb379/H4cOHZR0+iYieVNWq
VcP48eOlPjLGUBsbGyv121Gr1TZtsyyKInJycqTXw4YNQ4sWLQD8G9DT0tLw7bff4sKFCza7bmnz
8vLClClTpA7sGzduxJQpU5CUlFTKJZNjgCYiIiLKR2ECtK1Hzchb8/y0BOiyokw04SAiIiKyN3mH
nLNlc4u8531ah7WzVwzQRERERAXIG44FQYCDgwMqV65cLAHaeA3jeR0dHSEIguwaoig+VW2k7QkD
NBEREVEhGGuCjcG2evXqGDRoUIlc2ziiVN6wzprp0sEATURERJQPvV6PrKwsuLm5yda7uroiICCg
xMphWtssCAKys7NlHQ2p5DBAExEREeUjMTERv/32G2rXrm3WjKI0XblyxSYjQJFyHIWDiIiIqABa
rRZarba0iyGTnZ3NMfhLCQM0ERERUQHsta2xvdSGP20YoImIiIiIFLDdlDlERERERE8BBmgiIiIi
IgUYoImIiIiIFGCAJiIiIiJSgAGaiIiIiEgBBmgiIiIiIgUYoImIiIiIFGCAJiIiIiJSgAGaiIiI
iEgBBmgiIiIiIgUYoImIiIiIFGCAJiIiIiJSgAGaiIiIiEgBBmgiIiIiIgUYoImIiIiIFGCAJiIi
IiJSgAGaiIiIiEgBBmgiIiIiIgUYoImIiIiIFGCAJiIiIiJSgAGaiIiIiEgBBmgiIiIiIgUYoImI
iIiIFGCAJiIiIiJSgAGaiIiIiEgBBmgiIiIiIgU0cXFxEEURoiiWdlmIiIiIiOyWIAgQBAEaBwcH
AGCAJiIiIiLKhyAIAJB/gDbuRERERET0NMkvG2vUanVJl4eIiIiIqMySAnTelM3aZyIiIiJ6mlnL
xxqVSgVRFC0GZoZoIiIiInoa5ZePNcbehEREREREZJBfPtYwPBMRERERFR4DNBERERGRAhprGxis
iYiIiOhpZm2eFNZAExERERFZYC0nq0q4HEREREREZRoDNBERERGRAgzQREREREQKMEATERERESlg
dRQOInt279497N69GyqVCv369Svt4hAREdFTpNQC9Lp165CZmWm2XqvVwt3dHVWrVkXt2rXh7Oxc
CqWzTzk5OYiNjcXJkydx/fp1AICvry8aNWqEJk2aQKNR/s9Z1HOW9HF5ZWRk4Pjx49BqtXYboDMz
M7Fs2TJkZGRgyJAh8PT0LLFrP3z4EOfOncOVK1fQt2/fErtufkrzfhAREdlSqQXoS5cuITExMd99
3Nzc8PLLL6N+/folVCrLEhIScPv2bbi4uOCZZ54plTJkZWXhl19+wd9//w3AEDoFQcCFCxdw4cIF
xMbG4rXXXoOjo2Oxn7OkjyurdDodrl69CsDwHiruwJibm4srV67g1KlTOH78OHJyclC5cuVivaYS
JX0/iIiIikupN+Ho3bs36tWrJ73OycnBgwcPcPjwYZw+fRrLly/HqFGj4O/vX2pljIuLw9q1a9Gw
YcNSC9D79u3D33//jUqVKiEsLAyVKlUCYGjKsGbNGpw/fx5RUVHo2rVrsZ+zpI8rq3x8fDBw4EBk
Z2ejZs2axXqtAwcOIDo6Gg8ePCjW6zyOkrwfRERExanUOxG6urrC09NTWry9vVG7dm2EhYWhbt26
AIDdu3eXcilLV1ZWFqKjowEAvXr1koInYAglISEhAICDBw8iIyOjWM9Z0seVdQ0aNECTJk2gUhXv
f7UjR45Ap9OhRYsWGDp0KAYNGlSs1yuqkrofRERExanUa6CtUalUCAoKwrlz53D+/HlkZmaaPdoX
RRF37txBYmIi9Hq91HbaUjvarKwsJCcnQ6VSwdvb22x7Tk6O1KTE29sbKpUKDx48QG5uLlJSUgAY
2nDeu3cPAODl5QWtVmt2njt37ki1gOXKlUOlSpUszmJz4cIF6HQ6NGrUyOJ5TN2+fRtpaWnw8vJC
jRo1zLZXr14dFSpUQEJCAm7evFmoWvKinrOkjyuqpKQkZGdny/69je8BjUaDcuXKIScnBzdv3oRO
p4NWq0WVKlXg4eEhnUOv1+PmzZvS+8bHxwcVKlQodBn0ej3u378PAChfvjzUajUAIDs7G0lJSVI5
RFHE7du38eDBA6hUKlSsWNHiezQ/Xbp0QY0aNeDq6grA8P4qquK6TyV5P4iIiIqT3QZoALI2knkD
9M2bN7FlyxapTaVRuXLl0K1bNzRs2FC2Pj4+Hj/88APKlSuHCRMmmF0rMTERs2fPBgB8/PHHcHJy
wqpVq3Djxg1pn/Pnz0v7/Pe//0WVKlWkbffu3cOWLVvMgou/vz/69OmDihUrSuuSk5OxZMkS6XXz
5s3zvQ/G0FGtWjWLNXeCIKB69epISEhAQkJCocJnUc9Z0scVxblz57B8+XLo9XoMGjRICl+3b9/G
t99+Cz8/P7z44ovYuHEj7t69Kzu2U6dOCA4Oxo0bN7Bx40bcvHlTtr1ly5bo2bMnHBwcCixHZmam
9H6ZMGECypUrJ5Vj4cKF8PX1RVhYGDZs2IBLly7Jjm3Xrh26d+8uhcyCPPvss4XarzCK6z6V5P0g
IiIqTnYdoJOTkwEYaqNdXFyk9fHx8ViyZAnS09Px7LPPokGDBlCr1YiLi0N0dDRWrVqFPn36oFWr
Vo91/Xbt2iEzMxPXr1/H8ePHUbVqVbRo0QKAoYOj0Z07d/Djjz8iNTUVDRo0QL169aBSqXDmzBn8
/fff+Omnn/Dmm29Kxzg5OaFy5cpISEgoVM1aenq62TXzMtY8GvctrnOW9HFKXblyBStXroRer8cr
r7xiMVjeuXMHS5YswbPPPot27dpBFEWcP38eZ8+exZ9//omsrCzExMTAx8cHPXr0gIODA27cuIHD
hw8jJiYG7u7u6NKlS5HLaJSYmIilS5fCwcFBus61a9dw7NgxREdHo0KFCmjbtu1jX6eoSvo+2fv9
ICIiMrLbAJ2bm4t9+/YBgGx4s5ycHKxfvx7p6ekIDg5G586dpSYSjRs3Rq1atbB8+XJs2bIF/v7+
sppfpZo1awYAcHR0xPHjx+Ht7W32C9xYntTUVHTu3BnBwcFSeZo2bYpffvkFJ06cwMGDB6Uw4ejo
iPDwcOTm5hZqxIns7GwAyHeIN+M2S0MD2vKcJX2cEvHx8VixYgWys7MREhKCpk2bWtwvMzMTISEh
sn/L1q1bY+vWrYiOjsa+ffvw7LPPIjQ0VNa8pkaNGli7di2io6PxwgsvFGnYQFNpaWmoV68eevfu
LV2nVatWKFeuHP7880/ExMSUamAs6ftk7/eDiIjIqNR78mRkZCA1NVVa7t+/j/Pnz2Pp0qW4cOEC
XF1d0aFDB2n/8+fP49atW3B3d8fzzz9v1r64fv36aNiwIXJycnDkyJFiL//Vq1cRFxekMSaIAAAg
AElEQVQHHx8fs/IIgoCgoCAAwOHDh5GTkyNt02g0hR6uTa/XF7o8oigW6zlL+rjCun37NpYvX470
9HR07do136Dl5OSE1q1by9YJgoDGjRtLrzt27GjWNr1OnToADO9ZnU6nuIx5qVQq9OzZ0+w6xmEb
b926JX3xKA0lfZ/s/X4QEREZlXoN9Lp166xu8/X1NWs/fPnyZQBAixYtrAbQZs2aITY2FqdPn0a3
bt0sduKzlYsXLwIw/JK31BmwSpUq0Gq1SE1NxYMHDx6rRpwsS0pKwvLly5GSkoKOHTvKvnBZolKp
LLbDNm1e4uPjY7bd9P1miyCnVqstThRkbMoCGDr0FdTJtLiU9H2y9/tBRERkVOoBunr16nB3d5de
P3z4ENeuXYOnpydGjhxp1lnLOApGfqMhlC9fHoChTWVmZiacnJyKoeSQrgEYasbzdrTKKy0trUjX
UPIFoLDDgxX1nCV9XEFEUcSaNWuQmJgIjUaDtm3bFvkLk5LjilJLXhzlKA0lfZ/s/X4QEdHTp9QD
9PPPP4/AwEDpdUZGBubOnYukpCScPXtW9rgYMNRAAch3im/TwJydnV2sATo1NRWAoQnB7du38903
Nze3SNcw1riZNgGxdu7C1s4V9ZwlfVxBcnJycPXqVWi1WmRnZ2Pr1q0IDQ3lOMNERERUbEo9QOfl
5OSETp06Yd26ddi5cyfq1asneyRsDM4PHz60eg7TbcU9LbSxhrxPnz4FDkdX1FBn/Jnzq8E2jlyR
3xcLW5yzpI8rjMaNG6NTp0748ccfERsbixo1akhtz4mIiIhszS6r6Ro3boxKlSrh/v37iImJkW2r
XLkyAORb22ts5lG1alUp4BrDq60fvRubkty7dw9qtTrfpaiPoo3j5cbHx1st/61bt2T7Ftc5S/q4
gmg0GvTt2xc+Pj7o27cvAGD79u2Ii4sr9DmIiIiIlLDLAK3VatG5c2cAwK5du6SZAAGgdu3aAAyj
WhibT5gSRRGHDh0CADRq1Ehab2zGodPppGYgpvKr0TYGX0vBLyAgAAAQExMjjVudV0pKSpGbbwCG
Lw1arRYPHjwwm7ACMIR344QvppO7FMc5S/q4ggiCIDX5qFOnDjp16gS9Xo+1a9fm+29KREREVFR2
GaABw8xq/v7+SE9Px/79+6X1/v7+qFevHrKzs7F9+3ZZGBZFEfv378eVK1fg4eEha1Lh7e0NZ2dn
6PV6HD16VBaG7927h61bt1oti7EW+969e2ZBuHbt2qhRowYyMzOxefNms0lA7t69i2XLlmHVqlWy
Yy9cuICjR48WapQCZ2dnaVKYyMhI2TWysrLw22+/ATDMaGjaITO/6xT1nCV9nFIdO3ZE7dq1kZCQ
gM2bNysaPo+IiIioMOyuDbSRSqVCcHAwlixZgr1796J58+aoWLEiBEFA7969sWzZMhw/fhzXrl2T
hpC7cuUKrl27BkdHR7z66quy4ba0Wi06dOiAHTt2YPPmzTh9+jQqVqyIpKQk/PPPP/Dy8rJaFmOz
EeOMg+XLl0f79u1RuXJlqNVq9OvXD8uWLcOZM2fw9ddfIzAwEM7OzkhISEBsbCz0ej2CgoKkaYiV
TuUNAC+88AIuX76MS5cuYd68eWjQoIE022FCQgIqVKhgNutbQdcpyjlL4zglNBoNXn75ZSxcuBCn
Tp2Cv78/J98gIiIim7LbAA0AtWrVQv369XH27Fns2rULoaGhAABPT08MGzYMe/fuxZEjR3DgwAHp
mMDAQHTq1EkKvaaee+45CIKAqKgoXL58GZcvX4ZGo0Hr1q3Rpk0bzJ0712I5vL290b9/f2zduhVX
r17F1atXZdOEV6hQASNHjsS+fftw5MgRREdHS9vq1KmDjh07ombNmtI6pVN5A4axcN944w3s2bMH
MTExUq28RqNBq1atEBwcDE9PT9kxBV2nKOcsjeOU8vLyQt++fbFs2TJs3boV1apVQ/Xq1R/7vERE
REQAIGRlZRXfgLYlIDs7G8nJydDr9XB3dy/UCA7Z2dlISkoCAHh4eBR6pI6srCwkJyfD2dkZrq6u
FjsFZmdnQ6fTQa/Xw8XFRTYJhKmcnJxCT+VtrRyFKX9hr6PknKV5HBEREVFpK/MBmoiIiIioJNlt
J0IiIiIiInvEAE1EREREpAADNBERERGRAgzQREREREQKMEATERERESnAAE1EREREpAADNBERERGR
AgzQREREREQKMEATERERESnAAE1EREREpAADNBERERGRAgzQREREREQKaM6c+bu0y0BEREREVGaw
BpqIiIiISAEGaCIiIiIiBRigiYiIiIgUYIAmIiIiIlKAAZqIiIiISAEGaCIiIiIiBRigiYiI6P/Z
u/PoqK47X/TfU6fm0jxLiFGIecYMZjDG2GCwDcYT7cQxTuJeSffLS7fT3e92Vr91+92XlU7eSvdL
v9zb3U6nHceJYztm8jxiM9kgMGYQCIFASCAhCU1Vqnk4w/ujVIcqqUpSaR6+n7W8fFR1ap9d+9Sh
frXPb+9NRElgAE1ERERElAQG0ERERERESWAATURERESUBAbQRERERERJYABNRERERJQEBtBERERE
RElgAE1ERERElAQG0ERERERESWAATURERESUBP1IV2A8e/PNPbhy5QoA4G/+5kewWq1Jl6GqKgRB
GOyqUR9Fn8O/+7u/hdlsHuEaUV/wuhlabF8imuhGdQDd2NiIU6dO9biPwWCA2WxBTk42ioqKkJOT
M0y1G3o1NTXYv/8ALBYznnzyKeTmjp/3RjRUeN0MLbYvEdEoD6B9Ph/Kyy8k9Zp58+Zi06ZNyMjI
GKJaDZ8LFy7C6/XC6/WiquoKv6g6qaqqbQ+kF2ywyhlvRnO79KVuvG6G1nC272j+LBLRxDaqA+ho
+fn5mDSpqNvjkiTBbnegrq4OAHDpUiVu3LiJZ575JvLy8oa7moNq6tQpOH/+PPR6PYqLi0e6OqPG
W2+9hYsXKwAAP/rRC7DZbCNazngzmtulL3XjdTO0hrN9R/NnkYgmtjETQJeUzMCmTZsSPu9wOHDo
0GFcvHgRHo8H+/fvx3e+8x0YjcZhrOXgWrx4MaZPnw5RFPnFQdRHvG6GFtuXiGgczcKRkZGB7dsf
wYwZ0wEALS2tqKioGOFaDVxaWhq/pIiSxOtmaLF9iWiiGzM90H0hiiLWrl2L69drAABVVVexdOnS
Hl/j8XgQCASg0+mQkpICvT75JlEUBW63G7IsIz09HTrdyP4ukWUZHo8HsizDZrMl3Qsf/X6sVitM
JtMQ1XRw2n8kDLSNASAYDMLtdkOv18NiscBgMAx6HSPn0Wg0IiUlZVDL72qsX0tj6boBgEAgAK/X
q/UEi6KYdBmhUAherxeKosBisQzpLDODcc0k4nA4oCgKsrKyBq1MIqKejI1oJQmFhYXadlNTY9x9
vF4vzp49h/Pnz6OtrU17XK/XY/bs2Vix4i5Mnjw57mvff/991NffAgD8+Z8/j8uXL+Po0aNoaWkF
AHzjG0+jpKSkz/UtLy/HiRNlAID09HTs2LEdFosFAHDmzBl89dVpAMC2bVu71SlSF5PJhOee2w2n
04kTJ8pw4UI5fD4/AEAUdZg7dy7Wrl2HvLzcHuvi9/tRVnYS586dg8vl0h6fNasUq1evxtSpU7Fn
zx60t9sxZcpkbN26tc/vM1p/2n/fvv1obQ23cUdHh/b473//By3I2rFjOwoKCno89kDL6ejoQFlZ
GS5evAiv1wcguTYGgLq6Opw69RUuXbrU7b2vXLliwHmlt2/fxldffYVLlyoRCAS0xzMy0rFo0SIs
X768WzDd33YZjmsp2bqNt+vm3XffQ0NDA7KyMvHkk0/i5s2bKCs7qU2vCABWqwWLFi3C6tWrkZqa
2muZNTU1OHv2LK5cqYIkSdrj06ZNxeLFizF//vyEAflQt2+y57uyshJ79+4DADz00DYsW7as1/dP
RDRQ4y6Aju7F8/sD3Z5vamrC3r37YLfbuz0nSRIqKipQUVGBTZvuw5o1a7rt4/F40dzcDAA4deoU
Pv30YL/rWll5GW+//Q4AIDMzE1u2bNaCZyDcQxk5VvSXXNe6iKIOdXV1ePPNN7WgLkKWFVy8WIGq
qqv41reeQVFR94GYQPiL6vXXX9eCl2hVVVdRVXUVW7ZsRkNDA5xOF3Jysvv1nvvb/m63S2uLaJEv
WiDcA9ibgZRz48ZNvPvuO1oQENHXNlZVFWVlZTh48LNuz0W/923btmL58uW9vpd4yssv4L333oUs
d38PDkcHjh49hvLycjz11FPIz8/XnutPuwzXtZRs3cbbdePxeNDc3Ay/34dTp07h448/6baP1+tD
WdlJVFRcwje/+c2EM2MoioKDBw/i5Mn404PW1t5Abe0NnD9fjsce2xk3TWOo2zfZ811bW6ttX7tW
zQCaiIbFuAugo3uAsrIyY55zOp14/fU34Ha7IYo63H33GsydOwc2mw1erw+1tTU4fPgIgsEgPvvs
cxQUFGDGjBkJjxX5wp89ezYKCsLBSEpK770/AFBdXY0DB/Z3viYFu3Y9hczMzF5eFZ8sK3j99TcA
ABs2bMDUqVNgNBphtztw4sRxNDQ0IhgM4pNPPsXu3c92mw5KlmUcOPCWFgRMmjQJK1euRE5ONiRJ
wu3bt3HiRFncL+5kDKT9N2/erH1ZHz16VEvT2bXrKe1HR19u3w6knH379kKvN/SrjQHg+PHj+Pzz
QwCA4uJirFmzBrm5OZBlBY2NjThy5AgcDgc++OBD5ObmYsqUKX1uWwBoaGjA22+/DSD8mbrvvo0o
KpoEUdSho6MDX311GleuXIHD0YG9e/fi+eef19IMkm2X4byWBuvcdzVWrpsIp9OFjz/+BHl5eVi5
cgXy8/MhCAJaWlpQVnYSt2/fhsvlwv79+/Dtb387borE558f0oLnvLw8rF27Fvn5+RBFHdrb23H6
9Ne4evUqamtrsXfvXnzjG9/od2pRf9s32fNdWlqKc+fOQ5IkzJs3r191JSJK1rgLoC9fvqxtT5s2
Pea5U6dOwe12AwAeeeQRLFy4UHsuNTUV+fl5SEtLx969ewEA586d6/FLPyMjHY8//njC3qlEbt68
iT179kKWFVgsZuza9RRyc3u/9d8Ti8WMp57ahfz8O1P3FRYWYubMErz88u/Q3NyMuro6tLa2deud
unjxojYN4LRp07Br11MxX77FxcWYPXs29uzZi/r6+n7XcSDtH52aE72i46RJk5IazDSQclJTU/vd
xrdu3dKC55KSEjzxxOMxbZybm4OioiL85je/gSRJOHToEHbv3t3n9wUAX399RtvesWN7zGc3KysL
06ZNw7vvvovz58vR3m5HZWUllixZor2PiL60y3BeS4N17uMZC9dNtJKSGXjsscdicpULCwsxa9Ys
vP7666ivv4Xm5haUl5fjrrvuinltbW0tTpw4odXt6af/LKacrKwszJgxAx999BG+/voMbt6sw8mT
J7Fu3bp+17c/7Zvs+Z45cyZeeOGvoShKv1Z7JSLqj3EzCwcQ/oI4dOiw9vf8+bG9EZIkY968uZg/
fx7mzp0bt4w5c2bDag33cly7Vt3j8R588MGkg+eGhga8+eabCIVCMBgMePLJJ5MuI56tW7fGfElF
GI1GLF68SPvbbm/vtk904PXAA/fH7blKSUnB1q0PDqiOg93+w20gbXz06FFte8uWzXHbOCcnG8uW
hQe93rxZh6ampqTq19gYzvkXRR2mTp3a7XlBELBy5cpu+/fHaLiWBsNYuG6ibdmyJe5AP7PZjAce
eED7++zZc932iYy1AICtWx+MW45Op8OmTZuQnp4GADh+/AS8Xm+/6zuQ9k2G2Wxm8ExEw2rM9EDb
7Q5cu3at2+OKosDj8eD69ZqYQVlr167t9oX84INbej2OIAjIz89HTU0tAoEAJElKOJtAosFRibS0
tOBPf3oTPp8foqjDE088HjfQ6Y+eBp6lpaVr235/bP5uR0cHbt0KD+SaNm1qj4Pw0tLSBlTHwW7/
4TaQNo4EkHPnzkV2duI82Dlz5uDUqa8AhHutexsUGS1ye1uWFbS1tccd/FZQUID/9t/+DwAY0AwX
I30tDZaxcN1E66nHvbi4GJMmTcKtW7fQ1NQEh8Ohrcga/gyG//2cOXNmj/U1mUy4664V+OyzzxAI
BHDjxk3MnTunX/Xtb/sSEY12oyMy6YPKykpUVlb2ad+NGzdizZq7+7Svx+OB3++PGQwTCt3Z7svA
tL5wudzYv3+/dtt7x44dmDlz5qCU3RtRvBMoybIc81x7+52en+nTE99iHyrD1f5Drac2bmlp0ban
TOk5UIzOg48eNNUX8+bN1QZU7d+/D+vXr8eMGTNiBqYCGLLFhcbLuYwYzddNIiUlJVpgb7fbtQD6
9u3b2j4zZ/Y+S9DUqXfy7xsaGvodQPekp/YlIhrtxkwA3RODwYDJkydj2rRpmDt3Tq8Dipqbm3Hh
wgVcunQJDkdHj/sOlnfeeUcLiKxWy4j1uHUVPaNERkZ6D3sOnpFo/5EUPbD1448/6fOgsq4zF/Rm
yZIlaGpqwpkzZ9HS0or9+w8AAGbMmIHp06dj6tQpKCwsHNS5lSfauYwYieumLzIzM7Tt6F5dj8cT
tU/vg5Wje82dTucg1Y6IaPwYMwH0qlUrsWHDhm6Pi6LY51v8qqri+PET+Pzzz7XHLBYz8vPzYbFY
ERlkf+PGzZgvnMEQnc/q9frw/vvv46mnnurX4geDSZJC2rZeP7gLeXQ1ku0/kuJN9dW314V63ymK
KIp46KGHMGfOHHz11WlcvXoVAHD9+nVcv34dAJCXl4u7716DBQvmDyiQnqjnMmI4r5tkRM+YEQrd
qWMwGIy7TyLRdyn8/uR+yBERTQRjJoAWRXHAK3udO3dO+8IvKZmBDRs2xO2Re+2111BdfX1Ax4rn
3ns34PbtZlRWVuLatWocP34C69f3f4T7YBDFOx8BWe5foNdXI93+IyX6/d177wZMmjSpT6/r7+e9
pKQEJSUlWp7urVu3cO1aNVpbW9Hc3IK3334bV69WYceOHf3OL5+o5zJiOK+bZESnzESf20SBdSLR
P/qGcnVCIqKxaswE0AMly7I2E0J2djYef/zxIV9qN9r69euwfv16eDweNDU1wW634/DhwygunoTp
06f3XsAQsVjufDlGpxoMtpFu/5EUHYCkpqb2OJ3bYEpPT0d6ejrmzZuH+++/H/X19fj440/Q2NiI
S5cqMWXKFKxYsSLpcifyuYwYrusmWdHpFtGfO6vVFnefvpQz1EvAExGNReNqGrue2O12OJ3hL7rZ
s2cN+xd+ZPowm82GHTu2a4+/++67I/oFHJ0vfvNm3ZAdZ6TbfyRFz7px48aNITmG1+tFS0srWlpa
485oIAgCJk+ejEceeVh77PLlK93264uJfC4jhuu6SVb05yu6jtEzstTW9v4ZjAxEBIDCwuGfXpCI
aLSbMAF09G3LQKD7Et/Rz8VbmngwTZ48GfffvwkA0NHhxAcffDBiMxRkZGRoKQVXrlzp8b0PJNAf
3Pbvvspf/wxWOT3Ly8tDdnY4mCkvv4C2trYe9/f5fEl/Hmpra/Hiiy/ixRdfjJnOMV5dIrf2fb5E
ua09t8vIXkvDc856M1zXTVc9pV+0tLRque4FBflIT78zuDErK0ubAaaioqLHz6AkSdoc13q9PmZG
juE3Os43EVFXEyaATk29s8R2ZWVl3NuYgUAA7733Ptrb73wZDlVgu2rVKsyZMxsAUFV1NWaRg+G2
fPkybfvQocNx37PP58Mnn/R/SeLBbH+j8U4+Z7IzVQxFOb3R6XRYs2aN9veHH36YMPD0eDzYs2cP
Dhx4K6kFLKLzqs+ePRczaCxaQ0ODlt8ab55ooPd2GclrabjOWV8Mx3XT1ZEjR+JO+SbLMg4dOqT9
vXTp0m5Lj69efWdqz4MHDyYc3Prll8fR3NwMAFi5ckXM+R5ufT3fDocjZmpBIqKhNmFyoFNSUrBo
0UKUl1+A1+vDq6/+EevXr0dOTjYkSUJzczPKyspivvCBcCAwFINodDodtm7diqam23A4HPj8889R
XDxp0BZWScaCBQtw5sxZ1NfXo6KiAqFQECtWrEBWVhYkSUJT022cOHEi6ZXxog1m+2dm3rk1ffz4
l1i9ejV0OhE2mzWp1cgGq5y+WLRoEaqqqnDlShVqamrx6quvYt269Zg0qQhGoxFerxc3btzAsWNf
wG63w2q1wOPx9rke6enpWL9+HY4d+wINDQ344x//iBUrVqK4eBLMZjN8Ph/q6upw5MiRmDrF01u7
jOS1NJznrDfDcd10dfbsOXg8HqxatQq5ubkQBAFtbW04ceIErlypAhBeFj7euZ09exYWL16M8+fP
o6rqKl5//Q2sXbsG+fn50Ol0cDgcOHPmDM6cOQsgfLdi7dq1g1b3/ujL+a6srMTevfsAAA89tA3L
li2LWxYR0WCaMAE0ANx3331oampCc3ML2tra8NZbb3XbZ9asUuh0Oi0/1Ol0xtwKHUwpKSnYvv0R
/P73fwAQniv6ueeeG/YeH1EU8eijO/DHP74Gu92OqqqrqKq62m2/JUuW4Ny57ksE99VgtX9paSkO
Hz4EWVZQXn4B5eUXAADPPPPNpAZkDlY5faHT6bB9+3a8++67uHz5ChoaGvHmm2/G3TcjIx2PPfYY
cnNzkjrG+vXr4XQ6cf58Oerrb6G+/kDCfTdt2pRwMGNf2mWkrqXhPGe9Ga7rJtqCBfNx8WJF3OMA
4Tnmd+58LOFiOVu3PghZlnDxYgVqa2u1hXe6ys/Px1NPPTniM3D05XxHv4dr16oZQBPRsJgwKRxA
+Nbzt771Laxevarb9F3Z2VnYtm0rnnjiiZjAoq6ufkjrNHXqVGzaFM6Hdjg68OGHH41IPnRmZiae
e2437rprebe2yc/Px+OPP4b77tuoPdb19nBfDFb75+bmYNeuXcjJiQ0wVVVNqj6DVU5fmc1mPP74
49i5c2fcJY6tVgvWr1+P5557rs9T3UUTRRGPPPJIZ/nxXz9nzmzs3v1sjyt19qVdRupaGu5z1pvh
uG6ibdmyBTt37kR+fn635xYuXIDvfOc7yM/PS/h6g8GAHTt24LHHHou7mFNWViY2bdqE3buf1VYx
HEl9Od+lpaVa28+bN29Y60dEE5dw7tzZkfnmGWHBYBB2uwOSFILZbEZmZuagrtA2lvn9fnR0OCHL
EqxWq/ZF2tHRgV/96n8CCOd/btu2rd/HGIz2l2UZdrsDgYBfq2d/ApTBKidZLpcLHo8HiqJoqRH9
nZc5HrfbDbfbDUmSYDAYkZGRntSMGX1tl5G4lkbqnPVkqK6bN974k7Yozt/93d9qvcIOhwNerxc6
nQ5paWn9SmGJ/gxaLJZR0Y7x9Ha+/X6/dh0REQ2HCZXCEc1oNPbYUzORmc3muLduI0uRA0BGRu/L
AfdkMNpfFEXk5GT3vuMwlZOs1NTUIU3XSUlJGdAcvn1tl5G4lkbqnPVkOK6baBkZGQPuJR7qz+Bg
6e18j3SqCRFNPOxyJQDAqVOntCmw4lEUBadPf639PbJTWxGNDrxuiIgmpgnbA013XLt2DR9//An0
ej02brwXS5YsienR8Xg8OHLkCKqqwqP8S0tL+5WjSzSe8LohIpq4GEATioqKUFxcjPr6enz66UEc
OXIU06dPg81mg8vlRk1NjTZnbHZ2NrZt2zrCNSYaebxuiIgmLgbQBKvVim9842mUlZXh5MlTCAQC
2pyy0ZYuXYKNGzfCZrONQC2JRhdeN0REE9eEnYWD4gsGg2hsbMTt27fhdntgMOiRkZGB4uJiZGYO
3gAoovFkKK+bK1euaKtSLly4cFBnaiEiov5hAE1ERERElATOwkFERERElAQG0ERERERESWAATURE
RESUBAbQRERERERJYABNRERERJQEBtBERERERElgAE1ERERElAQG0ERERERESRCCwSAXUiEiIiIi
6iP2QBMRERERJYEBNBERERFREhhAExERERElgQE0EREREVESGEATERERESWBATQRERERURIYQBMR
ERERJYEBNBERERFREhhAExERERElgQE0EREREVESGEATERERESWBATQRERERURIYQBMRERERJYEB
NBERERFREhhAExERERElgQE0EREREVESGEATERERESWBATQRERERURIYQBMRERERJYEBNBERERFR
EhhAExERERElgQE0EREREVESGEATERERESWBATQRERERURIYQBMRERERJYEBNBERERFREhhAExER
ERElgQE0EREREVESGEATERERESWBATQRERERURIYQBMRERERJYEBNBERERFREhhAExERERElgQE0
EREREVESGEATERERESWBAXQcsixDluWRrgYRERGNQ4qiQFXVka4GDYB+pCuQDFmWcfr0aXz44Yd4
8MEHsXr16kEru6qqCm+//TYOHTqEa9euwWAwYMaMGbj33nvx6KOPoqSkZNCORURERBPT5cuX8dvf
/hZWqxXf+973UFhYONJVon4YEwF0bW0tDh48iD179qCmpgYAcM899wxK2aqq4uWXX8bPf/7zmMdD
oRCuXLmCK1eu4Ne//jX+4R/+Ac8++ywEQRiU4xIREdHEc+rUKbjdbrjdbpSXl4+JAFpVVa3HXKdj
8gIwigNol8uFY8eO4cCBAzhy5MiQHef111/XguesrCx897vfxYIFC6AoCi5evIj/+q//QkdHB376
05/CZrPhiSeeGLK6EBER0fg2a9YslJWVwWAwYPr06SNdnT55+eWXcfr0aQDAz3/+c6SlpY1wjUbe
qAygL168iN27d8PlcmmPmUwmTJ06FVVVVYN2nObmZvziF78AABQUFOD3v/89pk2bpj2/du1abNq0
Cc8++yxaW1vxs5/9DPfddx+ysrIGrQ5EREQ0caxevRqzZ8+GKIoMRMewUdkP7zGG68YAACAASURB
VPF4tOB5/fr1+MUvfoGjR4/i2WefHdTjHD58GB6PBwDwV3/1VzHBc8TMmTPxgx/8AEC4V3woe8OJ
iIho/MvMzGTwPMaNyh7olJQU/PjHP8bGjRvjBrWD5csvv9S2N2zYkHC/e++9V9suKyvDzp07h6xO
RERENPICgQDcbjcEQUBqaioMBkPc/WRZhtvtRjAYhNVqhc1mG5L6SJIEl8sFSZKQlpYGk8k0JMcZ
TH6/Hy6XC3q9HjabDUajManXS5IEp9MJSZJgMpmQlpY2asaijcoAev78+Zg/f/6QHkNVVZw9exZA
uJc5Jycn4b5FRUUoKipCQ0MDzpw5M6T1IiIiouHzyiuvoK6uDikpKfjrv/5r1NTU4PPPP0d5eTlC
oRAAwGw2Y9WqVdi8eTMyMzMBAB0dHTh8+DC+/PJLuN1urbySkhJs2rQJixcvjhvsffHFFzh8+DAA
4Omnn+42y9drr72G69evw2Kx4G/+5m9gt9tx8OBBnDx5El6vFwAgiiKWLl2KBx98EEVFRXHf10sv
vYTGxkYAwI9//GOIohh3v3PnzuG9994DADz88MNYsmRJt9fb7XZt/3/913/VBhLu3r0bkydP7lZm
dXU1Dh8+jK+//lp7zGAwYPHixbj33nsxY8aMuHWJqK+vx5EjR3DmzBn4fD7t8ezsbKxatQr33HPP
iPfgj8oAejg4nU40NTUBCAfQvSktLUVDQwNu3LgBv98Ps9k81FUkIiKiIeZyudDQ0ACLxYLDhw/j
zTff7LaP3+/HkSNHcP78ebzwwgvweDz4z//8Tzgcjm77VldXo7q6Gtu3b8eDDz4Yt6yGhgYA4R7W
RPURRRHV1dV48cUXtXTTiMi0vhcvXsQPf/jDuHfrOzo6tOP0NOd0KBTS9ov8YOj6+miR2ClSj2iK
ouCzzz7DgQMH4h7n9OnTOH36NJ5++mmsX78+bn1OnjyJV199Ne56HG1tbfjggw9w8uRJfO9730Nx
cXHC9zXUJmwA7ff7te3U1NRe94/ex+v1MoAmIiIaR3w+H958802UlJTgnnvuQV5eHmRZRmNjIz76
6CO0tbXB4XDgj3/8I5qbm+FwOLBlyxbMnz8fZrMZTqcTZ86cwfHjxwEA77zzDhYuXIhJkyb1qz6y
LOPf//3fAYR7hktLS2EymdDa2opPP/1U69Dbt28ffvSjHw16asMTTzyhBdQffPABKisrAQDf//73
tTSV/Pz8mNd8+umnePvttwEAM2bMwObNm1FYWAhJknDz5k289957aGtrw+uvv47CwsJuHZi1tbV4
5ZVXAADp6enYvn07pk2bBlEUYbfbcfjwYZw/fx5tbW34zW9+g7//+7+HxWIZ1PfdVwyggT7l5EQH
zNGvJSIiovFh+fLl+Na3vhUTF8yYMQMLFy7EL37xC7S1tWmzgT377LPdFnSbN28ecnNztSDywoUL
/Q6gAcBqteL73/9+TBlTpkzBvHnz8M///M9oaGhAdXU1mpqaBn0+6SlTpmjb0Xnd06ZNi5s+UVNT
o73vefPm4fnnn4+JnQoLCzF16lT87Gc/QygUwjvvvIMXXnghJvD/4osvtO1nn30Wc+fO1f7Oy8vD
rFmz8Ic//AFlZWVoaWnB2bNnsWbNmsF5w0kalbNwDAdFUfr9Wi6/SURENP5s3749bqdaWloa1q5d
q/09d+5crFq1Km4ZK1as0LZv3rw5oPr82Z/9WdwA3Gw2xwTvLS0tAzrOYPjggw+07aeeeirunfqC
ggKsW7cOAHDt2jXU19fHPB9pL1EUUVpa2u31giBg48aN3fYfCRO2B5qIiIgoWkpKSsLnoicbWLBg
QcKUieje2ej1LPqjp4VWotekiB5oNxLa29tRUVEBAFi6dCny8vIS7rt48WIcOnQIQDhlI3oQYqSn
W5ZlNDc3xx0gWVxcjF/+8pcARnZVxAnbA01ERETUV9GzWFit1oT7RQd10YPyhrI+8QYjDqfowYa9
TcwQHVxHD0gEwsF3xEsvvYTTp093G0ApCAJMJhNMJlPCqQWHw4TtgR5Isj3XgSciIiIK6+jo0Lb3
7NmDPXv29Ol10dP/AcCaNWtQV1eHL7/8Eo2Njfjtb38LIJwyM2fOHMycORNTp04dFXHYhA2goycg
78svxEAgEPe1RERERBNZf3vau75Or9fjG9/4BpYuXYojR47gwoULAIDKykptFpCioiI88MADWLFi
xYgG0hM2gI6+/dL1F1A80bcQOIUdERERUVh0IPvwww/3mLsdLd4UdIIgYN68eZg3bx7a29tRU1OD
2tpaVFRUoKmpCQ0NDXjllVdw4cIF7N69e8TSOCZsAJ2amorMzEzY7XZcv3691/2rq6sBhJPXe8p9
IiIiIppIouOijIyMmOnnBiIrKwtZWVlYvnw5HnvsMVy/fh179uzBzZs3cebMGcycORP33nvvoBwr
WSOfRDJCdDodli9fDgC4fPlyzDKVXbW2tuLGjRsAwqNHiYiIiEaz6J7ZgUzd2xfRC6pcvXq1X2W4
3W40NjaisbEx7qwigiCgpKQEzzzzjPbY+fPn+3WswTBhA2gAWLlypbYdWTkonhMnTmjb0fM7EhER
EY1G0Sso9zSdXvQAwER6m3ihqKhIm13j5MmTuH37do/7ezyebkH9lStX8JOf/AQ/+clPcPr06R6P
Fflx0HWGjuE07gPoW7duoba2Nu5z9913n7b9b//2b2hvb++2j91ux3/8x39of2/YsGHwK0lEREQ0
iIqLi7Xt8vLyuPvcuHEjZgGURKIXl4kXtIqiiM2bN2t/v/HGGwnnpnY6nfj1r3+Nl19+OWYMWnTe
9PHjx2Mmb4h28+ZNbfBhvHmih8u4DqA/+ugjbNy4EZs3b8af/vSnbs9PmTIFf/mXfwkgvCLO888/
j2PHjqG9vR3t7e348ssv8b3vfQ/Xrl0DAPzwhz8c0JKcRERERMNhwYIF2vb+/fvx/vvvo76+Hm1t
baipqcH777+PX/7yl/D7/b2WFT138yeffIL6+no0NjbGBMCrVq3CokWLAIR7k3/1q1+hvLwcHR0d
8Pv9aGtrw4kTJ/Av//IvuHbtGi5fvhzTM56VlYWtW7cCCAf2v/rVr3D69Gm0tbXB6/WitbUVJ0+e
xEsvvRRzzJEyrgcRlpWVadtHjx7Frl27uu3z/e9/H42NjThw4AAuXryI7373u3HL2rlzJ55//vkh
qysRERHRYCkoKMD27dvxzjvvQJZlvP/++3j//fdj9hFFEStXrsSpU6d6LGvBggVaOSdPnsTJkycB
hDsW58yZo5X17LPP4tVXX8W5c+dw48YNvPjii3HLy87Oxne+8x0UFhbGPL5161bY7XaUlZWhpqYG
NTU1Ceu0c+fOQRus2B/jOoC+7777sG/fPgQCAe1XTVdmsxn/9E//hHvuuQe//e1vtTkHIxYsWIBv
f/vb2LZtW8yqP0RERESj2ZYtW5CdnY0PPvigW17ywoUL8eCDDyIUCvUaQBcWFuIv/uIvsHfv3pjV
A1VVjdnParXiu9/9Ls6ePYvDhw93m+XMZrNhw4YNWLduHTIyMrodR6/X45lnnsG8efNw6NChuAH0
kiVLcN999/W64uFQE4LBoNr7bmNXR0cHFEVBZmZmn/ZvbGxEW1sbgPDthJHMryEiIiIaKEVR0Nra
Co/HA4PBgIyMDKSkpCRdjiRJaG1thd/vh81mQ05OTo8DDDs6OuB0OqEoClJSUpCWlpbUvM1OpxMd
HR0IhUIwmUzIysqKO3f0SBj3ATQRERER0WAa14MIiYiIiIgGGwNoIiIiIqIkMIAmIiIiIkoCA2gi
IiIioiQwgCYiIiIiSgIDaCIiIiKiJDCAJiIiIiJKAgNoIiIiIqIkMIAmIiIiIkoCA2giIiIioiTo
R7oC0X73u9+NdBWIiIhonHjuuedGugo0To2qAPrUqVMjXQUiIiIaJxhA01ARgsGgOtKViPB4PCNd
BSIiIhonbDbbSFeBxqlRFUATEREREY12HERIRERERJQEBtBERERERElgAE1ERERElAQG0ERERERE
SWAATURERESUBAbQRERERERJYABNRERERJQEBtBERERERElgAE1ERERElAQG0ERERERESWAATURE
RESUBAbQRERERERJYABNRERERJQEBtBERERERElgAE1ERERElAQG0ERERERESWAATURERESUBAbQ
RERERERJYABNRERERJQEBtBERERERElgAE1ERERElAT9pUsVI10HIiIiIqIxgz3QRERERERJYABN
RERERJQEBtBERERERElgAE1ERERElAQG0ERERERESWAATURERESUBAbQRERERERJYABNRERERJQE
BtBERERERElgAE1ERERElAQG0ERERERESWAATURERESUBAbQRERERERJYABNRERERJQEBtBERERE
RElgAE1ERERElAT9SFdguJWVleHTTw8CAJ555puYPn16v8tSVRWCIAxW1YaFy+XCv/7r/wcAWLBg
Pnbu3DnCNSIiIiIaW8ZkAC3LMj788EPIsgyr1YoHHnhg2OtQU1OD/fsPwGIx48knn0Jubs6w14GI
iIiIht+YDKBv3LiBs2fPaX8vWrQY+fl5g1a+qqradqIe5gsXLsLr9cLr9aKq6krcALov5RARERHR
2DImA+iKiksxf1dWVg5qAP3WW2/h4sUKAMCPfvQCbDZbt32mTp2C8+fPQ6/Xo7i4uN/lEBEREdHY
MuYCaI/HgwsXymMeO3fuHNatWwu9fvjezuLFizF9+nSIosjAmIiIiGgCGXOzcFRVVUGWFQDAhg33
AAgPjLt+/fqw1yUtLY3BMxEREdEEM+YC6PPnw73PRUVFWLNmDdLSUgEAFy9eHMlqjTqKosDpdMJu
tyMQCAyorGAwiPb2djidToRCoT69xuFwoL29fUDHJSIiIhqNxlQKR1NTE+rq6gAAixcvgl6vx+LF
S3Ds2DFUVFzC/fffj7S0tH6VvW/ffrS2tgIAOjo6tMd///s/QKcL/87YsWM7CgoKAABnzpzBV1+d
BgBs27YVkydP7lc50fv/+Z8/r+3T1eXLV3DkyBEAwIYNGzBnzuy4+wUCAZw8eQpnz56B0+nSHi8t
LcXdd69GVlZWn9ukrq4Op059hUuX7uSc6/V6zJ49GytXrkiY+11ZWYm9e/cBAB56aBuWLVvW52MS
ERERjXZjKoCurKzUtktLSwEAc+bMxrFjxwAAV65cwYoVK/pVttvtQnNzc7fHI8EtEO7VjQgGg9r+
kiT1u5zo/aNn7ehKkkJRx4vfC+x0OvHGG3/C7du3uz139epVXL16FatXr0p4jAhVVVFWVoaDBz+L
Uw8JFRUVqKiowLZtW7F8+fJu+9TW1mrb165VM4AmIiKicWXMBNChUEibum727FlIT08HABQUFKCw
sBCNjY04e/Yc7rrrrn5NGbd582YtED569CiuX68BAOza9RQsFgsA9Kn3drDKSZYsyzhw4IAWPE+a
NAkrV65ETk42ZFlGY2MjTp48ibKyk72Wdfz4cXz++SEAQHFxMdasWYPc3BzIsoLGxkYcOXIEDocD
H3zwIXJzczFlypSY15eWluLcufOQJAnz5s0b9PdKRERENJLGTAB9/XoNPB4PAGD+/AUxzy1evAiN
jY24ffs2bt26lTC1oCeFhYXattVq1bYnTZqU1EDBwSonWRcuXMDNm+H0lhkzpuPJJ5+E0WiMOf6c
OXOwZ88e1NffSljOrVu3tOC5pKQETzzxeEw5ubk5KCoqwm9+8xtIkoRDhw5h9+7dMWXMnDkTL7zw
11AUJaYNiIiIiMaDMTOI8MKFCwAAg8GAkpIZMc9F0jmA7nNETxRff/21tn3//Q/EBL0RKSkp2LJl
S4/lHD16VNvesmVz3HJycrKxbNlSAMDNm3Voamrqto/ZbGbwTEREROPSmAigOzo6tPznRYsWwmw2
xzyfkZGBWbPCQfT58+fh9/uHvY4jyW63o6GhEQAwY8aMHheVSU1NTfhcR0cHrl2rBgDMnTsX2dnZ
CfedM2eOtn3rVuIebSIiIqLxZkwE0FeuXNG2586dG3efBQvCaR2BQEALAieKtrY2bXv69On9Lqel
pUXbnjJlco/7ZmZmatvRAySJiIiIxrtRnwOtqqo2eDA9Pa3bgLWIkpISGAwGhEIhnD9/HgsWzB/O
ao4on8+nbUcGV/aHy3Vn2ruPP/4EH3/8SZ9e5/X6et+JiIiIaJwY9QF0fX29Nn1bTk4uqqquJtw3
Ly8Pt27dwvXr19Ha2oqcnJzhquaIil7cxGDo/ymNno4vudf1bXEVIiIiovFg1AfQ0Yt4VFdXo7q6
b+kZly9fxrp164aqWqOKXn/nNEqS3O9yohdxuffeDZg0aVKfXmcymfp9TCIiIqKxZlQH0H6/H+fO
ne/Xa8+ePYu7774boigOcq1Gn8j80gDgcjn7XU704MzU1FTMmDGjh72JiIiIJqZRHUBfu3YNwWAQ
APDgg1uwdOnSXl9z7NgxfPHFl3A4OlBbW4uSkpKhruaA6PUGbVtRlH4F/NGzZdy8WYdVq3pfbbC3
cm7cuIElS5b0qxwiIiKi8WxUz8JRXl6ubc+aNQt6vb7X/6KnV7t4saKfR05+JcP+lhO9uEpkoZh4
ogf4dZWZmYmCggIA4dQVu92ecN+ejpGXl4fs7PAqieXlF2Jm94jH5/PFLEtORERENBGM2gC6tbUV
1dXXAQCzZ8/u8+wShYWF2mqAFRUX4Xa7kz620XinV3ggM0z0pZyCgnxtu6qqKu4+jY2NOHr0WMLj
CIKAu+5arv196NDhuIGtz+fDJ58knllDp9NhzZo12t8ffvghAoFA3H09Hg/27NmDAwfegtfr7fa8
w+FAe3t7wmMRERERjVWjNoXj8uU7cz8nOyVdZGlvWVZQVVWFZcuWJfX6zMwsbfv48S+xevVq6HQi
bDZrUqvr9aWcmTNn4tNPDwIADh48CL/fj9mzZ8NkMsHj8aC6uhrHj5+ImWkjnkWLFuH8+XLU1dWh
oqICoVAQK1asQFZWFiRJQlNTE44fP4Hbt2/3Wk5VVRWuXKlCTU0tXn31Vaxbtx6TJhXBaDTC6/Xi
xo0bOHbsC9jtdlitFng83ph2qaysxN69+wAADz20Len2JyIiIhrNRmUALcsyzp49CwAwGo1JD2Yr
LS3FRx99DAA4e/Zc0gFcaWkpDh8+BFlWUF5+AeXl4WXEn3nmm0ktVNKXcnJycrBx40YcOhTe78iR
ozhy5GhMOaKow8KFC7XlzOMRRRGPProDr732Gtra2lFVdTXulH/r1q3FiRMnIMvxUy90Oh22b9+O
d999F5cvX0FDQyPefPPNuPtmZKTjscceQ25u7HSBtbW12va1a9UMoImIiGhcGZUpHDdu3IDD4QAA
LFy4oNvS3b2JXtq7oaEBDQ0NSb0+NzcHu3bt6jaPtKqqQ1LOunVrsXPno3GXzp41qxS7d+/G0qW9
D+jLyMjA7t27sWLFChgMhpjnCgoK8MQTj2Pjxo29psOYzWY8/vjj2LlzJ4qLi7s9b7VasH79ejz3
3HNxp7orLS3VptabN29er/UmIiIiGkuEc+fOJhcVTiCyLMNudyAQ8MNqtSIjIwOCkPwAw76Wo6oq
2tvb4ff7odfrkZqamlTKSDS/34+Ojg7Isqwds79cLhc8Hg8URYHVakVKSkrM3NOJjh/Zn4iIiGg8
YQBNRERERJSEUZkDTWPH9JLSuI+rqgq324OszAxYzCbtsbpbTUhPT9V64AVBgKqq0IsijEYDvD6/
tq8sywgGQwiFJOh0AqwWC6xWC0xGQ9xjxhMIBNDU3AaDwQCTyaD1nEffAQgGg1AVIDcnU3usuaUd
ol7XLRUmUjcA8Hh8sFpMyEhPi3mur3cpfP4AWtvaAQgwGQ0wGI3Q6QQEAkHoRRFZmXdSbZput8IY
Vf/IsTo63CjMz9GWcJckCY23W5GWltJjPdraHJg8qQB6/Z15x9vaHZBkBRZL/JUlFSV8TnOyMmCO
Pqf1TUhLT4lZyTLC6/XBbDIhIz1Ve+x2SxvEzvMd7xgOhxNTJxdq9Q8EgmhpsyMlxdrtGLKswOl0
obioAKJ457mm260wGA1xl7ZXFBUupwsF+Tna+VVVFTfrm5Ce4H1cawzg//3EiCanAKsJiFPsoJAk
wBMAclMU/HSXDTPywnXx+QNob3cgNS2lx9cHAkEIADLS02LObUQwFILL5UFaagogAIFgEIoyivpQ
VBnGrx+FoXA1BOsUCJnrADE81aeqAooqAGoIOgEQdJGToEB1nQUCtwGoUANtUK7+Dr67jwP6tLiH
8fsD0AkCMjLSoO8y976qhq8jvV7UPoOqqqKl1Q5FVWE2m6DTJX8nsqa6+5gUIhq7RmUONI0dHo8P
oZAU97lQSILZZNT+9gcC3RaKMRkNsJhMMBkNMcGnIAjQ6/WwWi1IS0uB1WpFMBRCS2s76m41oq3d
Ab8/gN7S0k0mE4qLCpBisyAUDMHe3gG324tAIAhVVaGqKoJBCRbznXqqqgp/IJAwTSX6S9UYFWCr
qor6hmY03W6F0+mGJMVvlwiL2YTiokLk5WRBr9fD7fbA4XAiEAjAZIqtTyAYjLvIjqoqMYGSPxCE
Xq/vMXiWJAkGg75bgBUIBGEw9LyQjxSSYurm8wcgxgnUgHCgGgwGkWK7k8YjyzICgVDc4A4I/5hJ
TbHG1N/j9cFoNMQNbBVFgdFoiAmeFUVBMBRKGOTIsgS9wQB91LnzeHwwGuOfb0VRkWsN4Lv3GpBq
BgIhQJbj7jogsgL4Q4BZD3zzbkELngHA5fLAZI7/wyaa0WiA1+uDnGB+dlEX/mFmdzjh8fhGV/AM
QGzaB70eEAypACSoHWVA4Bag+CAIgCjIEHUCBEEHyB4gUA/VcQIINAFQgZAbaksZgtN+lDB4BiL/
NpmgE+J8plQFPr8fLvedOfMFQUBuTiZkSep1RiQimhjYA00DYjIa4PcH4HJ5oNeLMBr0MBiNUFW1
s3fvThDj9wdhMNwJ7gx6fUxQqBMEmE1G+DuD2/DzOsiyAkmWIYpmmM0qVDUcaLW1OyDLCiwWM2xW
MyxWS9yla0RRh7TUFKSlpkBVVXi8Pni9PrS3O2AwGCDLSsxAVUmSw1/QvZBlGcaoYDIYCkEQAINR
D6/fjw6XGzqdDlaLGVarGSajsVsZggCYTEaYTEZkZqRBkmR4fX6t1x4If9nrRRGKokIU77xDKSTB
bDbFBJvhNu45CO76wwYAJFlGSJKQorcleFU48LRYzF2OF4DBoI8b3MqyBKPBGBNge7w+GBPsrygq
AoEg8nLuTP+oqircHi/S4vS8RgJ0W5c8e5fbC4NBH/cHR+QYaakp2mdFVVW4PB6YEgTpsizBoDdg
3VwTbtkFvPplCAEJMOuAfnRExqWoQDAU7v3cNNuHLUvuDChWlHBAl5nZ+1z4giBA1OsRCoZg0Ivd
3k/kh0ZuTiaaW9qgIjwoeFSQPTBc/UcIpd8GDJ13LBQ/VPcFQGcBRAugCoASAHQioPgB2Qeg80eA
EoIquSF5HZAXfKvHQ0khCaJeF/dHlqoo8Pn8CEnh6y7SPoIgIC83G7cab0On08W9u0FEEwf/BaAB
iaQZhEIS/IEA/P4AnE4XVBVIS7UhuiM0EAjCaAr3+ok6nXYLv6WlVZsKT6fTQafTQZZliKIIUdRB
FEUYVD1URYWsKAhJ4cAx0hMaCkmwd7jQ0uZAUWEuDD0McBQEASk2K1JsVqiqCp8/XOfoYMvvD8Cg
1/WaiqEqKsSoACUYDEEvijAYDDAYwj3qiqIgEAjC5fagID8npsc6Xt0MBj3SDV2DRRWSrMDr9cJo
NHZ+cQsISRKsUYG/qoZ7+VNSeh64GQpJsKbGHiMYDMW8l3iCQQm2qGBLVVX4fH5Ybd2PFwlUU1Ni
A1WPxxfzoyP2NQoEQYhdgMjn73F5+0AghPzc6B5uBR0drh5SHVSEQrHvIxQKQZYV6BIG3AGkp6bB
oAO2LTGgwaHikwsSdAJgMgD9GFfcpUZASAKCErCmRMa2JToY9HcKdbo8Mb3+iQiCAJ1OQFqqDcFg
qDPVIPG+ebnZsDuccDrdcX+gDDdD1T9CLLofQtfPvyoDshvwh1M0oLcC8X7gSm4ode8itOB3gJD4
OlOU8J2ueL3PkeeDofCPxdZ2OwoMeu26NRj0yMvNRmubHWlpqf1K5SCi8YEpHDQoDAY9UlNsyM3J
wtTJRSjIy0Zq6p3eTFVVEey89SkIghYQdHQ48dIrr+J//PT/gdvl1vbV6XQxAZ0gCNCJupgebEEQ
tIDLZrN0pjPcCZ4DwRBcbg/kBPfbBUGA1WJGVmZ6TBAkSTKCIRk+nx+yLMedvlCSwr3PsbnUoZje
VkEQIIoiLBYzFEWNCex9Pj9a2+3weH29To9oNBoxpbgAmRnpEAA4nW64XB4tSIpQFAWqqvQa+Ifr
HhtgBINBiD388FAUFVIoFJMfHWmbRIcLBiWk2KIDVQmyrMSkW3StQ4qtS/qGxweTyRi3ZzgYDCHF
ZokJYlxuD4wmQ8JjhIN6W8wxXG5vwhQRQIUUUmC1hn+oZKYI2LEMmJMvIxACpEFI5ZAlIBAESvOB
LXP8mJofG0C6XO6Y8xyPQa+HxWyC2WSCzWpBaqotYRtECIKAzIw0pKelwm7vGPD7GAjBdRF6VxmE
1BnhnuauFCl8M0vQxQ+eZR+UjiqEMjdBtc3q8ViyLCe8awKEryNFUWAwGGC1WtHSao+5Rq0WM9LT
UuF2e0ZdCgwRDR8G0DQkzGZTTMCoqipSbFZ43F7IkgxVUREKhXDg7XfR1tYOj8cLfectUZ1OCAfP
nTHOf/znS7hUeVkrJ25AG5JgtZhjUjjcbg+cLjcaGlvQ0NQMR4cTwVCo17zpzMw0FORlw2gwwOPx
weFwabnekePLshwzmFFVwwF7vNze8JexPqar0h8IIhiU0OF04UZdI243WJPrYAAAIABJREFUt8Hl
9sRdgh24E+znZGdi8qQC5OVkIj3NFtNb6w8EIOr0PX6py7ISThvpkk4SCIQS5gCH358KCELMgCuf
PwC9oXuaABDu1bVZY9M9PF4fDMbE6RvBYDCm91yWlc6c7sQ9w6kpsT/S3G5vwt7aO73iXV7j8cYd
0Ah0BtypdwJuAUCO2YftSxUUpgP+4MDyoRUF8AaB3FTg0aUypmQpMek1Xp8fOlFMmFIkIJxGZTYZ
Iep00AkCIAgQdLpeP+dA5I6MBQV5OWhttSf8/A0pNQTjxf8NuuKHAH2CnnDZB6hKuPe52+sVqCE3
lIaDkEp+3OvhpM47WHHTNzrvGoUHEAJ6vQi9XuwWRKelpcBsMsHnG3155EQ0PJjCQQMSHq3e+8dI
p9MhKzMdWZnpUBQVqqrg4KFjuFx1FYsXzsely1Xo6HDCbDZDVQF9Z+/ZhYsVuF5zAytXLO88Xvce
YVUNpzhE93aqajjAS+kckKYoSmePdHgwktVihs1qgdFoiNtjazQaYDQatLxkj9cLj9cHlyukpWfY
0qN7ysI9tDpb994zSZJhMhpjgvtgMAiTyQi9XoTNFm5Hl9uLdntHtxkluor04HcNFFWls5ffp2pp
JOG2j8qblsKDp7q2nz8QQLo58aArSer8gRLVVj5fAAZD92A1HAyHkJUROzuJx+OFLSV+jrWWLy1G
50t7YUwQoMuyHJMGFKmPTick7IEPH8Og/VAD0Bk89xxwZ0flHodz6L1YPj0Vdh+w5xTgCgA2c/Kp
HKoK+IJAignYthiYk+dHelpqzD4ul6czzz1+GUajEcbO9+MKqDhxLYjqFhneoIqCNB0WTNJj8WRj
j3UL38UxYtrUSairb4TNZk34g2IoiHWvQEzJh6BPAXRx/i2RfYAgAroEdZLcUBsPIjj/fwFi7/PO
B4MhpNq6z+gChH/s+gPBqGtHB5PJCJ/PD0eHExnp4btVAoDsrHQ0NbchGAzC2DmDDhFNHAygaUAa
mpphNBi1nGRzl7SGeHQ6AZerruPTzw7jnnVrsG7NapRfqIDZbIYsyVBkGRBFQFVx9nw50lJTsXTR
QgDolo4hCAKMBgNMRkNMr6qKcI+3qNNBBTpTKcTOQYjhAK+13Q4BOhQV5vZYX71eRHpaKtLTUqEo
CjweH3x+P0xRaRChkBQ3hxYIB5/RM1GoqopAIARzVEBqMISnqOtwSNBFBc9+fwA+fwCWzvbtqW1T
Uqyw2Szw+vzwev3o6HCG88cNBhiNegiCLpz/bIld2TMYDEEQ4g+oAsKBZCgUREZabCDp8/uRnp4a
5xXhHvrotAN/IAhBJ8QN5BRFRcAfDE+9F1W+uzN9I+7+gUBMz7CqAi6PB8YE6R5aLnNaWuwx3N6E
r5EkCSajMSa1xe32wmAwQtQB984Bmp3AB+cBXwCwmPoeRKtquPdaALB+FnDfXMDvCiAtNS/q+DIC
gSDMlvgrsYqiDobO3vnbLgU/fM2Ji7dC6PCFf2AaRQFZKQJ+sNGKb69LPDgUQGdQKGBKcSEcHa5u
M8wA4XELiqogFOdHbLiM8J0jnU4HQehM+0mQAqUXwz+MBDUAfagWKNocHhjYlTEP0GdB0FkA1Q81
2ARIznBeNAAoAaj+FsiWeRALH4JRJ0Lp7EWW4twaEAQBFrMZRmP8a0np/BFqs1nDd43U8KwcgiB0
DpTWa3cwBEFAQV42XG6vNuVd5P3q9SKEuEOaiWi8YABNA5KRkQ4pFILPH4DL7Qn3zFotSE9LTThV
mcPRgdf/tBfTpk7Gjoe3oupqNSAIsNsd4TxfnQABAhRFRVNTM9LT0yB0BjhK1JexTqeD2RjuXZOV
2NxfVQnXA0I4QIxM6xXJmzabTdAJQrfpvtxubzhdokv6QfQxU1NtMfndADrTOxStNypyLFVVwz3Q
UYGgJMva+4ktI5xjHJOG4vEiJEnw+nzajCNWixkWszluwCsIAmxWC2xWC1Q1A4FgCF6vD16PD4qq
QJEVmLoEvYFg/DSJ2LrJMfnPPb0mEAjFyWX2dvbSJcp/DnUZ2CdB6TFfOhTzo0SSpHDPYmqiwXad
ucxRwWjkcxHvGJGAOzM9rctsHV4tJ9tiBLYtUlDbLONcvQGiGB5U2BchKTwd3rKpwMNLAD0C3Qby
udwemMyJe4+NhvDdE5dfxV++2oGzN0PYdZcFT68yY3qOHmdvhvB/v+vG//mWG0UZOmxeEH+WmmiR
vGhFUaAiPDNO9+OqCARDCHVO0yh0pvaY4tzNCY99kBCSJG2+d5PJeKfckAfCvP8L0IlQPVegus4B
ig8w5kHIWANBH1lB9U4Kjeq/GZ7eTvZCVVTAOBXGOf97t9zoSG+yrCjQdd61EXUirAmunfB7AXKy
MsJpM1GPm41G6EURdrsTRoMeps67OIIgIDXF2jkAVgcTVARCofAMQr0MyiWisY0BNA1Y9Jy6sizD
6fTE3IqO9AYZDQZIkoQ9+9+GrCj41tO7IAgCZs+aCSA8nZYgCFrudP2tBnQ4nVi6ZFF4Ki9fQJsT
2GQyhoNnnYBAIIArVddwqfIy2tvtmDp1MjZuuEebcs1kNMIfCMQE30A4kI0OqFQV6HC5AAhobXfA
bDLCajXDarH0OiDL2jmYzeP1weFwQqcTYDKZYDDoIUlyTD54sDOvNybg75yPOq3LwEufL4C09BSt
F0+SZHQ43Wi3OzB5UmGPdRI6pwU0m4xQM9IgyzK8voD25a/VJxjqcUouufPcRUdyPl94nuyuAXEk
lzkz/c40bKqqwuvzIS0tXm91+IdDSpe5n90eLwwJBvbFGwgYyWNOFKCHc5m7HyPRa9TOHxuWqM9H
IBiC0iXgtukD+MYqPVo8OjQ6FOiE3hdZkeRw8JyTouLp1QIK0gGHw4+CvNg7IU6XGxkZ8dNqdDqd
lo9+ojqIMzdCeGqFGf/9kRRYjOH3eM8sI/7HjhR8878c2Pd1APfMMsJs6H12mUj5kZ7cru0TuUYj
AbTREF6wJl6pkUG+ok4HSZFhMkQF2UoQUCVAZwYgQLDNAYzZgOcyhNRlCdMxBPMUCIZMqI5TEKyZ
QNqSuAMLdTodLGYzQlIo/Fnt/EEbThOP3wZi53SRXZ+NjEEQRbHbj+7w7Ce68Ot0AsxGI5gVTTT+
MYCmQRW5fRsdZPj8AehFEcFgCF+eOInKK1V4bMfDyMwM9y7drKuHoihobm5BYUG+9roz585Dp9Nh
+dIl4d42CNrUaUaDHoqqABLwyqtv4Oq1amRnZyEjLQ2HjnyBY1+cwOpVK/DoI9sg6AQYDAYEgkGt
bFUNT2dmzoiexUKGoqhaoCVLEjxeL+wOJwwGfed8zpa40+QJACwWMyydA/0CgSA8Hi88Hh/M5tjb
xYkGG4ZCIVhi5qOWtKA1EsQYjeH/R70VAOicbUQJp9LE6QmMLEyTltq97oFAEJYe5gIOdU7pFd0T
6/cHYDLHS6+Qu82R6/H6oNfH75qN5BnnZGVoj0Xm6u7ayx/ZPxgIIDM/J2Z/l9uTcCq2xLnMvoSv
6Tp4EAgPSu06I0ggEMTcKan4wWY9/nFfAMGQClGHhNPHKUo4eFZUYPc6ASV54fYVRX1M3rHH4+sc
W5Ao0LtzgJ996IHFKOC/P5wKi1HoHOgaTpVaNd2IdIsOlU0SQrIAoxgOiB1eFb886MHxa0H4Qio2
zjbhB/fZUJB+p9w/lvlxri6EJ+8yYd/XfpyulfD532bF1MNo0GvBs92j4JcHvTh+LQh/SMW9c4zh
MtN0EPUiRDU8ME+SgX1nfPjgvAvVrQKWTQni22uMWDZFB8GQC6RnAoIegIrPLst487SEiw0KZuXr
8ORyA7YtEAExFULmWqiKAuhtqG6W8dP33bjaLGFqtogdS814crk5PC+7waC14v/P3nuHy3HWZ/+f
advL6dJRlyVZxVZx7wjb2GBawGBML6EG4gR405PfG94QIAZCCZDQHKpNscE0F3CTGzauKi5YxbLa
UTtt+/Tn98czs7uz5UhEhsTO3tfFhbU7M/vM7OyZ+/k+9/e+r33I5GebLJ6Z8Jjbp/HuF6S4aFV0
QlmoCT53a4XbnrSI6wrnLDP4wPlpZuUCzX0wsag6Cp/9VYXbn7JIxxResMzg/eenSMXV+uftnvT4
1M0VXrkuzix66KGH5xN6BLqHZxWO47SFe0g/Z42x/fv52Q03YRgGmqaxe89e8vk8s2fPkmShhSts
3/E0fX15hodkNdMwdPryWfry2aBbXvD9a3/M1m3beclFF3L++nMl4RSCX956BxvuvJvhoUHOOfvM
jku2oZ1VCNO06pVhRVHqlfVkUmp6a6ZFsVRBU1WGhvpn9HQOm/wGaNdtW5aNpmv1qrJschRomhbR
P9dMC6OlUg2yot8ahFKp1OT/V6v4niCZjNflHjNVHEPLrm4Vdj9wS+lvqoT6QuB6Lkm1XZvbKt8Q
IrSi617pFUK0pxt2YaAyRVCPRKxLgj5TBd2VVdA2LfNMpN5heLC/6TWfas2MEG4rSH1MJeOctAhe
vk7n+occbBc6zC0A6fXsunDBKjhzibxdTdMi3+LLXSyXSc4g3wivj+MJth10efEJcdJxubFp2whf
kEom0DX47OVZxks+MV1OxPZPe7zx69NMVQSz8yqZuMJPN5rc/JjJj94/wMJBObl7eJfNTx+1uG+H
zXTVJxVrn5TFAnJ6oODzhq9NMVkRjOZV0qrCzzZa/PIxi+v+pF8eUwHTEVx5c5lr7q8xK6eQTSjc
v9PjV0/U+Mqb4rxwuQ6KjuMJ/vNeh3+91WYgpdKfht8e8PnT79X4u0vivOscDeH7+HqeW5+wueLq
IpmEwkhW5ZkJjw9/v8iBgs8Hzk/Vw27+Y0OVK28uM79foy+psnPc44+/Mc2fvSjNh16UQdfg6cMu
b/zaNBUL5g2o2C5c8xuT+592uPZ9/eSTCkJR2LTH4R3fKGC7gjl9GhVL8JW7amzYavPVt+SZ0y8l
IFNVn+sfNdk54fHx9Z2/yx566OG5iR6B7uFZheN4pFNRWYSqKli2xXe/90OymQyjo7O44867KRRL
DA70M3/eXIQQjI9P1peMqzUphVi5srOnqyRoPg8/upHlxy/lxRddUH/P8zxefNEFbHn8cX7z4MOc
debp9YCWMKyjE9HvFoMdVm91Xcf3fYrFcqRByPN9XMft6ujRGgSSyaQplytMVgrE4waxWAzf90km
ovrnmmlhtFjLCSFwbIdsf7Qp0bYd8n3ZOil3HJdCsczExDTxeKxOplsr3zJAZObob+GLutMDgFnr
HHMeum+MDDWIp+d72I5NPNGt0ttFL92hsS/UJeey2bZGwG4E3fdltbxvBi1zK1xXRrs3f29S7hE9
52bia2jw6tN0Hn7GZe+kQNegdZHB82X1dTgHrz5FoGtK8N1F7fscx8VxPFKp7o4S4fUam5ZygqFs
4zxkkmbjel6wIlph/Zsfl5isCP7l0gznr0gggBs2m/z99SU+f2uFz1zemCzZnmBev8Y//VGWgTSB
BKJ5VUT+91//qMhkRXDla7KsPz4WHNPiH35S4t9uq/Cvr5PHvOUJm6vurvHm0+BPzk8wK6ex9aDP
31xv8n+us7jxzzRmZRUeH/P53O0OZyzS+LuXxlk2orJz3OfjN9l8/nabC5cbLBqMMVXVuPKmEv1p
hc+9Ps+6+Tr7Cz7/cH2Jr91V5a1nJckn5Ri/eHuFE+fofOlNeRYO6mzc4/DXPypy7UMmrz0lyaJB
lf/YUGWiLPjIKzNcdmqSsuXz040W//yLEl++s8pfvySNAnzqlxUsV/DxV2e5YGUC2xVc97DJlTeV
+MLtFT5xaTYieXpm/PeQ/d5DDz38t6JHoHt41iAb5txIDDXI5eRf3nI74xOTvP6ySznl5HUAPPXU
NjY/9jh79u1DCJ9YPIYvBCrw6MbNVGs1Tlqzpuvn/eyGmxFCcPGF50deVwPnjb58nonJKSzTIpGI
S9szQ0dVpF9uNuKMIQn0kWKNFUXB8/wIETVNi8mpgqz6pYImvxkqv9lMKmg8kpZo1WqNmmkxMhzV
DZum1VED67Y4XFi2jaar9XMHWQEPq+ue51GtVpkulJg3ZyRCGmumOaO+23Vd2djYrH82zY76Z89z
JZFttqKr1DD07uTWcWwGB/KR10LddztkI2Brs6HreiSSnYNGpGd3tHmwk5a5+fNN02qTe5TKVZLJ
eP08PM/Ddb0I8R3Kqlx8gs+371VwPdDUBocSyMqzAlyyBoayQbXYtMi1Vp9L5cDNpuMpRWA6csLU
l2xv3usE24O3n5NCV+G0RQYxzUfTNM5ZGmNWTmXzXoeaI0ga8nipmMIVF6Y5b1ksuD5+vZdAUZBN
uk3HPH2xQTxIUTx7qcFIVmXLXpeaLRDA9x+skUvAu86Ls2BAXsvVc1VeuVbnozfYbNrjcfEqjZ9s
dCnVBFdcEGPlbLndshGV977A4M6vu9z2pMU714/w6B6HrQddPn1ZljMWGygKLB7S+NRlOU7/2Dg/
[...]
WHqMEZDx/EGLPOcYWgnvm60/H/uxX4vBYDhEMRFowz5xICLQIrOD6KvnIydcgYgM7bmBClCp7YBC
RBvLC+x0K8FbfyY17Zeo6lmDPueBcNYXH2bFxrY9bwhs+csVgzybI4+cINOyVpMTZ7l15VBhiOq2
P2hprBQ9BF254wwmtmURyYr/jbsCrrm1je0diroK7QaybXfI7HEON7+/inFDLcI9RHF7zD+bntLX
NrnXEbLuG73s31sL7uL99zTGwY6JQBsMhxcmAm04yFE4b3wGOfo9OvpcDq8DUi2IqgnlxbOfIGxf
iVd3zkEnnpPpoN/i+X2njRvk2RyZdBdp/V03kG0Gst3+IhOGWJbEsnS+8QOfq+OvC1PMX5uhIiI4
dZLL+TMixByBAgI/6DMFYl9fi1BfVZRf18/Ui77G2B90n7t+qIp+79/j4mFyYxoBbTAcXhgBbTio
kS0PYatWHXku57wRpFCZNoiPALuy53oVovxOgrefxH93/23iDhS33LWs39ua9A3DQEmlM0RcF8e2
qIwIrp0b49q5pSlOSik8PyCdOXAFwQcS3w8IAv2T+12FinJpNDnhK6CQ9y1A6P/ll+vFouy6svsY
wzuD4bDDCGjDwUuQxFn+BcSUj5UXx6DbdQsLYfcSnfY7UVufxJv+0967Fr6D/PL+Ff3arr46yujG
ikGejeFwQxf4ZQgCC9dxStpzg478pjLeoFi/HWgKAlnnVYdhQBAobMvCdR1cx6EiHsN1HCxLAoJ8
dk4+BaewbH+3Bfe8vjs2GgyGQwsjoA0HLfa6/8Qafnq2cLBMjqTXCaltiIoxYJUpQgozqNQOfFFP
2HDu4E94gDy9eFu/t/3qlQdX9NnzdOGYlBIpRb5AzHDwoSPMPp7vI6XEklIX34XhAU0p2V+EYZiP
JPt+gO/7KBUihRbKjmMTj0VxHRvHsbH2c2dCg8FgAFNEaNhHLHfIOz0Fg8FgOOgJMq3v9BQMBsN+
xJjxGAwGg8FgMBgMA8AIaIPBYDAYDAaDYQAYAW0wGAwGg8FgMAwAI6ANBoPBYDAYDIYBYAS0wWAw
GAwGg8EwAIyANhgMBoPBYDAYBoAR0AaDwWAwGAwGwwAwAtpgMBgMBoPBYBgARkAbDAaDwWAwGAwD
wAhog8FgMBgMBoNhABgBbTAYDAaDwWAwDAAjoA0Gg8FgMBgMhgFgBLTBYDAYDAaDwTAAjIA2GAwG
g8FgMBgGgBHQBoPBYDAYDAbDADAC2mAwGAwGg8FgGABGQBsMBoPBYDAYDAPACGiDwWAwGAwGg2EA
GAFtMBgMBoPBYDAMACOgDQaDwWAwGAyGAWAEtMFgMBgMBoPBMACMgDYYDAaDwWAwGAaAEdAGg8Fg
MBgMBsMAMALaYDAYDAaDwWAYAEZAGwwGg8FgMBgMA8AIaIPBYDAYDAaDYQAYAW0wGAwGg8FgMAwA
I6ANBoPBYDAYDIYBYL/TEzAYDIcm4sG/IUYMB0AtWYa69pP7/xi334o4Zpo+xoaNqEs+1P99P3wF
TBiP+vvDsPC1nhs4DuKbNyHedymMHQMRFzZsIpw0Y39N32AwGAyHKUZAGwyHCOJLn0Ncd61+cPRR
4Puwem2v26u/3I361ncHbz5HHwXjxurfk0nUYBxjyiSYpQWtiMX6fQzx3W8hvv5V/fuXPkd40mmw
cnXpNvf+CXHBuaU7NjXu65QNBoPBcARgBLTBcKjQ2KCFcw7bLn3cneHDBn9OByvHH1v4vboKcdws
VJGAFh+7plQ8KwWbNkNrW2Gb738PIhH9YPFS1K9/N9izNhgMBsMhghHQBoPh8OMPf4RT50JVJSxa
jHro0dL1551d8lB97AbU724vWSY+dR1UxPX6v94LRkAbDAaDIYsR0AbDIYr6x2+hHn6s9w127jpw
kznIUHf9RYvmEcPhzZU9N2hsKPy+fUcP8WwwGAwGQ18YAW0wHKps3QZLlu15u9NOQQytA0BtbYaX
FsD4cYjLLtJpHrtaUfc/CK8v73UI8YHLdC5yGMIzz6OeeHrv5+04iAvPh2NnQiym0yZeWoB66tn+
7T9lEuLyS2BoHWx5G/W3+2DjptJtZkxHTJqgf586BfX4U9DRCafOQTTU5wsTAWio168FoNZvQAxr
glg0H30GENOmwmUXQSKJeuTx3ue2H15rhtYhLr0Ixo8FKWHjZtS9D+j3u5g5JyOGZXO22ztK34LI
jBwAACAASURBVJOhdTqCXlmhX59XF5V/bfxAz8dgMBgMA0JkMpnBqP0xHCFY7pB3egpHDOLmf0V8
9cb8Y3XtJ1F/+OMe95Pzn4R3naT3eexJeGkB4suf1+I1RzqN+va/oW7+QenOJxyH/P2vYPrRJYvV
vQ8gjpsFY0brBS8tIJwzb8/P4aoPIr73L4X9ilm+AvWVr6MefKQw9wXPwIkn6Aer1qD+cjfiS58r
5CYDdHahvvw11C9vLRznR7cgPndD/nE47QR4cyXiib8j5p3e6/zUL29FXPQeHbkux6bNhGOm9rr/
Pr3WgPjP7yJu+ARUVpSuSKVQt92J+sJNkEjobX/2Q8QNH9frd+wkbBhbGOdzNyB+dIuex8OPoS64
rLDuL3cg3neJfvDGm4THnNjr8zHsP4JM6zs9BYPBsB8xPtAGwxGEOGce4pv/WCroACIRxHe+URCr
AEPrkH+5vYd4BhCX/P/27jzOrro++Pj3zkw2EkgyQYhAERTJYkRAyg4VghECKEHqilBxwxaXR0oF
64pS+qhoW6FCtaL4UgutVCxCWA1bCASorIkJGOITQ8sSnKzMep4/bubOnWQmyXcya+b9fr3y4m7n
3HOG5JzPPfO755zSdQRv6b1Pf3uUfnhV99NNnxqla6+J0luO6fr5/feL0ucu6BzPERHjxkbpW5dG
TO8+bAdC6mcdEaWf/TBKF3x683iOiBg9Okof+WCUbvyPjsfuuqfj9q6TIqqPqh93bMd8N32fqi+e
FtVHpgHYZoZwwBBVuvD8iBOO6/rJq3/c/ZCI5b+vHLkunXxixxkrRo6M0gfeG8XCh8vP/e3fVE5T
FxERS58pT7frpCi9+50Rk3fPLe8Fn44YMaJ8Z+VzUZz7qSjm3R2lvzgzSt+4pBzG48ZGXHh+xLx7
up7Jkqej+Nl1EXV15SPFB8woP77TTlH6izOj+JvPb3khvn15FNddH6XvfLNjWSKiOPdT5f8++VTE
PfMjxo2L0pX/2DHdyueiuPjvI9asSa3zNv+sP/LBKL3njI7pnl0exQ9/EtHcHKUPvDdi6v7l1x13
bMQXL4ri4kujuOmWKG3YUAn00tFHRrFxaEhp41HwiCgP55j9tvKR/Z3HRbxu347n7pmfWx8AIkJA
w9A1bUqno4nVivsWRHQT0G0zT454Zln5dd/9ftT87omI0aPLT+6/X+V1pVNnd0z00qpoO+m0jum+
/8OoefzB3PLuu0/H8t0xrzL2tvjOlRHHHh2l9hgeObLbWbQdPzviDyvL0/3L1VGz5DcdR6Srj8B2
o7jx5ojYeJGVo48oP/j/VnQa/lHce3/5NZdd2nEWjvsf7PSabbXNP+uPndMxUcPqaDv5nRFPLS5P
d81Po+aBeZVhJaUPnhnFxZeWx3Q//mTEoYeUpztw4/myj/+zzT/cnDQr4qZbonTMUR0/r5aWTsNl
ANh2hnDAcLMx6CKi/MW0F16s3C2NG1e+8erJnY5UFrfd2Xm6LX0JrjvV73PKSeWxwRvPVV38+ZnR
NuXAaJtyYBTHz+5uDpV4jojyFweff6FjnjvvnF+mvrYtP+tX7Vq5WExElM8esjGeIyJixR/KXwRs
t89rIg45uPzaBx/umN8bNn6AmP22zRaj1P5hoXo4x1OLN/9iIgDbxBFoGKKK7/+w21/BFwsSR4db
Wztu1278TP3610WUSh2PP939FQ+3VfHd70Xp8m+V5ztxQpS+cUn5C4WLl0Rx/wNR/Phn+SEF1cte
V7vdy9jnuvhZl2ZML18Up91vl2w+3ZOLOt0tTZ9aHr/867sizvtY+cH2YR7HHFm+v/K5KO6+rzw0
ZMb0iL32jHjjGyrzaB8+AkCegIah6p7523QWjk6qj4huQWnsJl9kW50c+9uF4p+/F9HaFqWLzo94
zd7lB+vqImZMj9KM6VH60Nnl8zf/xccimps3n8GSp7d7GfrVNv6sY9Mj5139rFdtck7vnctHr4u5
t0dp3fryUJNdJ0Uc9qeVo9nFPfMjbrk94j1nlMeMn/72zkN+7r5vW9cEgE0YwgFspvhjQ+cHJozv
nfle9a/RNvXgKM78UDn+f7u0fBntiIiamvJp7i67tFfea6goNo3j+i5ODVl94ZeIjkuOr18f8ehj
lYdLn/lExxjnW++I4j9/WTntXZxwXMewnObmza/OCMA2E9DA5p5a1PkocBenskvZd58onTq7/Oet
x0fxk2ujOPuj0Tb1oChmntxpbHPplBO3772GmkcejdiwoeP+gQds/pqNY54jIqIoonjwoY67D3Tc
Lr3r9PKNDRvK8dywujJOunTq7I64fnJRp/HYAOQIaGBzDavLZ3jYqDTzuIj2sbURUTppVmp2pUPf
HKVfXtfxZ9bMynPFr++OYsHCjhdvOnxkoLS0dNyeOKHv3mf9+iju7xizXpr5lii97YSO5w8/tHze
7XaPPRHx9O867nd1tpUHH+44St3F88Y/A2wfY6BhiCr96F+i9LUvdvt8cd31Ufz153o8/+In10ap
/bzF48ZGzQ3XRXHnXRFjd4rSnx2dm9d/3Ryllc91nIrtmu9FXH5VxLPLIw6YEaWT3trx2see6PEy
96qXXooYv0tERHl9b7mhHLtz3tv77/XNf4w49qjymPDRo6N03Y8jbruzfB7otx7fMYSmKKL4p+92
mrSYe1uU1qytjIuOiPL/p/bb198QpS9/rvOXQu+6t/fXAWAYEdAwlP3JXt0/N6l+u2ZdfOs7UTrt
1I4jzxMndFwCOmv9+ig+dUE5nMeMidh9tyh99Qubv+6lVVF84as9X+heVNwxL0qv3ThmuLa2fNS8
rS2Kvnivm2+N+NrXo/TFCyNqaiJ22bnLn3Vx5b9G8YNrOj/Y3Bzxm8c6/j8VRXn4RrsnniqPNd94
lo5obHT+Z4DtZAgH0K22d74vimt/HtHY2PHgmrVRfO3/RvHT61LzKv7jF9E26+1RzLtn87NsvPJK
FL+aG20nnBKROQVfHyo++4Uo5t4W0dbW8WD1aeh6+/2+8ndRfODD5aEzxSaZ/vTvovjE+VH85ae7
nrb6Z/bbpZ2G30REFPdUnXHjyUUdwzsA6JFSU1NTXxxQYZioHdnFGQPY8ey1Z5QOObh8BPa++yNe
WrX1abZkzz3K5z+unxix6uUo5i8oX1lvMJry+vJVEptbonjkN+ULuPTHe06fGlFbG8XSZyIefbzv
35M+1dr08kAvAtCLBDTbRUADbJ2Ahh2LIRwAAJAgoAEAIEFAAwBAgoAGAIAEAQ0AAAkCGgAAEgQ0
AAAkCGgAAEgQ0AAAkCCgAQAgQUADAECCgAYAgAQBDQAACQIaAAASBDQAACQIaAAASBDQAACQIKAB
ACBBQAMAQIKABgCABAENAAAJAhoAABIENAAAJAhoAABIENAAAJAgoAEAIKHU1NRUDPRCAADAUOEI
NAAAJAhoAABIENAAAJAgoAEAIEFAAwBAgoAGAIAEAQ0AAAkCGgAAEgQ0AAAkCGgAAEgQ0AAAkCCg
AQAgQUADAECCgAYAgAQBDQAACQIaAAASBDQAACQIaAAASBDQAACQIKABACBBQAMAQIKABgCABAEN
AAAJAhoAABIENAAAJAhoAABIENAAAJAgoAEAIEFAAwBAgoAGAIAEAQ0AAAkCGgAAEgQ0AAAkCGgA
AEgQ0AAAkCCgAQAgQUADAECCgAYAgAQBDQAACQIaAAASBDQAACQIaAAASBDQAACQIKABACBBQAMA
QIKABgCABAENAAAJAhoAABIENAAAJAhoAABIENAAAJAgoAEAIEFAAwBAgoAGAIAEAQ0AAAkCGgAA
EgQ0AAAkCGgAAEgQ0AAAkCCgAQAgQUADAECCgAYAgAQBDQAACQIaAAASBDQAACQIaAAASBDQAACQ
IKABACBBQAMAQIKABgCABAENAAAJAhoAABIENAAAJAhoAABIENAAAJAgoAEAIEFAAwBAgoAGAIAE
AQ0AAAkCGgAAEgQ0AAAkCGgAAEgQ0AAAkCCgAQAgQUADAECCgAYAgAQBDQAACQIaAAASBDQAACQI
aAAASBDQAACQIKABACBBQAMAQIKABgCABAENAAAJAhoAABIENAAAJAhoAABIENAAAJAgoAEAIEFA
AwBAgoAGAIAEAQ0AAAkCGgAAEgQ0AAAkCGgAAEgQ0AAAkCCgAQAgQUADAECCgAYAgAQBDQAACQIa
AAASBDQAACQIaAAASBDQAACQIKABACBBQAMAQIKABgCABAENAAAJAhoAABIENAAAJAhoAABIENAA
AJAgoAEAIEFAAwBAgoAGAIAEAQ0AAAkCGgAAEgQ0AAAkCGgAAEgQ0AAAkCCgAQAgQUADAECCgAYA
gAQBDQAACQIaAAASBDQAACQIaAAASBDQAACQIKABACBBQAMAQIKABgCABAENAAAJAhoAABIENAAA
JAhoAABIENAAAJAgoAEAIEFAAwBAgoAGAIAEAQ0AAAkCGgAAEgQ0AAAkCGgAAEgQ0AAAkCCgAQAg
QUADAECCgAYAgAQBDQAACQIaAAASBDQAACQIaAAASBDQAACQIKABACBBQAMAQIKABgCABAENAAAJ
AhoAABIENAAAJAhoAABIENAAAJAgoAEAIEFAAwBAgoAGAIAEAQ0AAAkCGgAAEgQ0AAAkCGgAAEgQ
0AAAkCCgAQAgQUADAECCgAYAgAQBDQAACQIaAAASBDQAACQIaAAASBDQAACQIKABACBBQAMAQIKA
BgCABAENAAAJAhoAABIENAAAJAhoAABIENAAAJAgoAEAIEFAAwBAgoAGAIAEAQ0AAAkCGgAAEgQ0
AAAkCGgAAEgQ0AAAkCCgAQAgQUADAECCgAYAgAQBDQAACQIaAAASBDQAACQIaAAASBDQAACQIKAB
ACBBQAMAQIKABgCABAENAAAJAhoAABIENAAAJAhoAABIENAAAJAgoAEAIEFAAwBAgoAGAIAEAQ0A
AAkCGgAAEgQ0AAAkCGgAAEgQ0AAAkCCgAQAgQUADAECCgAYAgAQBDQAACQIaAAASBDQAACQIaAAA
SBDQAACQIKABACBBQAMAQIKABgCABAENAAAJAhoAABIENAAAJAhoAABIENAAAJAgoAEAIEFAAwBA
goAGAIAEAQ0AAAkCGgAAEgQ0AAAkCGgAAEgQ0AAAkCCgAQAgQUADAECCgAYAgAQBDQAACQIaAAAS
BDQAACQIaAAASBDQAACQIKABACBBQAMAQIKABgCABAENAAAJAhoAABIENAAAJAhoAABIENAAAJAg
oAEAIEFAAwBAgoAGAIAEAQ0AAAkCGgAAEgQ0AAAkCGgAAEgQ0AAAkCCgAQAgQUADAECCgAYAgAQB
DQAACQIaAAASBDQAACQIaAAASBDQAACQIKABACBBQAMAQIKABgCABAENAAAJAhoAABIENAAAJAho
AABIENAAAJAgoAEAIEFAAwBAgoAGAIAEAQ0AAAkCGgAAEgQ0AAAkCGgAAEgQ0AAAkCCgAQAgQUAD
AECCgAYAgAQBDQAACQIaAAASBDQAACQIaAAASBDQAACQIKABACBBQAMAQIKABgCABAENAAAJAhoA
ABIENAAAJAhoAABIENAAAJAgoAEAIEFAAwBAgoAGAIAEAQ0AAAkCGgAAEgQ0AAAkCGgAAEgQ0AAA
kCCgAQAgQUADAECCgAYAgAQBDQAACQIaAAASBDQAACQIaAAASBDQAACQIKABACBBQAMAQIKABgCA
BAENAAAJAhoAABIENAAAJAhoAABIENAAAJAgoAEAIEFAAwBAgoAGAIAEAQ0AAAkCGgAAEgQ0AAAk
CGgAAEgQ0AAAkCCgAQAgQUADAECCgAYAgAQBDQAACQIaAAASBDQAACQIaAAASBDQAACQIKABACBB
QAMAQIKABgCABAENAAAJAhoAABIENAAAJAhoAABIENAAAJAgoAEAIEFAAwBAgoAGAIAEAQ0AAAkC
GgAAEgQ0AAAkCGgAAEgQ0AAAkCCgAQAgQUADAECCgAYAgAQBDQAACQIaAAASBDQAACQIaAAASBDQ
AACQIKABACBBQAMAQIKABgCABAENAAAJAhoAABIENAAAJAhoAABIENAAAJAgoAEAIEFAAwBAgoAG
AIAEAQ0AAAkCGgAAEgQ0AAAkCGgAAEgQ0AAAkCCgAQAgQUADAECCgAYAgAQBDQAACQIaAAASBDQA
ACQIaAAASBDQAACQIKABACBBQAMAQIKABgCABAENAAAJAhoAABIENAAAJAhoAABIENAAAJAgoAEA
IEFAAwBAgoAGAIAEAQ0AAAkCGgAAEgQ0AAAkCGgAAEgQ0AAAkCCgAQAgQUADAECCgAYAgAQBDQAA
CQIaAAASBDQAACQIaAAASBDQAACQIKABACBBQAMAQIKABgCABAENAAAJAhoAABIENAAAJAhoAABI
ENAAAJAgoAEAIEFAAwBAgoAGAIAEAQ0AAAkCGgAAEgQ0AAAkCGgAAEgQ0AAAkCCgAQAgQUADAECC
gAYAgAQBDQAACQIaAAASBDQAACQIaAAASBDQAACQIKABACBBQAMAQIKABgCABAENAAAJAhoAABIE
NAAAJAhoAABIENAAAJAgoAEAIEFAAwBAgoAGAIAEAQ0AAAkCGgAAEgQ0AAAkCGgAAEgQ0AAAkCCg
AQAgQUADAECCgAYAgAQBDQAACQIaAAASBDQAACQIaAAASBDQAACQIKABACBBQAMAQIKABgCABAEN
AAAJAhoAABIENAAAJAhoAABIENAAAJAgoAEAIEFAAwBAgoAGAIAEAQ0AAAkCGgAAEgQ0AAAkCGgA
AEgQ0AAAkCCgAQAgQUADAECCgAYAgAQBDQAACQIaAAASBDQAACQIaAAASBDQAACQIKABACBBQAMA
QIKABgCABAENAAAJAhoAABIENAAAJAhoAABIENAAAJAgoAEAIEFAAwBAgoAGAIAEAQ0AAAkCGgAA
EgQ0AAAkCGgAAEgQ0AAAkCCgAQAgQUADAECCgAYAgAQBDQAACQIaAAASBDQAACQIaAAASBDQAACQ
IKABACBBQAMAQIKABgCABAENAAAJAhoAABIENAAAJAhoAABIENAAAJAgoAEAIEFAAwBAgoAGAIAE
AQ0AAAkCGgAAEgQ0AAAkCGgAAEgQ0AAAkCCgAQAgQUADAECCgAYAgAQBDQAACQIaAAASBDQAACQI
aAAASBDQAACQIKABACBBQAMAQIKABgCABAENAAAJAhoAABIENAAAJAhoAABIENAAAJAgoAEAIEFA
AwBAgoAGAIAEAQ0AAAkCGgAAEgQ0AAAkCGgAAEgQ0AAAkCCgAQAgQUADAECCgAYAgAQBDQAACQIa
AAASBDQAACQIaAAASBDQAACQIKABACBBQAMAQIKABgCABAENAAAJAhoAABIENAAAJAhoAABIENAA
AJAgoAEAIEFAAwBAgoAGAIAEAQ0AAAkCGgAAEgQ0AAAkCGgAAEgQ0AAAkCCgAQAgQUADAECCgAYA
gAQBDQAACQIaAAASBDQAACQIaAAASBDQAACQIKABACBBQAMAQIKABgCAhLqBXoCMoiiitbU12tra
BnpRALaopqYmamtro1QqDcj7214CQ8VAby97YsgEdFtbW6xbty4aVq+OxsbGKIpioBcJoEulUilG
jRoV43fZJcaOHRs1Nf37yz7bS2CoGOjtZU8NiYAuiiLWrlsXL7zwgh0BMOgVRRGvvPJKNDY2xm4R
MW7cuH47slIURaxbty6et70EhoDq7eWrImLnftxebo9Bn/lFUURzc3OsbmiwMwCGlKIoomH16mhp
aem392xpaYmG1attL4EhpSiKWN3QEM3NzUNi+zWoA7ooiso4vsampoFeHIC0xsbGaG1t7ZcdQmV7
2djY5+8F0Nsam5oq28vBHtGDNqDbf3htbW39tvMB6G3t27G+3iFUbzNtL4GhqPrLz4M9ogd1QLe1
tUVbW1u//voToLf1V9S2bzcBhqqWlpZK/wnopPYfWPsnEQENDGXVO4O+2CFUH30W0MBQ1tLS0mnk
wWCN6EEZ0BGbD+EAGKr6Y0xf9XdGAIYqQzi2k4AGdhT9tSMY7DscgK0R0L1gMP/gAADoG4O9AQd1
QAMAwGAjoAEAIEFAAwBAgoAGAIAEAQ0AAAkCGgAAEgQ0AAAkCGgAAEgQ0AAAkCCgAQAgQUADAECC
gAYAgAQBDQAACQIaAAAS6gZ6Aeh/K1asiHM++MGIiHj3e94TH/rQh7b4+hdeeCGuuvLKuPvuuyMi
4thjj42IiFGjR0d9fX3sv//+ccABB8T48eP7ZPq+XLfutC9zV2pqamLChAmx++TJcdBBB8W+++4b
pVKp23kVRRGPPfpo3HvvvfHYY4/FypUrY9KkSTFl6tQ48sgj46ijjoq6uq7/KV76d38Xra2tERHx
1xdcEKNHj95s+Wpra+Ovzjsvdtllly7n0dDQEN/5p3+KiIhdxo+PT37ykxER8cjDD8dNN9202evb
/z9FREydOjV22223Ts+/YcaMmDNnTrfrCwxuRVHEQwsXxvz58+PJJ58sb5N23TX23HPPOOyww+Lo
o4+OSZMmbXUePdmuVW+7JkyYEOd94hN9so7Q1wT0MHRPVSBd+2//Fqecckrsvvvu3b6+8ZVXOkVV
9e12u+yyS5z5gQ/EqaeeGrW1tb06fUZ23bqz6TJvyaxZs+IjH/1olx8A1q9fH5d/5ztx++23d3p8
5cqVsXLlyvj1nXfGtOnT46KLLorJkydvNv38+fOjsbExIiL+z2c+0+3yTayvj3PPPbfL5Wtpaam8
dt999608/seGhq2u4+LFi2Px4sWdHhs/YcIWpwEGr4aGhvjmN78ZDyxY0Onx51aujOdWroyHFi6M
n/7kJ/GZ88+Pww47rMt5bM92rbW1tbLdmTZtWi+uGfQvAT3MtLS0xNxbbun02P3z58dpiSOK73rX
uyIiorGpKZ5dtiweffTRWL16dfzzFVfEM888E5/+9Ke3GMHbO31frltX6uvr44QTTqjcbyuKePGF
F2L+/PnR1NQUt956a7z00kvx5a98JUaNGtVpef7+0ktjwcYd1cSJE2PWrFkxefLk+GNDQ9w1b148
++yzseipp+LCz342vvXtb0d9fX2PlvH6n/88jj322Jg+ffo2TzN58uTK/4tq1113XeX2scceu9kO
sDrCgaGjsbExvvLlL8cTTzwRERF77LFHnDR7dkyePDk2bNgQDy1cGHfffXe8/PLL8dWLL47LLrss
pkyd2mke27tdq962jxg5sh/WGvqGgB5mHn/88Xhu5cpOj918883x9ne8I2pqtj4kftq0afHhj3yk
02O/+93v4h//4R9i0aJFccvcubHXXnvFu9/97j6Zfku2d926s/vuu2+2zBER//u//xsXf+UrsXTp
0nj44Yfj17/+dZx44omV52/61a8qO5k3vvGN8bef/3ynHckZZ5wRV115Zdx4442xcuXK+P73vhd/
89nP9ng5r/zud+Obl10WI7dxpzR9+vQug3v+/PmxYsWKiIj4q/POi4kTJ/Z4mYDB44Zf/KISz296
05vii1/6Uuy8886V50888cS44YYb4orLL4+mpqb40TXXxCWXXNJpiNr2bteqA3rkiBF9tq7Q13yJ
cJiZN29eRESMGjUqztk4PnjZsmWb/Zo+47WvfW188UtfqmxEf3zNNfHCCy/02/Tt+mLdtmT33Xfv
NMb6zjvuqNx+5ZVXKkdya2tr4zPnn7/Z0eVRo0bFx849N/bZZ5+IiLj99ttj+bPP9nh5Fi9eHDfe
eGOPpwd2XBs2bIjrr7++cv8Tn/xkp3hud+qpp8bUjUedH1q4MFZWHZToje1apyPQApohTEAPIw0N
DXHHxjFrxx13XJwwc2bluW0d79udSZMmxRl//ucREdHU1BR33XVXv07fl+u2JftPmVK5/fTTT0dR
FBER8dRTT8Xzzz8fERFvectbYs899+xy+lGjRsXJp5xSuf/gwoXpZdh7770rO6urf/CDTjs8gIiI
pUuXxqpVqyIi4ogjjoi99967y9fV1NTEe9773njvxj/t38GI6J3tWvUXC7f1t2UwGAnoYeTBBx+M
pqamiIg48qijYtdXvSqOOOKIiIi49ZZbYv369ds1/wMPPLBy+5GHH+7X6ft63brT0tJSuT1q9OjK
rzqfXrq08vgbDzhgi/OYUhXhTz35ZHoZxo4dW/kCYWNjY3z/e9+rhDxARMSzy5ZVbs+YMWOLrz3y
yCPjg+ecEx8855x47WtfW3m8N7Zr1QHd3dmHYCgQ0MPIbbfeGhER48aNize96U0R0XFKubVr18ZD
Dz20XfOv/rLZkiVL+nX6vl637jxcNd9pVV+2efHFFyu3X/WqV21xHrtWnS7queee69FyHPzmN8dJ
s2dHRMS9994b995zT4/mA+yY/vjHP1Zu77qVbVJ3emO7ZggHOwoBPUwsf/bZ+M1vfhMRETNnzowx
Y8ZERMSbDzmkskG7Y5NTEmW1n6M4ImL16tWVI8J9PX1fr9uaNWuisbGx058XX3wxbr311rjiiisq
r3vrrFmV22vXru1Yr6ozc3RlZNXz1TuorLPOOqvyhb+rrroqGhoaejwvYMdS/Vu4TYdOtLS0xNq1
a7v809zcXHldb2zXqgO6TkAzhPn9yTBx7333VW63D22IKJ/I/phjjol58+bF/fffHytXrow99tij
R++x6cVEssMIejp9X6/bihUr4tSq8XxdmTNnThx++OGV+21Vy17ayhlAqte7/aIpPTFp0qT48Ic/
HN/4xjfi+eefj5/99Kdx7sc/3uP5ATuO6u3pppd9WrJkSXz6U5/qcroLL7oojj/++Ijone1aqVSK
UaNGRWNjY4wwhIMhzBHoYaC5uTlumTs3IsrnNH7DJuPfjtk41CGifN7kntqwYUPl9pgxY9JfEOnJ
9P21bt3Zf//943Of+1yc+/GPd9ph7LTTTpXbTVVfwulK9ZH27T1l3PEzZ8YhhxwSERHXEl9jBAAA
CbBJREFUX399PNmDMdXAjqf9N3MRkf7tYLve2q61z8cRaIYyH/+Ggccfeyz+53/+JyIiVq1aFdf/
/Oednq8eG3fz3Llx2pw5PbqQyUsvvVS5vc8++2zx8ta9NX1/rdsll1zScadUirFjx0Z9fX2XVw+M
6LzDWPXyy1ucd0PVMvbkqonVamtr46Mf+1j893//d7S2tsZVV14ZF1500XbNExj6dqm6Umr1tjai
fCrRH/zgB5X7v/zlL+MXv/jFZvPore1a+wWnHIFmKPO3dxhoPz9yu6uvvrrb1/5++fJYtGjRVr+l
3ZUnHn+8cvuggw/ul+n7Y92mTZsWf3rooalpXlf1zfWlS5Z0upLhppZVfTu+Ny5tu88++8QHzjor
fnj11bF48eL4z6pzvwLDU/upLiMinnzyyXjnGWdU7o8ePTr2+pM/qdyvju1qvbVdO/TQQ2PNmjWx
5157bfsKwCAjoHdwDQ0Nceedd1buT5s+PUZ1MTSi/Ut4ERF33XVXOjLXr18f//7v/165f9RRR/X5
9P21bj0x/Q1vqIzzu+OOO+J9739/jO9ip1QURdxRdQGWAw86qFfef86cOXHXvHmxbNmyuOGGG3pl
nsDQNWXKlBg3blysXbs27r333vjDH/7Q7Xmcu9Nb27XzPvGJnq0EDCICegf3wAMPVMaivf/MM+Ps
s8/u8nUbNmyI97/vfbF27dq49ZZb4uyzz45x48Zt03usXbs2vv3tb1cu4PHWWbPi9a9//TYvY0+n
749166kJEybEaaedFtdee22sXr06/vX7349PfupTm5339Oabb66cYm/a9Om9FvdjxoyJj517bly4
HZcGB3YcY8eOjdPf+c645kc/ioiIf77iivj8F77QaWx0u8ZXXulyHgO9XYPBREDv4G7deH7kiIjD
Dzus29eNGTMmZs6cGTfccENs2LAhHlq4MN5y3HGbvW7RokVxz8ZzDG/YsCH+sGJFzJ07N17eOB5u
/ylT4uNbOPPD9k7fl+vW2979nvfE/QsWxO+XL4+5c+fG888/HyefckrstttusW7t2rhv/vz4r1/+
MiLKY5fPO++8qNnKN9szDj744Jh98slx069+1WvzBIau008/Pe6fPz+WLl0aCxcujAsuuCDe9a53
xWte85oYMWJErFq1Kh5YsCCuvfbayjSjNjld3fZu11paWuKKyy+Phx9+ON55xhnxjne8o39WHnqZ
gN6BLVu2LB579NGIKF/u+fX777/F1x9x5JGVX/ffdttt3UbmVy++uMvHTzjhhPj4X/7lVo/ubu/0
EX23br1p3LhxcfHFF8dXL744nnnmmXjkkUfikUce2ex1Y8aMiS988Yupo/bb6qyzzor758+vfEAB
hq+ddtopvvTlL8cll1wSi556Kpb89rfxta9+tdvXn3322Z1ODRqx/du15cuXx682fqi/4vLL4+ST
T3ZFQoYkf2t3YPdVnR955syZWz26OWPGjKivr49Vq1bFwoULY8WKFbHXFr7kUV9fH3vsuWcccMAB
ccThh8eUqivxbYvtmb6v16237LHHHnHZt74VN990U9w8d278fvnyynPjx4+PmSecEHPmzNnus290
p76+Pj78kY/EN77+9T6ZPzC07LbbbvH1r389br/ttrh57txY8tvfdnp+0q67xjFHHx1vO/HEeN3r
XtflPLZnu/bqV786pk6dGosXL46TZs8WzwxZpaamptzVLvpBURTR2toaLS0t0dzcHGvWrIn1VecI
hqGoKIpYtWpVrF27NkaPHh319fUuZTtM1E+cGGPHjo26urqoqalJn+Jxa4qiiLa2tmhpaYl169Zt
9RRj0O7ll1+ONWvWRETETmPGxKRdd039/ezJdq2lpSVWr14dEydO7PV/Cwx9O40ZEzvvvHOMGDEi
6urqora2dlD+PfHRD/pJqVSKSZMmxaRJkwZ6UQAionxu5+25gFNPtmt1dXVRX1/f4/eEwcCVCAEA
IEFAAwBAgoAGAIAEAQ0AAAkCGgAAEgQ0AAAkCGgAAEgQ0AAAkCCgAQAgQUADAECCgAYAgAQBDQAA
CQIaAAASBDQAACQIaAAASBDQAACQIKABACBhSAR0qVSKKIqBXgyAtJqamqip6b9NbX+/H0CvKYpy
8w0BQ2IrW1tbO9CLANAjI0eM6NdtWG1tbYwcMaLf3g+gNw2V5hsSAV0qlWLEiBHR1NgYzc3NUTga
DQxmRRFtra1RioiRI0f2+9uPHDkyShHR1trqt3fAoFYURTQ3N0dTY2OMGDFiyByBrhvoBdhWNTU1
UVdXFxs2bIj169YN9OIAdKu2tjZGjx4dY8aMGZDhFDU1NTFy5MhYt25drF+/PlpbW/t9GQC2VV1d
3YBtL3tqSAR0+6eRmpqaGNHPvw4FyGr/wF8qlSp/+kv1e9bV1cXIkSOjra2t394fIKv6uxuOQG+n
6p1A+86otbU1iqIwhAMY1Ko/7NfU1PRbRFdvM2tra2PExrHQAhoYzNo/8NfV1XXaZg7mmB60AR0R
lZ1AXV1dZQdQW1sroIFBrX1n0J8R3V0819TU2GYCg1r1NrOurq6y3RzMBmVAb3r0uX1n0P4DtjMA
BrNSqVT58N++M2iP576I6FKpFMXG0z9VH2Ro/+2dbSYwmFWPNtj0oMNgPQo9KAM6ouOHWX2/trbW
ryKBIaH9w3/7zqB9h9BXqreZ7eOva2pqbDOBIaF9O1m93Rys8RwxyAM6IjoNKjf+GRgq2gO2+r99
HdARnbeZhm8AQ0X1yIP+/O5ITw3agI7ovENoD2iAoaB6yEZ/fokwomPcs4AGhpLq7eVgjueIQR7Q
EZ13QhFhZwAMCdUb//4+jV31f20zgaFgoLaZPTXoAzpi6P1QAQaSbSZA3xrc5wgBAIBBRkADAECC
gAYAgAQBDQAACQIaAAASBDQAACQIaAAASBDQAACQIKABACBBQAMAQIKABgCABAENAAAJAhoAABIE
NAAAJJRKpVIx0AsBAABDhSPQAACQIKABACBBQAMAQIKABgCABAENAAAJAhoAABIENAAAJAhoAABI
ENAAAJBQN9ALAPSv/fbbL6ZNmxbjx48f6EWBIa+hoSEWLVoUTz/99EAvCtCPXMobhpH99tsvDj/8
8IFeDNjhLFiwQETDMGIIBwwj06ZNG+hFgB2Sf1swvAhoGEYM24C+4d8WDC8CGoaRhoaGgV4E2CH5
twXDi4CGYWTRokUDvQiwQ/JvC4YXZ+GAYaT9S07OwgG9w1k4YHhyFg4AAEgwhAMAABIENAAAJAho
AABIENAAAJAgoAEAIEFAAwBAgoAGAIAEAQ0AAAn/H8KS5W6+bXkdAAAAAElFTkSuQmCC
" width="800px"&gt;</msg>
<status status="PASS" starttime="20230501 12:45:38.655" endtime="20230501 12:45:39.656"></status>
</kw>
<msg timestamp="20230501 12:45:39.656" level="INFO">criteria is ru.gavrikov.mocklocations:id/input_name_route_editText
criteria is ru.gavrikov.mocklocations:id/input_name_route_editText
criteria is ru.gavrikov.mocklocations:id/input_name_route_editText
criteria is ru.gavrikov.mocklocations:id/input_name_route_editText
criteria is ru.gavrikov.mocklocations:id/input_name_route_editText
criteria is ru.gavrikov.mocklocations:id/input_name_route_editText
criteria is ru.gavrikov.mocklocations:id/input_name_route_editText
criteria is ru.gavrikov.mocklocations:id/input_name_route_editText
criteria is ru.gavrikov.mocklocations:id/input_name_route_editText
criteria is ru.gavrikov.mocklocations:id/input_name_route_editText
criteria is ru.gavrikov.mocklocations:id/input_name_route_editText
criteria is ru.gavrikov.mocklocations:id/input_name_route_editText
criteria is ru.gavrikov.mocklocations:id/input_name_route_editText
criteria is ru.gavrikov.mocklocations:id/input_name_route_editText
criteria is ru.gavrikov.mocklocations:id/input_name_route_editText</msg>
<msg timestamp="20230501 12:45:39.657" level="FAIL">Element 'id=ru.gavrikov.mocklocations:id/input_name_route_editText' did not appear in 5 seconds</msg>
<status status="FAIL" starttime="20230501 12:45:33.378" endtime="20230501 12:45:39.657"></status>
</kw>
<status status="FAIL" starttime="20230501 12:45:27.149" endtime="20230501 12:45:39.657"></status>
</kw>
<status status="FAIL" starttime="20230501 12:45:03.608" endtime="20230501 12:45:39.657"></status>
</kw>
<status status="FAIL" starttime="20230501 12:44:46.441" endtime="20230501 12:45:39.658" critical="yes">Element 'id=ru.gavrikov.mocklocations:id/input_name_route_editText' did not appear in 5 seconds</status>
</test>
<status status="FAIL" starttime="20230501 12:44:46.292" endtime="20230501 12:45:39.659"></status>
</suite>
<statistics>
<total>
<stat pass="0" fail="1">Critical Tests</stat>
<stat pass="0" fail="1">All Tests</stat>
</total>
<tag>
</tag>
<suite>
<stat pass="0" fail="1" id="s1" name="004 DriverNewTrip">004 DriverNewTrip</stat>
</suite>
</statistics>
<errors>
<msg timestamp="20230501 12:44:46.434" level="ERROR">Error in file 'C:\Users\mohamed.ali\PycharmProjects\Android_Project\Resources\Driver-res.robot' on line 5: Importing test library 'Swiping' failed: ModuleNotFoundError: No module named 'Swiping'
Traceback (most recent call last):
  None
PYTHONPATH:
  C:\Users\mohamed.ali\AppData\Local\Programs\Python\Python311\Scripts\robot.exe
  C:\Users\mohamed.ali\AppData\Local\Programs\Python\Python311\python311.zip
  C:\Users\mohamed.ali\AppData\Local\Programs\Python\Python311\DLLs
  C:\Users\mohamed.ali\AppData\Local\Programs\Python\Python311\Lib
  C:\Users\mohamed.ali\AppData\Local\Programs\Python\Python311
  C:\Users\mohamed.ali\AppData\Local\Programs\Python\Python311\Lib\site-packages</msg>
<msg timestamp="20230501 12:45:18.807" level="WARN">Keyword 'AppiumLibrary.Long Press' is deprecated. Since selenium v4, use other keywords.</msg>
<msg timestamp="20230501 12:45:23.486" level="WARN">Keyword 'AppiumLibrary.Long Press' is deprecated. Since selenium v4, use other keywords.</msg>
</errors>
</robot>
